2019-04-25 07:41:13 +0000 [MT] Initial pipeline context: <IDEDistributionProcessingPipelineContext: 0x7fbff73257b0; archive(resolved)='<IDEArchive: 0x7fbff6f50250>', distributionTask(resolved)='2', distributionDestination(resolved)='1', distributionMethod(resolved)='<IDEDistributionMethodDevelopmentSigned: 0x7fbff6e6d820>', team(resolved)='<IDEProvisioningBasicTeam: 0x7fbff6fefd00; teamID='KY496XS6J2', teamName='Cameron Riou'>'>
	Chain (11, self inclusive):
	<IDEDistributionProcessingPipelineContext: 0x7fbff73257b0; archive = '<IDEArchive: 0x7fbff6f50250>', distributionMethod='<IDEDistributionMethodDevelopmentSigned: 0x7fbff6e6d820>', team='<IDEProvisioningBasicTeam: 0x7fbff6fefd00; teamID='KY496XS6J2', teamName='Cameron Riou'>'>
	<IDEDistributionProcessingPipelineContext: 0x7fbff70a5c30; archive = '<IDEArchive: 0x7fbff6f50250>', distributionMethod='<IDEDistributionMethodDevelopmentSigned: 0x7fbff6e6d820>', team='<IDEProvisioningBasicTeam: 0x7fbff6fefd00; teamID='KY496XS6J2', teamName='Cameron Riou'>'>
	<IDEDistributionContext: 0x7fbff70a7460; archive = '<IDEArchive: 0x7fbff6f50250>', distributionMethod='<IDEDistributionMethodDevelopmentSigned: 0x7fbff6e6d820>', team='<IDEProvisioningBasicTeam: 0x7fbff6fefd00; teamID='KY496XS6J2', teamName='Cameron Riou'>'>
	<IDEDistributionContext: 0x7fbff70879a0; archive = '<IDEArchive: 0x7fbff6f50250>', distributionMethod='<IDEDistributionMethodDevelopmentSigned: 0x7fbff6e6d820>', team='<IDEProvisioningBasicTeam: 0x7fbff6fefd00; teamID='KY496XS6J2', teamName='Cameron Riou'>'>
	<IDEDistributionContext: 0x7fbff70a1380; archive = '<IDEArchive: 0x7fbff6f50250>', distributionMethod='<IDEDistributionMethodDevelopmentSigned: 0x7fbff6e6d820>', team='<IDEProvisioningBasicTeam: 0x7fbff6fefd00; teamID='KY496XS6J2', teamName='Cameron Riou'>'>
	<IDEDistributionContext: 0x7fbff724e6a0; archive = '<IDEArchive: 0x7fbff6f50250>', distributionMethod='<IDEDistributionMethodDevelopmentSigned: 0x7fbff6e6d820>', team='<IDEProvisioningBasicTeam: 0x7fbff6fefd00; teamID='KY496XS6J2', teamName='Cameron Riou'>'>
	<IDEDistributionContext: 0x7fbff7131200; archive = '<IDEArchive: 0x7fbff6f50250>', distributionMethod='<IDEDistributionMethodDevelopmentSigned: 0x7fbff6e6d820>', team='<IDEProvisioningBasicTeam: 0x7fbff6fefd00; teamID='KY496XS6J2', teamName='Cameron Riou'>'>
	<IDEDistributionContext: 0x7fbff707b400; archive = '<IDEArchive: 0x7fbff6f50250>', distributionMethod='<IDEDistributionMethodDevelopmentSigned: 0x7fbff6e6d820>', team='<IDEProvisioningBasicTeam: 0x7fbff6fefd00; teamID='KY496XS6J2', teamName='Cameron Riou'>'>
	<IDEDistributionContext: 0x7fbff6dc8a10; archive = '<IDEArchive: 0x7fbff6f50250>', distributionMethod='<IDEDistributionMethodDevelopmentSigned: 0x7fbff6e6d820>', team='<IDEProvisioningBasicTeam: 0x7fbff6fefd00; teamID='KY496XS6J2', teamName='Cameron Riou'>'>
	<IDEDistributionContext: 0x7fbff6e780d0; archive = '<IDEArchive: 0x7fbff6f50250>', distributionMethod='<IDEDistributionMethodDevelopmentSigned: 0x7fbff6e6d820>', team='(null)'>
	<IDEDistributionContext: 0x7fbff6f431d0; archive = '<IDEArchive: 0x7fbff6f50250>', distributionMethod='(null)', team='(null)'>
</IDEDistributionProcessingPipelineContext: 0x7fbff73257b0>
2019-04-25 07:41:13 +0000 [MT] Processing step: IDEDistributionCreateDestRootStep
2019-04-25 07:41:13 +0000 [MT] Processing step: IDEDistributionCopyItemStep
2019-04-25 07:41:13 +0000 [MT] Running /usr/bin/ditto '-V' '/Users/cameronriou/Desktop/TumainiFund/TechDay/TumainiFund/platforms/ios/build/Release-iphoneos/TumainiFund.xcarchive/Products/Applications/TumainiFund.app' '/var/folders/gz/_bncyw7n6qd269vhjsdj81d40000gn/T/XcodeDistPipeline.~~~PqLEu9/Root/Payload/TumainiFund.app'
2019-04-25 07:41:13 +0000  >>> Copying /Users/cameronriou/Desktop/TumainiFund/TechDay/TumainiFund/platforms/ios/build/Release-iphoneos/TumainiFund.xcarchive/Products/Applications/TumainiFund.app 
2019-04-25 07:41:13 +0000  copying file ./_CodeSignature/CodeResources ... 
2019-04-25 07:41:13 +0000  39199 bytes for ./_CodeSignature/CodeResources
2019-04-25 07:41:13 +0000  copying file ./close_drawer.png ... 
2019-04-25 07:41:13 +0000  1635 bytes for ./close_drawer.png
2019-04-25 07:41:13 +0000  copying file ./@3xclose_drawer.png ... 
2019-04-25 07:41:13 +0000  6186 bytes for ./@3xclose_drawer.png
2019-04-25 07:41:13 +0000  copying file ./LaunchImage@2x.png ... 
2019-04-25 07:41:13 +0000  21981 bytes for ./LaunchImage@2x.png
2019-04-25 07:41:13 +0000  copying file ./menuIcon.png ... 
2019-04-25 07:41:13 +0000  1362 bytes for ./menuIcon.png
2019-04-25 07:41:13 +0000  copying file ./@2xrightArrow.png ... 
2019-04-25 07:41:13 +0000  3828 bytes for ./@2xrightArrow.png
2019-04-25 07:41:13 +0000  copying file ./en.lproj/InfoPlist.strings ... 
2019-04-25 07:41:13 +0000  42 bytes for ./en.lproj/InfoPlist.strings
2019-04-25 07:41:13 +0000  copying file ./@3xrightArrow.png ... 
2019-04-25 07:41:13 +0000  6164 bytes for ./@3xrightArrow.png
2019-04-25 07:41:13 +0000  copying file ./app/bundle.js ... 
2019-04-25 07:41:13 +0000  94998 bytes for ./app/bundle.js
copying file ./app/vendor.js ... 
2019-04-25 07:41:13 +0000  1914775 bytes for ./app/vendor.js
2019-04-25 07:41:13 +0000  copying file ./app/package.json ... 
2019-04-25 07:41:13 +0000  134 bytes for ./app/package.json
copying file ./app/starter.js ... 
2019-04-25 07:41:13 +0000  39 bytes for ./app/starter.js
2019-04-25 07:41:13 +0000  copying file ./app/assets/images/close_drawer.png ... 
2019-04-25 07:41:13 +0000  1932 bytes for ./app/assets/images/close_drawer.png
copying file ./app/assets/images/menuIcon.png ... 
2019-04-25 07:41:13 +0000  1655 bytes for ./app/assets/images/menuIcon.png
copying file ./app/assets/images/userImg.png ... 
2019-04-25 07:41:13 +0000  2060 bytes for ./app/assets/images/userImg.png
copying file ./app/assets/images/rightArrow.png ... 
2019-04-25 07:41:13 +0000  2399 bytes for ./app/assets/images/rightArrow.png
copying file ./app/assets/images/homeLogo.png ... 
2019-04-25 07:41:13 +0000  45787 bytes for ./app/assets/images/homeLogo.png
copying file ./app/assets/images/logo.png ... 
2019-04-25 07:41:13 +0000  13656 bytes for ./app/assets/images/logo.png
2019-04-25 07:41:13 +0000  copying file ./AppIcon29x29.png ... 
2019-04-25 07:41:13 +0000  632 bytes for ./AppIcon29x29.png
copying file ./build.xcconfig ... 
2019-04-25 07:41:13 +0000  563 bytes for ./build.xcconfig
copying file ./userImg.png ... 
2019-04-25 07:41:13 +0000  1643 bytes for ./userImg.png
2019-04-25 07:41:13 +0000  copying file ./LaunchImage-568h@2x.png ... 
2019-04-25 07:41:13 +0000  22664 bytes for ./LaunchImage-568h@2x.png
copying file ./@2xclose_drawer.png ... 
2019-04-25 07:41:13 +0000  4329 bytes for ./@2xclose_drawer.png
copying file ./AppIcon60x60@2x.png ... 
2019-04-25 07:41:13 +0000  3751 bytes for ./AppIcon60x60@2x.png
copying file ./TumainiFund ... 
2019-04-25 07:41:14 +0000  9667552 bytes for ./TumainiFund
2019-04-25 07:41:14 +0000  copying file ./AppIcon29x29@2x.png ... 
2019-04-25 07:41:14 +0000  1509 bytes for ./AppIcon29x29@2x.png
2019-04-25 07:41:14 +0000  copying file ./LaunchImage-800-667h@2x.png ... 
2019-04-25 07:41:14 +0000  32694 bytes for ./LaunchImage-800-667h@2x.png
2019-04-25 07:41:14 +0000  copying file ./LaunchImage-Portrait@2x~ipad.png ... 
2019-04-25 07:41:14 +0000  90562 bytes for ./LaunchImage-Portrait@2x~ipad.png
2019-04-25 07:41:14 +0000  copying file ./AppIcon40x40@3x.png ... 
2019-04-25 07:41:14 +0000  3751 bytes for ./AppIcon40x40@3x.png
2019-04-25 07:41:14 +0000  copying file ./@1xrightArrow.png ... 
2019-04-25 07:41:14 +0000  1845 bytes for ./@1xrightArrow.png
2019-04-25 07:41:14 +0000  copying file ./AppIcon29x29~ipad.png ... 
2019-04-25 07:41:14 +0000  632 bytes for ./AppIcon29x29~ipad.png
2019-04-25 07:41:14 +0000  copying file ./AppIcon40x40@2x.png ... 
2019-04-25 07:41:14 +0000  2413 bytes for ./AppIcon40x40@2x.png
2019-04-25 07:41:14 +0000  copying file ./LaunchImage-Portrait~ipad.png ... 
2019-04-25 07:41:14 +0000  32035 bytes for ./LaunchImage-Portrait~ipad.png
2019-04-25 07:41:14 +0000  copying file ./rightArrow.png ... 
2019-04-25 07:41:14 +0000  1845 bytes for ./rightArrow.png
2019-04-25 07:41:14 +0000  copying file ./AppIcon29x29@3x.png ... 
2019-04-25 07:41:14 +0000  2649 bytes for ./AppIcon29x29@3x.png
copying file ./@3xuserImg.png ... 
2019-04-25 07:41:14 +0000  6194 bytes for ./@3xuserImg.png
2019-04-25 07:41:14 +0000  copying file ./@1xhomeLogo.png ... 
2019-04-25 07:41:14 +0000  36863 bytes for ./@1xhomeLogo.png
2019-04-25 07:41:14 +0000  copying file ./AppIcon60x60@3x.png ... 
2019-04-25 07:41:14 +0000  6019 bytes for ./AppIcon60x60@3x.png
2019-04-25 07:41:14 +0000  copying file ./homeLogo.png ... 
2019-04-25 07:41:14 +0000  36863 bytes for ./homeLogo.png
2019-04-25 07:41:14 +0000  copying file ./LaunchImage-Landscape~ipad.png ... 
2019-04-25 07:41:14 +0000  32025 bytes for ./LaunchImage-Landscape~ipad.png
2019-04-25 07:41:14 +0000  copying file ./LaunchImage-700-Portrait~ipad.png ... 
2019-04-25 07:41:14 +0000  32035 bytes for ./LaunchImage-700-Portrait~ipad.png
2019-04-25 07:41:14 +0000  copying file ./@3xhomeLogo.png ... 
2019-04-25 07:41:14 +0000  186445 bytes for ./@3xhomeLogo.png
copying file ./@1xclose_drawer.png ... 
2019-04-25 07:41:14 +0000  1635 bytes for ./@1xclose_drawer.png
2019-04-25 07:41:14 +0000  copying file ./Assets.car ... 
2019-04-25 07:41:14 +0000  208568 bytes for ./Assets.car
2019-04-25 07:41:14 +0000  copying file ./AppIcon40x40@2x~ipad.png ... 
2019-04-25 07:41:14 +0000  2413 bytes for ./AppIcon40x40@2x~ipad.png
2019-04-25 07:41:14 +0000  copying file ./AppIcon76x76@2x~ipad.png ... 
2019-04-25 07:41:14 +0000  4908 bytes for ./AppIcon76x76@2x~ipad.png
2019-04-25 07:41:14 +0000  copying file ./LaunchImage-800-Portrait-736h@3x.png ... 
2019-04-25 07:41:14 +0000  68241 bytes for ./LaunchImage-800-Portrait-736h@3x.png
2019-04-25 07:41:14 +0000  copying file ./LaunchImage-700@2x.png ... 
2019-04-25 07:41:14 +0000  21981 bytes for ./LaunchImage-700@2x.png
2019-04-25 07:41:14 +0000  copying file ./AppIcon83.5x83.5@2x~ipad.png ... 
2019-04-25 07:41:14 +0000  5477 bytes for ./AppIcon83.5x83.5@2x~ipad.png
copying file ./LaunchImage-700-568h@2x.png ... 
2019-04-25 07:41:14 +0000  22664 bytes for ./LaunchImage-700-568h@2x.png
copying file ./LaunchImage-Landscape@2x~ipad.png ... 
2019-04-25 07:41:14 +0000  91615 bytes for ./LaunchImage-Landscape@2x~ipad.png
2019-04-25 07:41:14 +0000  copying file ./LaunchScreen.storyboardc/01J-lp-oVM-view-Ze5-6b-2t3.nib ... 
2019-04-25 07:41:14 +0000  2612 bytes for ./LaunchScreen.storyboardc/01J-lp-oVM-view-Ze5-6b-2t3.nib
2019-04-25 07:41:14 +0000  copying file ./LaunchScreen.storyboardc/UIViewController-01J-lp-oVM.nib ... 
2019-04-25 07:41:14 +0000  832 bytes for ./LaunchScreen.storyboardc/UIViewController-01J-lp-oVM.nib
2019-04-25 07:41:14 +0000  copying file ./LaunchScreen.storyboardc/Info.plist ... 
2019-04-25 07:41:14 +0000  258 bytes for ./LaunchScreen.storyboardc/Info.plist
2019-04-25 07:41:14 +0000  copying file ./@1xuserImg.png ... 
2019-04-25 07:41:14 +0000  1643 bytes for ./@1xuserImg.png
copying file ./@2xhomeLogo.png ... 
2019-04-25 07:41:14 +0000  107105 bytes for ./@2xhomeLogo.png
copying file ./AppIcon29x29@2x~ipad.png ... 
2019-04-25 07:41:14 +0000  1509 bytes for ./AppIcon29x29@2x~ipad.png
copying file ./@2xuserImg.png ... 
2019-04-25 07:41:14 +0000  3254 bytes for ./@2xuserImg.png
copying file ./LaunchImage-700-Landscape@2x~ipad.png ... 
2019-04-25 07:41:14 +0000  91615 bytes for ./LaunchImage-700-Landscape@2x~ipad.png
copying file ./AppIcon40x40~ipad.png ... 
960 bytes for ./AppIcon40x40~ipad.png
2019-04-25 07:41:14 +0000  copying file ./Frameworks/NativeScript.framework/_CodeSignature/CodeResources ... 
2019-04-25 07:41:14 +0000  1798 bytes for ./Frameworks/NativeScript.framework/_CodeSignature/CodeResources
2019-04-25 07:41:14 +0000  copying file ./Frameworks/NativeScript.framework/NativeScript ... 
2019-04-25 07:41:14 +0000  25617488 bytes for ./Frameworks/NativeScript.framework/NativeScript
2019-04-25 07:41:14 +0000  copying file ./Frameworks/NativeScript.framework/Info.plist ... 
757 bytes for ./Frameworks/NativeScript.framework/Info.plist
2019-04-25 07:41:14 +0000  copying file ./Frameworks/TNSSideDrawer.framework/_CodeSignature/CodeResources ... 
2019-04-25 07:41:14 +0000  1798 bytes for ./Frameworks/TNSSideDrawer.framework/_CodeSignature/CodeResources
2019-04-25 07:41:14 +0000  copying file ./Frameworks/TNSSideDrawer.framework/TNSSideDrawer ... 
2019-04-25 07:41:14 +0000  780720 bytes for ./Frameworks/TNSSideDrawer.framework/TNSSideDrawer
copying file ./Frameworks/TNSSideDrawer.framework/Info.plist ... 
2019-04-25 07:41:14 +0000  717 bytes for ./Frameworks/TNSSideDrawer.framework/Info.plist
2019-04-25 07:41:14 +0000  copying file ./Frameworks/IQKeyboardManager.framework/_CodeSignature/CodeResources ... 
2019-04-25 07:41:14 +0000  4698 bytes for ./Frameworks/IQKeyboardManager.framework/_CodeSignature/CodeResources
2019-04-25 07:41:14 +0000  copying file ./Frameworks/IQKeyboardManager.framework/IQKeyboardManager.bundle/IQButtonBarArrowRight@2x.png ... 
2019-04-25 07:41:14 +0000  1786 bytes for ./Frameworks/IQKeyboardManager.framework/IQKeyboardManager.bundle/IQButtonBarArrowRight@2x.png
copying file ./Frameworks/IQKeyboardManager.framework/IQKeyboardManager.bundle/IQButtonBarArrowUp@3x.png ... 
2019-04-25 07:41:14 +0000  2164 bytes for ./Frameworks/IQKeyboardManager.framework/IQKeyboardManager.bundle/IQButtonBarArrowUp@3x.png
copying file ./Frameworks/IQKeyboardManager.framework/IQKeyboardManager.bundle/IQButtonBarArrowUp@2x.png ... 
2019-04-25 07:41:14 +0000  1769 bytes for ./Frameworks/IQKeyboardManager.framework/IQKeyboardManager.bundle/IQButtonBarArrowUp@2x.png
2019-04-25 07:41:14 +0000  copying file ./Frameworks/IQKeyboardManager.framework/IQKeyboardManager.bundle/IQButtonBarArrowRight@3x.png ... 
1844 bytes for ./Frameworks/IQKeyboardManager.framework/IQKeyboardManager.bundle/IQButtonBarArrowRight@3x.png
copying file ./Frameworks/IQKeyboardManager.framework/IQKeyboardManager.bundle/IQButtonBarArrowLeft@3x.png ... 
2019-04-25 07:41:14 +0000  1815 bytes for ./Frameworks/IQKeyboardManager.framework/IQKeyboardManager.bundle/IQButtonBarArrowLeft@3x.png
2019-04-25 07:41:14 +0000  copying file ./Frameworks/IQKeyboardManager.framework/IQKeyboardManager.bundle/IQButtonBarArrowDown@3x.png ... 
2177 bytes for ./Frameworks/IQKeyboardManager.framework/IQKeyboardManager.bundle/IQButtonBarArrowDown@3x.png
copying file ./Frameworks/IQKeyboardManager.framework/IQKeyboardManager.bundle/IQButtonBarArrowDown@2x.png ... 
2019-04-25 07:41:14 +0000  1764 bytes for ./Frameworks/IQKeyboardManager.framework/IQKeyboardManager.bundle/IQButtonBarArrowDown@2x.png
copying file ./Frameworks/IQKeyboardManager.framework/IQKeyboardManager.bundle/IQButtonBarArrowLeft@2x.png ... 
2019-04-25 07:41:14 +0000  1793 bytes for ./Frameworks/IQKeyboardManager.framework/IQKeyboardManager.bundle/IQButtonBarArrowLeft@2x.png
2019-04-25 07:41:14 +0000  copying file ./Frameworks/IQKeyboardManager.framework/IQKeyboardManager ... 
2019-04-25 07:41:14 +0000  2080368 bytes for ./Frameworks/IQKeyboardManager.framework/IQKeyboardManager
2019-04-25 07:41:14 +0000  copying file ./Frameworks/IQKeyboardManager.framework/Info.plist ... 
2019-04-25 07:41:14 +0000  760 bytes for ./Frameworks/IQKeyboardManager.framework/Info.plist
2019-04-25 07:41:14 +0000  copying file ./Frameworks/sqlitewrapper.framework/_CodeSignature/CodeResources ... 
1798 bytes for ./Frameworks/sqlitewrapper.framework/_CodeSignature/CodeResources
copying file ./Frameworks/sqlitewrapper.framework/Info.plist ... 
721 bytes for ./Frameworks/sqlitewrapper.framework/Info.plist
copying file ./Frameworks/sqlitewrapper.framework/sqlitewrapper ... 
2019-04-25 07:41:14 +0000  168400 bytes for ./Frameworks/sqlitewrapper.framework/sqlitewrapper
2019-04-25 07:41:14 +0000  copying file ./Frameworks/ISMessages.framework/_CodeSignature/CodeResources ... 
2019-04-25 07:41:14 +0000  6074 bytes for ./Frameworks/ISMessages.framework/_CodeSignature/CodeResources
2019-04-25 07:41:14 +0000  copying file ./Frameworks/ISMessages.framework/ISMessages ... 
2019-04-25 07:41:14 +0000  647648 bytes for ./Frameworks/ISMessages.framework/ISMessages
2019-04-25 07:41:14 +0000  copying file ./Frameworks/ISMessages.framework/ISMessages.bundle/isInfoIcon.png ... 
2019-04-25 07:41:14 +0000  2325 bytes for ./Frameworks/ISMessages.framework/ISMessages.bundle/isInfoIcon.png
2019-04-25 07:41:14 +0000  copying file ./Frameworks/ISMessages.framework/ISMessages.bundle/isErrorIcon@3x.png ... 
2019-04-25 07:41:14 +0000  9731 bytes for ./Frameworks/ISMessages.framework/ISMessages.bundle/isErrorIcon@3x.png
2019-04-25 07:41:14 +0000  copying file ./Frameworks/ISMessages.framework/ISMessages.bundle/isWarningIcon@3x.png ... 
2019-04-25 07:41:14 +0000  7766 bytes for ./Frameworks/ISMessages.framework/ISMessages.bundle/isWarningIcon@3x.png
copying file ./Frameworks/ISMessages.framework/ISMessages.bundle/isErrorIcon.png ... 
2019-04-25 07:41:14 +0000  2684 bytes for ./Frameworks/ISMessages.framework/ISMessages.bundle/isErrorIcon.png
2019-04-25 07:41:14 +0000  copying file ./Frameworks/ISMessages.framework/ISMessages.bundle/isWarningIcon@2x.png ... 
2019-04-25 07:41:14 +0000  5474 bytes for ./Frameworks/ISMessages.framework/ISMessages.bundle/isWarningIcon@2x.png
copying file ./Frameworks/ISMessages.framework/ISMessages.bundle/isErrorIcon@2x.png ... 
2019-04-25 07:41:14 +0000  6254 bytes for ./Frameworks/ISMessages.framework/ISMessages.bundle/isErrorIcon@2x.png
2019-04-25 07:41:14 +0000  copying file ./Frameworks/ISMessages.framework/ISMessages.bundle/isSuccessIcon.png ... 
2739 bytes for ./Frameworks/ISMessages.framework/ISMessages.bundle/isSuccessIcon.png
copying file ./Frameworks/ISMessages.framework/ISMessages.bundle/isSuccessIcon@2x.png ... 
2019-04-25 07:41:14 +0000  6576 bytes for ./Frameworks/ISMessages.framework/ISMessages.bundle/isSuccessIcon@2x.png
2019-04-25 07:41:14 +0000  copying file ./Frameworks/ISMessages.framework/ISMessages.bundle/isWarningIcon.png ... 
2019-04-25 07:41:14 +0000  2339 bytes for ./Frameworks/ISMessages.framework/ISMessages.bundle/isWarningIcon.png
copying file ./Frameworks/ISMessages.framework/ISMessages.bundle/isSuccessIcon@3x.png ... 
2019-04-25 07:41:14 +0000  13285 bytes for ./Frameworks/ISMessages.framework/ISMessages.bundle/isSuccessIcon@3x.png
copying file ./Frameworks/ISMessages.framework/ISMessages.bundle/isInfoIcon@2x.png ... 
2019-04-25 07:41:14 +0000  5045 bytes for ./Frameworks/ISMessages.framework/ISMessages.bundle/isInfoIcon@2x.png
2019-04-25 07:41:14 +0000  copying file ./Frameworks/ISMessages.framework/ISMessages.bundle/isInfoIcon@3x.png ... 
2019-04-25 07:41:14 +0000  7726 bytes for ./Frameworks/ISMessages.framework/ISMessages.bundle/isInfoIcon@3x.png
copying file ./Frameworks/ISMessages.framework/ISMessages.bundle/Info.plist ... 
2019-04-25 07:41:14 +0000  719 bytes for ./Frameworks/ISMessages.framework/ISMessages.bundle/Info.plist
copying file ./Frameworks/ISMessages.framework/Info.plist ... 
2019-04-25 07:41:14 +0000  744 bytes for ./Frameworks/ISMessages.framework/Info.plist
2019-04-25 07:41:14 +0000  copying file ./Frameworks/TNSWidgets.framework/_CodeSignature/CodeResources ... 
2019-04-25 07:41:14 +0000  1798 bytes for ./Frameworks/TNSWidgets.framework/_CodeSignature/CodeResources
copying file ./Frameworks/TNSWidgets.framework/TNSWidgets ... 
2019-04-25 07:41:14 +0000  200144 bytes for ./Frameworks/TNSWidgets.framework/TNSWidgets
copying file ./Frameworks/TNSWidgets.framework/Info.plist ... 
2019-04-25 07:41:14 +0000  741 bytes for ./Frameworks/TNSWidgets.framework/Info.plist
2019-04-25 07:41:14 +0000  copying file ./Frameworks/SAMKeychain.framework/_CodeSignature/CodeResources ... 
2019-04-25 07:41:14 +0000  2267 bytes for ./Frameworks/SAMKeychain.framework/_CodeSignature/CodeResources
2019-04-25 07:41:14 +0000  copying file ./Frameworks/SAMKeychain.framework/SAMKeychain ... 
2019-04-25 07:41:14 +0000  558480 bytes for ./Frameworks/SAMKeychain.framework/SAMKeychain
2019-04-25 07:41:14 +0000  copying file ./Frameworks/SAMKeychain.framework/SAMKeychain.bundle/en.lproj/SAMKeychain.strings ... 
2019-04-25 07:41:14 +0000  1580 bytes for ./Frameworks/SAMKeychain.framework/SAMKeychain.bundle/en.lproj/SAMKeychain.strings
copying file ./Frameworks/SAMKeychain.framework/Info.plist ... 
2019-04-25 07:41:14 +0000  746 bytes for ./Frameworks/SAMKeychain.framework/Info.plist
2019-04-25 07:41:14 +0000  copying file ./Frameworks/TNSCore.framework/_CodeSignature/CodeResources ... 
2019-04-25 07:41:14 +0000  1798 bytes for ./Frameworks/TNSCore.framework/_CodeSignature/CodeResources
copying file ./Frameworks/TNSCore.framework/TNSCore ... 
2019-04-25 07:41:14 +0000  812384 bytes for ./Frameworks/TNSCore.framework/TNSCore
copying file ./Frameworks/TNSCore.framework/Info.plist ... 
2019-04-25 07:41:14 +0000  708 bytes for ./Frameworks/TNSCore.framework/Info.plist
2019-04-25 07:41:14 +0000  copying file ./LaunchImage.png ... 
9762 bytes for ./LaunchImage.png
copying file ./embedded.mobileprovision ... 
2019-04-25 07:41:14 +0000  7745 bytes for ./embedded.mobileprovision
2019-04-25 07:41:14 +0000  copying file ./LaunchImage-800-Landscape-736h@3x.png ... 
2019-04-25 07:41:14 +0000  68149 bytes for ./LaunchImage-800-Landscape-736h@3x.png
2019-04-25 07:41:14 +0000  copying file ./LaunchImage-700-Portrait@2x~ipad.png ... 
90562 bytes for ./LaunchImage-700-Portrait@2x~ipad.png
2019-04-25 07:41:14 +0000  copying file ./LaunchImage-700-Landscape~ipad.png ... 
32025 bytes for ./LaunchImage-700-Landscape~ipad.png
copying file ./Info.plist ... 
2019-04-25 07:41:14 +0000  1989 bytes for ./Info.plist
copying file ./PkgInfo ... 
2019-04-25 07:41:14 +0000  8 bytes for ./PkgInfo
2019-04-25 07:41:14 +0000  copying file ./AppIcon76x76~ipad.png ... 
2019-04-25 07:41:14 +0000  2279 bytes for ./AppIcon76x76~ipad.png
2019-04-25 07:41:14 +0000 [MT] /usr/bin/ditto exited with 0
2019-04-25 07:41:14 +0000 [MT] Processing step: IDEDistributionEmbedProfileStep
2019-04-25 07:41:14 +0000 [MT] Skipping profile for item: <IDEDistributionItem: 0x7fbff707a570 'org.cocoapods.IQKeyboardManager' '<DVTFilePath:0x7fbff6ecd3b0:'/Users/cameronriou/Desktop/TumainiFund/TechDay/TumainiFund/platforms/ios/build/Release-iphoneos/TumainiFund.xcarchive/Products/Applications/TumainiFund.app/Frameworks/IQKeyboardManager.framework'>'>
2019-04-25 07:41:14 +0000 [MT] Skipping profile for item: <IDEDistributionItem: 0x7fbff708d8f0 'org.cocoapods.ISMessages' '<DVTFilePath:0x7fbff6fbb6b0:'/Users/cameronriou/Desktop/TumainiFund/TechDay/TumainiFund/platforms/ios/build/Release-iphoneos/TumainiFund.xcarchive/Products/Applications/TumainiFund.app/Frameworks/ISMessages.framework'>'>
2019-04-25 07:41:14 +0000 [MT] Skipping profile for item: <IDEDistributionItem: 0x7fbff7102b50 'org.nativescript.NativeScript' '<DVTFilePath:0x7fbff7064040:'/Users/cameronriou/Desktop/TumainiFund/TechDay/TumainiFund/platforms/ios/build/Release-iphoneos/TumainiFund.xcarchive/Products/Applications/TumainiFund.app/Frameworks/NativeScript.framework'>'>
2019-04-25 07:41:14 +0000 [MT] Skipping profile for item: <IDEDistributionItem: 0x7fbff7081d30 'org.cocoapods.SAMKeychain' '<DVTFilePath:0x7fbff6ed36c0:'/Users/cameronriou/Desktop/TumainiFund/TechDay/TumainiFund/platforms/ios/build/Release-iphoneos/TumainiFund.xcarchive/Products/Applications/TumainiFund.app/Frameworks/SAMKeychain.framework'>'>
2019-04-25 07:41:14 +0000 [MT] Skipping profile for item: <IDEDistributionItem: 0x7fbff7101080 'Telerik.TelerikUI.TNSCore' '<DVTFilePath:0x7fbff6dfb310:'/Users/cameronriou/Desktop/TumainiFund/TechDay/TumainiFund/platforms/ios/build/Release-iphoneos/TumainiFund.xcarchive/Products/Applications/TumainiFund.app/Frameworks/TNSCore.framework'>'>
2019-04-25 07:41:14 +0000 [MT] Skipping profile for item: <IDEDistributionItem: 0x7fbff710c290 'Telerik.TelerikUI.TNSSideDrawer' '<DVTFilePath:0x7fbff6dda8b0:'/Users/cameronriou/Desktop/TumainiFund/TechDay/TumainiFund/platforms/ios/build/Release-iphoneos/TumainiFund.xcarchive/Products/Applications/TumainiFund.app/Frameworks/TNSSideDrawer.framework'>'>
2019-04-25 07:41:14 +0000 [MT] Skipping profile for item: <IDEDistributionItem: 0x7fbff70a1970 'org.nativescript.TNSWidgets' '<DVTFilePath:0x7fbff6df5560:'/Users/cameronriou/Desktop/TumainiFund/TechDay/TumainiFund/platforms/ios/build/Release-iphoneos/TumainiFund.xcarchive/Products/Applications/TumainiFund.app/Frameworks/TNSWidgets.framework'>'>
2019-04-25 07:41:14 +0000 [MT] Skipping profile for item: <IDEDistributionItem: 0x7fbff6fd7000 'technology.master.sqlitewrapper' '<DVTFilePath:0x7fbff6fb7a20:'/Users/cameronriou/Desktop/TumainiFund/TechDay/TumainiFund/platforms/ios/build/Release-iphoneos/TumainiFund.xcarchive/Products/Applications/TumainiFund.app/Frameworks/sqlitewrapper.framework'>'>
2019-04-25 07:41:14 +0000 [MT] Processing step: IDEDistributionAppThinningPlistStep
2019-04-25 07:41:14 +0000 [MT] Skipping step: IDEDistributionAppThinningPlistStep because it said so
2019-04-25 07:41:14 +0000 [MT] Processing step: IDEDistributionCompileBitcodeStep
2019-04-25 07:41:14 +0000 [MT] Skipping step: IDEDistributionCompileBitcodeStep because it said so
2019-04-25 07:41:14 +0000 [MT] Processing step: IDEDistributionCodeSlimmingStep
2019-04-25 07:41:14 +0000 [MT] Processing step: IDEDistributionCopyBCSymbolMapsStep
2019-04-25 07:41:14 +0000 [MT] Skipping step: IDEDistributionCopyBCSymbolMapsStep because it said so
2019-04-25 07:41:14 +0000 [MT] Skipping step: IDEDistributionCopyBCSymbolMapsStep because it said so
2019-04-25 07:41:14 +0000 [MT] Skipping step: IDEDistributionCopyBCSymbolMapsStep because it said so
2019-04-25 07:41:14 +0000 [MT] Skipping step: IDEDistributionCopyBCSymbolMapsStep because it said so
2019-04-25 07:41:14 +0000 [MT] Skipping step: IDEDistributionCopyBCSymbolMapsStep because it said so
2019-04-25 07:41:14 +0000 [MT] Skipping step: IDEDistributionCopyBCSymbolMapsStep because it said so
2019-04-25 07:41:14 +0000 [MT] Skipping step: IDEDistributionCopyBCSymbolMapsStep because it said so
2019-04-25 07:41:14 +0000 [MT] Skipping step: IDEDistributionCopyBCSymbolMapsStep because it said so
2019-04-25 07:41:14 +0000 [MT] Skipping step: IDEDistributionCopyBCSymbolMapsStep because it said so
2019-04-25 07:41:14 +0000 [MT] Processing step: IDEDistributionSymbolsStep
2019-04-25 07:41:14 +0000 [MT] Skipping step: IDEDistributionSymbolsStep because it said so
2019-04-25 07:41:14 +0000 [MT] Skipping step: IDEDistributionSymbolsStep because it said so
2019-04-25 07:41:14 +0000 [MT] Skipping step: IDEDistributionSymbolsStep because it said so
2019-04-25 07:41:14 +0000 [MT] Skipping step: IDEDistributionSymbolsStep because it said so
2019-04-25 07:41:14 +0000 [MT] Skipping step: IDEDistributionSymbolsStep because it said so
2019-04-25 07:41:14 +0000 [MT] Skipping step: IDEDistributionSymbolsStep because it said so
2019-04-25 07:41:14 +0000 [MT] Skipping step: IDEDistributionSymbolsStep because it said so
2019-04-25 07:41:14 +0000 [MT] Skipping step: IDEDistributionSymbolsStep because it said so
2019-04-25 07:41:14 +0000 [MT] Skipping step: IDEDistributionSymbolsStep because it said so
2019-04-25 07:41:14 +0000 [MT] Processing step: IDEDistributionAppThinningStep
2019-04-25 07:41:14 +0000 [MT] Skipping step: IDEDistributionAppThinningStep because it said so
2019-04-25 07:41:14 +0000 [MT] Processing step: IDEDistributionArchThinningStep
2019-04-25 07:41:14 +0000 [MT] Running /Applications/Xcode.app/Contents/Developer/Toolchains/XcodeDefault.xctoolchain/usr/bin/lipo '/var/folders/gz/_bncyw7n6qd269vhjsdj81d40000gn/T/XcodeDistPipeline.~~~PqLEu9/Root/Payload/TumainiFund.app/Frameworks/IQKeyboardManager.framework/IQKeyboardManager' '-verify_arch' 'arm64e'
2019-04-25 07:41:14 +0000 [MT] /Applications/Xcode.app/Contents/Developer/Toolchains/XcodeDefault.xctoolchain/usr/bin/lipo exited with 1
2019-04-25 07:41:14 +0000 [MT] Skipping architecture thinning for item "IQKeyboardManager" because arch "arm64e" wasn't found
2019-04-25 07:41:14 +0000 [MT] Running /Applications/Xcode.app/Contents/Developer/Toolchains/XcodeDefault.xctoolchain/usr/bin/lipo '/var/folders/gz/_bncyw7n6qd269vhjsdj81d40000gn/T/XcodeDistPipeline.~~~PqLEu9/Root/Payload/TumainiFund.app/Frameworks/ISMessages.framework/ISMessages' '-verify_arch' 'arm64e'
2019-04-25 07:41:14 +0000 [MT] /Applications/Xcode.app/Contents/Developer/Toolchains/XcodeDefault.xctoolchain/usr/bin/lipo exited with 1
2019-04-25 07:41:14 +0000 [MT] Skipping architecture thinning for item "ISMessages" because arch "arm64e" wasn't found
2019-04-25 07:41:14 +0000 [MT] Running /Applications/Xcode.app/Contents/Developer/Toolchains/XcodeDefault.xctoolchain/usr/bin/lipo '/var/folders/gz/_bncyw7n6qd269vhjsdj81d40000gn/T/XcodeDistPipeline.~~~PqLEu9/Root/Payload/TumainiFund.app/Frameworks/NativeScript.framework/NativeScript' '-verify_arch' 'arm64e'
2019-04-25 07:41:14 +0000 [MT] /Applications/Xcode.app/Contents/Developer/Toolchains/XcodeDefault.xctoolchain/usr/bin/lipo exited with 1
2019-04-25 07:41:14 +0000 [MT] Skipping architecture thinning for item "NativeScript" because arch "arm64e" wasn't found
2019-04-25 07:41:14 +0000 [MT] Running /Applications/Xcode.app/Contents/Developer/Toolchains/XcodeDefault.xctoolchain/usr/bin/lipo '/var/folders/gz/_bncyw7n6qd269vhjsdj81d40000gn/T/XcodeDistPipeline.~~~PqLEu9/Root/Payload/TumainiFund.app/Frameworks/SAMKeychain.framework/SAMKeychain' '-verify_arch' 'arm64e'
2019-04-25 07:41:14 +0000 [MT] /Applications/Xcode.app/Contents/Developer/Toolchains/XcodeDefault.xctoolchain/usr/bin/lipo exited with 1
2019-04-25 07:41:14 +0000 [MT] Skipping architecture thinning for item "SAMKeychain" because arch "arm64e" wasn't found
2019-04-25 07:41:14 +0000 [MT] Running /Applications/Xcode.app/Contents/Developer/Toolchains/XcodeDefault.xctoolchain/usr/bin/lipo '/var/folders/gz/_bncyw7n6qd269vhjsdj81d40000gn/T/XcodeDistPipeline.~~~PqLEu9/Root/Payload/TumainiFund.app/Frameworks/TNSCore.framework/TNSCore' '-verify_arch' 'arm64e'
2019-04-25 07:41:14 +0000 [MT] /Applications/Xcode.app/Contents/Developer/Toolchains/XcodeDefault.xctoolchain/usr/bin/lipo exited with 1
2019-04-25 07:41:14 +0000 [MT] Skipping architecture thinning for item "TNSCore" because arch "arm64e" wasn't found
2019-04-25 07:41:14 +0000 [MT] Running /Applications/Xcode.app/Contents/Developer/Toolchains/XcodeDefault.xctoolchain/usr/bin/lipo '/var/folders/gz/_bncyw7n6qd269vhjsdj81d40000gn/T/XcodeDistPipeline.~~~PqLEu9/Root/Payload/TumainiFund.app/Frameworks/TNSSideDrawer.framework/TNSSideDrawer' '-verify_arch' 'arm64e'
2019-04-25 07:41:14 +0000 [MT] /Applications/Xcode.app/Contents/Developer/Toolchains/XcodeDefault.xctoolchain/usr/bin/lipo exited with 1
2019-04-25 07:41:14 +0000 [MT] Skipping architecture thinning for item "TNSSideDrawer" because arch "arm64e" wasn't found
2019-04-25 07:41:14 +0000 [MT] Running /Applications/Xcode.app/Contents/Developer/Toolchains/XcodeDefault.xctoolchain/usr/bin/lipo '/var/folders/gz/_bncyw7n6qd269vhjsdj81d40000gn/T/XcodeDistPipeline.~~~PqLEu9/Root/Payload/TumainiFund.app/Frameworks/TNSWidgets.framework/TNSWidgets' '-verify_arch' 'arm64e'
2019-04-25 07:41:14 +0000 [MT] /Applications/Xcode.app/Contents/Developer/Toolchains/XcodeDefault.xctoolchain/usr/bin/lipo exited with 1
2019-04-25 07:41:14 +0000 [MT] Skipping architecture thinning for item "TNSWidgets" because arch "arm64e" wasn't found
2019-04-25 07:41:14 +0000 [MT] Running /Applications/Xcode.app/Contents/Developer/Toolchains/XcodeDefault.xctoolchain/usr/bin/lipo '/var/folders/gz/_bncyw7n6qd269vhjsdj81d40000gn/T/XcodeDistPipeline.~~~PqLEu9/Root/Payload/TumainiFund.app/Frameworks/sqlitewrapper.framework/sqlitewrapper' '-verify_arch' 'arm64e'
2019-04-25 07:41:14 +0000 [MT] /Applications/Xcode.app/Contents/Developer/Toolchains/XcodeDefault.xctoolchain/usr/bin/lipo exited with 1
2019-04-25 07:41:14 +0000 [MT] Skipping architecture thinning for item "sqlitewrapper" because arch "arm64e" wasn't found
2019-04-25 07:41:14 +0000 [MT] Running /Applications/Xcode.app/Contents/Developer/Toolchains/XcodeDefault.xctoolchain/usr/bin/lipo '/var/folders/gz/_bncyw7n6qd269vhjsdj81d40000gn/T/XcodeDistPipeline.~~~PqLEu9/Root/Payload/TumainiFund.app/TumainiFund' '-verify_arch' 'arm64e'
2019-04-25 07:41:14 +0000 [MT] /Applications/Xcode.app/Contents/Developer/Toolchains/XcodeDefault.xctoolchain/usr/bin/lipo exited with 1
2019-04-25 07:41:14 +0000 [MT] Skipping architecture thinning for item "TumainiFund" because arch "arm64e" wasn't found
2019-04-25 07:41:14 +0000 [MT] Processing step: IDEDistributionODRStep
2019-04-25 07:41:14 +0000 [MT] Processing step: IDEDistributionStripXattrsStep
2019-04-25 07:41:14 +0000 [MT] Skipping stripping extended attributes of item: <IDEDistributionItem: 0x7fbff707a570 'org.cocoapods.IQKeyboardManager' '<DVTFilePath:0x7fbff6ecd3b0:'/Users/cameronriou/Desktop/TumainiFund/TechDay/TumainiFund/platforms/ios/build/Release-iphoneos/TumainiFund.xcarchive/Products/Applications/TumainiFund.app/Frameworks/IQKeyboardManager.framework'>'>
2019-04-25 07:41:14 +0000 [MT] Skipping stripping extended attributes of item: <IDEDistributionItem: 0x7fbff708d8f0 'org.cocoapods.ISMessages' '<DVTFilePath:0x7fbff6fbb6b0:'/Users/cameronriou/Desktop/TumainiFund/TechDay/TumainiFund/platforms/ios/build/Release-iphoneos/TumainiFund.xcarchive/Products/Applications/TumainiFund.app/Frameworks/ISMessages.framework'>'>
2019-04-25 07:41:14 +0000 [MT] Skipping stripping extended attributes of item: <IDEDistributionItem: 0x7fbff7102b50 'org.nativescript.NativeScript' '<DVTFilePath:0x7fbff7064040:'/Users/cameronriou/Desktop/TumainiFund/TechDay/TumainiFund/platforms/ios/build/Release-iphoneos/TumainiFund.xcarchive/Products/Applications/TumainiFund.app/Frameworks/NativeScript.framework'>'>
2019-04-25 07:41:14 +0000 [MT] Skipping stripping extended attributes of item: <IDEDistributionItem: 0x7fbff7081d30 'org.cocoapods.SAMKeychain' '<DVTFilePath:0x7fbff6ed36c0:'/Users/cameronriou/Desktop/TumainiFund/TechDay/TumainiFund/platforms/ios/build/Release-iphoneos/TumainiFund.xcarchive/Products/Applications/TumainiFund.app/Frameworks/SAMKeychain.framework'>'>
2019-04-25 07:41:14 +0000 [MT] Skipping stripping extended attributes of item: <IDEDistributionItem: 0x7fbff7101080 'Telerik.TelerikUI.TNSCore' '<DVTFilePath:0x7fbff6dfb310:'/Users/cameronriou/Desktop/TumainiFund/TechDay/TumainiFund/platforms/ios/build/Release-iphoneos/TumainiFund.xcarchive/Products/Applications/TumainiFund.app/Frameworks/TNSCore.framework'>'>
2019-04-25 07:41:14 +0000 [MT] Skipping stripping extended attributes of item: <IDEDistributionItem: 0x7fbff710c290 'Telerik.TelerikUI.TNSSideDrawer' '<DVTFilePath:0x7fbff6dda8b0:'/Users/cameronriou/Desktop/TumainiFund/TechDay/TumainiFund/platforms/ios/build/Release-iphoneos/TumainiFund.xcarchive/Products/Applications/TumainiFund.app/Frameworks/TNSSideDrawer.framework'>'>
2019-04-25 07:41:14 +0000 [MT] Skipping stripping extended attributes of item: <IDEDistributionItem: 0x7fbff70a1970 'org.nativescript.TNSWidgets' '<DVTFilePath:0x7fbff6df5560:'/Users/cameronriou/Desktop/TumainiFund/TechDay/TumainiFund/platforms/ios/build/Release-iphoneos/TumainiFund.xcarchive/Products/Applications/TumainiFund.app/Frameworks/TNSWidgets.framework'>'>
2019-04-25 07:41:14 +0000 [MT] Skipping stripping extended attributes of item: <IDEDistributionItem: 0x7fbff6fd7000 'technology.master.sqlitewrapper' '<DVTFilePath:0x7fbff6fb7a20:'/Users/cameronriou/Desktop/TumainiFund/TechDay/TumainiFund/platforms/ios/build/Release-iphoneos/TumainiFund.xcarchive/Products/Applications/TumainiFund.app/Frameworks/sqlitewrapper.framework'>'>
2019-04-25 07:41:14 +0000 [MT] Running /usr/bin/xattr '-crs' '/var/folders/gz/_bncyw7n6qd269vhjsdj81d40000gn/T/XcodeDistPipeline.~~~PqLEu9/Root/Payload/TumainiFund.app'
2019-04-25 07:41:15 +0000 [MT] /usr/bin/xattr exited with 0
2019-04-25 07:41:15 +0000 [MT] Processing step: IDEDistributionCodesignStep
2019-04-25 07:41:15 +0000 [MT] Entitlements for <IDEDistributionItem: 0x7fbff707a570 'org.cocoapods.IQKeyboardManager' '<DVTFilePath:0x7fbff6ecd3b0:'/Users/cameronriou/Desktop/TumainiFund/TechDay/TumainiFund/platforms/ios/build/Release-iphoneos/TumainiFund.xcarchive/Products/Applications/TumainiFund.app/Frameworks/IQKeyboardManager.framework'>'>: {
}
2019-04-25 07:41:15 +0000 [MT] Writing entitlements for <IDEDistributionItem: 0x7fbff707a570 'org.cocoapods.IQKeyboardManager' '<DVTFilePath:0x7fbff6ecd3b0:'/Users/cameronriou/Desktop/TumainiFund/TechDay/TumainiFund/platforms/ios/build/Release-iphoneos/TumainiFund.xcarchive/Products/Applications/TumainiFund.app/Frameworks/IQKeyboardManager.framework'>'> to: /var/folders/gz/_bncyw7n6qd269vhjsdj81d40000gn/T/XcodeDistPipeline.~~~PqLEu9/entitlements~~~NhQW2W
2019-04-25 07:41:15 +0000 [MT] Running /usr/bin/codesign '-vvv' '--force' '--sign' '06DC4BA12E106727E15EF41C8B06A94C2026B6E1' '--entitlements' '/var/folders/gz/_bncyw7n6qd269vhjsdj81d40000gn/T/XcodeDistPipeline.~~~PqLEu9/entitlements~~~NhQW2W' '--preserve-metadata=identifier,flags,runtime' '/var/folders/gz/_bncyw7n6qd269vhjsdj81d40000gn/T/XcodeDistPipeline.~~~PqLEu9/Root/Payload/TumainiFund.app/Frameworks/IQKeyboardManager.framework'
2019-04-25 07:41:15 +0000  /var/folders/gz/_bncyw7n6qd269vhjsdj81d40000gn/T/XcodeDistPipeline.~~~PqLEu9/Root/Payload/TumainiFund.app/Frameworks/IQKeyboardManager.framework: signed bundle with Mach-O universal (armv7 arm64) [org.cocoapods.IQKeyboardManager]
2019-04-25 07:41:15 +0000 [MT] /usr/bin/codesign exited with 0
2019-04-25 07:41:15 +0000 [MT] Entitlements for <IDEDistributionItem: 0x7fbff708d8f0 'org.cocoapods.ISMessages' '<DVTFilePath:0x7fbff6fbb6b0:'/Users/cameronriou/Desktop/TumainiFund/TechDay/TumainiFund/platforms/ios/build/Release-iphoneos/TumainiFund.xcarchive/Products/Applications/TumainiFund.app/Frameworks/ISMessages.framework'>'>: {
}
2019-04-25 07:41:15 +0000 [MT] Writing entitlements for <IDEDistributionItem: 0x7fbff708d8f0 'org.cocoapods.ISMessages' '<DVTFilePath:0x7fbff6fbb6b0:'/Users/cameronriou/Desktop/TumainiFund/TechDay/TumainiFund/platforms/ios/build/Release-iphoneos/TumainiFund.xcarchive/Products/Applications/TumainiFund.app/Frameworks/ISMessages.framework'>'> to: /var/folders/gz/_bncyw7n6qd269vhjsdj81d40000gn/T/XcodeDistPipeline.~~~PqLEu9/entitlements~~~iIADY8
2019-04-25 07:41:15 +0000 [MT] Running /usr/bin/codesign '-vvv' '--force' '--sign' '06DC4BA12E106727E15EF41C8B06A94C2026B6E1' '--entitlements' '/var/folders/gz/_bncyw7n6qd269vhjsdj81d40000gn/T/XcodeDistPipeline.~~~PqLEu9/entitlements~~~iIADY8' '--preserve-metadata=identifier,flags,runtime' '/var/folders/gz/_bncyw7n6qd269vhjsdj81d40000gn/T/XcodeDistPipeline.~~~PqLEu9/Root/Payload/TumainiFund.app/Frameworks/ISMessages.framework'
2019-04-25 07:41:15 +0000  /var/folders/gz/_bncyw7n6qd269vhjsdj81d40000gn/T/XcodeDistPipeline.~~~PqLEu9/Root/Payload/TumainiFund.app/Frameworks/ISMessages.framework: signed bundle with Mach-O universal (armv7 arm64) [org.cocoapods.ISMessages]
2019-04-25 07:41:15 +0000 [MT] /usr/bin/codesign exited with 0
2019-04-25 07:41:15 +0000 [MT] Entitlements for <IDEDistributionItem: 0x7fbff7102b50 'org.nativescript.NativeScript' '<DVTFilePath:0x7fbff7064040:'/Users/cameronriou/Desktop/TumainiFund/TechDay/TumainiFund/platforms/ios/build/Release-iphoneos/TumainiFund.xcarchive/Products/Applications/TumainiFund.app/Frameworks/NativeScript.framework'>'>: {
}
2019-04-25 07:41:15 +0000 [MT] Writing entitlements for <IDEDistributionItem: 0x7fbff7102b50 'org.nativescript.NativeScript' '<DVTFilePath:0x7fbff7064040:'/Users/cameronriou/Desktop/TumainiFund/TechDay/TumainiFund/platforms/ios/build/Release-iphoneos/TumainiFund.xcarchive/Products/Applications/TumainiFund.app/Frameworks/NativeScript.framework'>'> to: /var/folders/gz/_bncyw7n6qd269vhjsdj81d40000gn/T/XcodeDistPipeline.~~~PqLEu9/entitlements~~~Cn0kKs
2019-04-25 07:41:15 +0000 [MT] Running /usr/bin/codesign '-vvv' '--force' '--sign' '06DC4BA12E106727E15EF41C8B06A94C2026B6E1' '--entitlements' '/var/folders/gz/_bncyw7n6qd269vhjsdj81d40000gn/T/XcodeDistPipeline.~~~PqLEu9/entitlements~~~Cn0kKs' '--preserve-metadata=identifier,flags,runtime' '/var/folders/gz/_bncyw7n6qd269vhjsdj81d40000gn/T/XcodeDistPipeline.~~~PqLEu9/Root/Payload/TumainiFund.app/Frameworks/NativeScript.framework'
2019-04-25 07:41:15 +0000  /var/folders/gz/_bncyw7n6qd269vhjsdj81d40000gn/T/XcodeDistPipeline.~~~PqLEu9/Root/Payload/TumainiFund.app/Frameworks/NativeScript.framework: replacing existing signature
2019-04-25 07:41:15 +0000  
2019-04-25 07:41:16 +0000  /var/folders/gz/_bncyw7n6qd269vhjsdj81d40000gn/T/XcodeDistPipeline.~~~PqLEu9/Root/Payload/TumainiFund.app/Frameworks/NativeScript.framework: signed bundle with Mach-O universal (armv7 arm64) [org.nativescript.NativeScript]
2019-04-25 07:41:16 +0000 [MT] /usr/bin/codesign exited with 0
2019-04-25 07:41:16 +0000 [MT] Entitlements for <IDEDistributionItem: 0x7fbff7081d30 'org.cocoapods.SAMKeychain' '<DVTFilePath:0x7fbff6ed36c0:'/Users/cameronriou/Desktop/TumainiFund/TechDay/TumainiFund/platforms/ios/build/Release-iphoneos/TumainiFund.xcarchive/Products/Applications/TumainiFund.app/Frameworks/SAMKeychain.framework'>'>: {
}
2019-04-25 07:41:16 +0000 [MT] Writing entitlements for <IDEDistributionItem: 0x7fbff7081d30 'org.cocoapods.SAMKeychain' '<DVTFilePath:0x7fbff6ed36c0:'/Users/cameronriou/Desktop/TumainiFund/TechDay/TumainiFund/platforms/ios/build/Release-iphoneos/TumainiFund.xcarchive/Products/Applications/TumainiFund.app/Frameworks/SAMKeychain.framework'>'> to: /var/folders/gz/_bncyw7n6qd269vhjsdj81d40000gn/T/XcodeDistPipeline.~~~PqLEu9/entitlements~~~egYeN2
2019-04-25 07:41:16 +0000 [MT] Running /usr/bin/codesign '-vvv' '--force' '--sign' '06DC4BA12E106727E15EF41C8B06A94C2026B6E1' '--entitlements' '/var/folders/gz/_bncyw7n6qd269vhjsdj81d40000gn/T/XcodeDistPipeline.~~~PqLEu9/entitlements~~~egYeN2' '--preserve-metadata=identifier,flags,runtime' '/var/folders/gz/_bncyw7n6qd269vhjsdj81d40000gn/T/XcodeDistPipeline.~~~PqLEu9/Root/Payload/TumainiFund.app/Frameworks/SAMKeychain.framework'
2019-04-25 07:41:16 +0000  /var/folders/gz/_bncyw7n6qd269vhjsdj81d40000gn/T/XcodeDistPipeline.~~~PqLEu9/Root/Payload/TumainiFund.app/Frameworks/SAMKeychain.framework: signed bundle with Mach-O universal (armv7 arm64) [org.cocoapods.SAMKeychain]
2019-04-25 07:41:16 +0000 [MT] /usr/bin/codesign exited with 0
2019-04-25 07:41:16 +0000 [MT] Entitlements for <IDEDistributionItem: 0x7fbff7101080 'Telerik.TelerikUI.TNSCore' '<DVTFilePath:0x7fbff6dfb310:'/Users/cameronriou/Desktop/TumainiFund/TechDay/TumainiFund/platforms/ios/build/Release-iphoneos/TumainiFund.xcarchive/Products/Applications/TumainiFund.app/Frameworks/TNSCore.framework'>'>: {
}
2019-04-25 07:41:16 +0000 [MT] Writing entitlements for <IDEDistributionItem: 0x7fbff7101080 'Telerik.TelerikUI.TNSCore' '<DVTFilePath:0x7fbff6dfb310:'/Users/cameronriou/Desktop/TumainiFund/TechDay/TumainiFund/platforms/ios/build/Release-iphoneos/TumainiFund.xcarchive/Products/Applications/TumainiFund.app/Frameworks/TNSCore.framework'>'> to: /var/folders/gz/_bncyw7n6qd269vhjsdj81d40000gn/T/XcodeDistPipeline.~~~PqLEu9/entitlements~~~p6e9Kq
2019-04-25 07:41:16 +0000 [MT] Running /usr/bin/codesign '-vvv' '--force' '--sign' '06DC4BA12E106727E15EF41C8B06A94C2026B6E1' '--entitlements' '/var/folders/gz/_bncyw7n6qd269vhjsdj81d40000gn/T/XcodeDistPipeline.~~~PqLEu9/entitlements~~~p6e9Kq' '--preserve-metadata=identifier,flags,runtime' '/var/folders/gz/_bncyw7n6qd269vhjsdj81d40000gn/T/XcodeDistPipeline.~~~PqLEu9/Root/Payload/TumainiFund.app/Frameworks/TNSCore.framework'
2019-04-25 07:41:16 +0000  /var/folders/gz/_bncyw7n6qd269vhjsdj81d40000gn/T/XcodeDistPipeline.~~~PqLEu9/Root/Payload/TumainiFund.app/Frameworks/TNSCore.framework: replacing existing signature
2019-04-25 07:41:16 +0000  /var/folders/gz/_bncyw7n6qd269vhjsdj81d40000gn/T/XcodeDistPipeline.~~~PqLEu9/Root/Payload/TumainiFund.app/Frameworks/TNSCore.framework: signed bundle with Mach-O universal (armv7 arm64) [Telerik.TelerikUI.TNSCore]
2019-04-25 07:41:16 +0000 [MT] /usr/bin/codesign exited with 0
2019-04-25 07:41:16 +0000 [MT] Entitlements for <IDEDistributionItem: 0x7fbff710c290 'Telerik.TelerikUI.TNSSideDrawer' '<DVTFilePath:0x7fbff6dda8b0:'/Users/cameronriou/Desktop/TumainiFund/TechDay/TumainiFund/platforms/ios/build/Release-iphoneos/TumainiFund.xcarchive/Products/Applications/TumainiFund.app/Frameworks/TNSSideDrawer.framework'>'>: {
}
2019-04-25 07:41:16 +0000 [MT] Writing entitlements for <IDEDistributionItem: 0x7fbff710c290 'Telerik.TelerikUI.TNSSideDrawer' '<DVTFilePath:0x7fbff6dda8b0:'/Users/cameronriou/Desktop/TumainiFund/TechDay/TumainiFund/platforms/ios/build/Release-iphoneos/TumainiFund.xcarchive/Products/Applications/TumainiFund.app/Frameworks/TNSSideDrawer.framework'>'> to: /var/folders/gz/_bncyw7n6qd269vhjsdj81d40000gn/T/XcodeDistPipeline.~~~PqLEu9/entitlements~~~8Atk4C
2019-04-25 07:41:16 +0000 [MT] Running /usr/bin/codesign '-vvv' '--force' '--sign' '06DC4BA12E106727E15EF41C8B06A94C2026B6E1' '--entitlements' '/var/folders/gz/_bncyw7n6qd269vhjsdj81d40000gn/T/XcodeDistPipeline.~~~PqLEu9/entitlements~~~8Atk4C' '--preserve-metadata=identifier,flags,runtime' '/var/folders/gz/_bncyw7n6qd269vhjsdj81d40000gn/T/XcodeDistPipeline.~~~PqLEu9/Root/Payload/TumainiFund.app/Frameworks/TNSSideDrawer.framework'
2019-04-25 07:41:16 +0000  /var/folders/gz/_bncyw7n6qd269vhjsdj81d40000gn/T/XcodeDistPipeline.~~~PqLEu9/Root/Payload/TumainiFund.app/Frameworks/TNSSideDrawer.framework: replacing existing signature
2019-04-25 07:41:17 +0000  /var/folders/gz/_bncyw7n6qd269vhjsdj81d40000gn/T/XcodeDistPipeline.~~~PqLEu9/Root/Payload/TumainiFund.app/Frameworks/TNSSideDrawer.framework: signed bundle with Mach-O universal (armv7 arm64) [Telerik.TelerikUI.TNSSideDrawer]
2019-04-25 07:41:17 +0000 [MT] /usr/bin/codesign exited with 0
2019-04-25 07:41:17 +0000 [MT] Entitlements for <IDEDistributionItem: 0x7fbff70a1970 'org.nativescript.TNSWidgets' '<DVTFilePath:0x7fbff6df5560:'/Users/cameronriou/Desktop/TumainiFund/TechDay/TumainiFund/platforms/ios/build/Release-iphoneos/TumainiFund.xcarchive/Products/Applications/TumainiFund.app/Frameworks/TNSWidgets.framework'>'>: {
}
2019-04-25 07:41:17 +0000 [MT] Writing entitlements for <IDEDistributionItem: 0x7fbff70a1970 'org.nativescript.TNSWidgets' '<DVTFilePath:0x7fbff6df5560:'/Users/cameronriou/Desktop/TumainiFund/TechDay/TumainiFund/platforms/ios/build/Release-iphoneos/TumainiFund.xcarchive/Products/Applications/TumainiFund.app/Frameworks/TNSWidgets.framework'>'> to: /var/folders/gz/_bncyw7n6qd269vhjsdj81d40000gn/T/XcodeDistPipeline.~~~PqLEu9/entitlements~~~sP6fOo
2019-04-25 07:41:17 +0000 [MT] Running /usr/bin/codesign '-vvv' '--force' '--sign' '06DC4BA12E106727E15EF41C8B06A94C2026B6E1' '--entitlements' '/var/folders/gz/_bncyw7n6qd269vhjsdj81d40000gn/T/XcodeDistPipeline.~~~PqLEu9/entitlements~~~sP6fOo' '--preserve-metadata=identifier,flags,runtime' '/var/folders/gz/_bncyw7n6qd269vhjsdj81d40000gn/T/XcodeDistPipeline.~~~PqLEu9/Root/Payload/TumainiFund.app/Frameworks/TNSWidgets.framework'
2019-04-25 07:41:17 +0000  /var/folders/gz/_bncyw7n6qd269vhjsdj81d40000gn/T/XcodeDistPipeline.~~~PqLEu9/Root/Payload/TumainiFund.app/Frameworks/TNSWidgets.framework: replacing existing signature
2019-04-25 07:41:17 +0000  /var/folders/gz/_bncyw7n6qd269vhjsdj81d40000gn/T/XcodeDistPipeline.~~~PqLEu9/Root/Payload/TumainiFund.app/Frameworks/TNSWidgets.framework: signed bundle with Mach-O universal (armv7 arm64) [org.nativescript.TNSWidgets]
2019-04-25 07:41:17 +0000 [MT] /usr/bin/codesign exited with 0
2019-04-25 07:41:17 +0000 [MT] Entitlements for <IDEDistributionItem: 0x7fbff6fd7000 'technology.master.sqlitewrapper' '<DVTFilePath:0x7fbff6fb7a20:'/Users/cameronriou/Desktop/TumainiFund/TechDay/TumainiFund/platforms/ios/build/Release-iphoneos/TumainiFund.xcarchive/Products/Applications/TumainiFund.app/Frameworks/sqlitewrapper.framework'>'>: {
}
2019-04-25 07:41:17 +0000 [MT] Writing entitlements for <IDEDistributionItem: 0x7fbff6fd7000 'technology.master.sqlitewrapper' '<DVTFilePath:0x7fbff6fb7a20:'/Users/cameronriou/Desktop/TumainiFund/TechDay/TumainiFund/platforms/ios/build/Release-iphoneos/TumainiFund.xcarchive/Products/Applications/TumainiFund.app/Frameworks/sqlitewrapper.framework'>'> to: /var/folders/gz/_bncyw7n6qd269vhjsdj81d40000gn/T/XcodeDistPipeline.~~~PqLEu9/entitlements~~~50azxj
2019-04-25 07:41:17 +0000 [MT] Running /usr/bin/codesign '-vvv' '--force' '--sign' '06DC4BA12E106727E15EF41C8B06A94C2026B6E1' '--entitlements' '/var/folders/gz/_bncyw7n6qd269vhjsdj81d40000gn/T/XcodeDistPipeline.~~~PqLEu9/entitlements~~~50azxj' '--preserve-metadata=identifier,flags,runtime' '/var/folders/gz/_bncyw7n6qd269vhjsdj81d40000gn/T/XcodeDistPipeline.~~~PqLEu9/Root/Payload/TumainiFund.app/Frameworks/sqlitewrapper.framework'
2019-04-25 07:41:17 +0000  /var/folders/gz/_bncyw7n6qd269vhjsdj81d40000gn/T/XcodeDistPipeline.~~~PqLEu9/Root/Payload/TumainiFund.app/Frameworks/sqlitewrapper.framework: replacing existing signature
2019-04-25 07:41:17 +0000  /var/folders/gz/_bncyw7n6qd269vhjsdj81d40000gn/T/XcodeDistPipeline.~~~PqLEu9/Root/Payload/TumainiFund.app/Frameworks/sqlitewrapper.framework: signed bundle with Mach-O universal (armv7 arm64) [technology.master.sqlitewrapper]
2019-04-25 07:41:17 +0000 [MT] /usr/bin/codesign exited with 0
2019-04-25 07:41:17 +0000 [MT] Entitlements for <IDEDistributionItem: 0x7fbff6fe5a00 'org.nativescript.TumainiFund' '<DVTFilePath:0x7fbff6f50570:'/Users/cameronriou/Desktop/TumainiFund/TechDay/TumainiFund/platforms/ios/build/Release-iphoneos/TumainiFund.xcarchive/Products/Applications/TumainiFund.app'>'>: {
    "application-identifier" = "KY496XS6J2.org.nativescript.TumainiFund";
    "com.apple.developer.team-identifier" = KY496XS6J2;
    "get-task-allow" = 1;
    "keychain-access-groups" =     (
        "KY496XS6J2."
    );
}
2019-04-25 07:41:17 +0000 [MT] Writing entitlements for <IDEDistributionItem: 0x7fbff6fe5a00 'org.nativescript.TumainiFund' '<DVTFilePath:0x7fbff6f50570:'/Users/cameronriou/Desktop/TumainiFund/TechDay/TumainiFund/platforms/ios/build/Release-iphoneos/TumainiFund.xcarchive/Products/Applications/TumainiFund.app'>'> to: /var/folders/gz/_bncyw7n6qd269vhjsdj81d40000gn/T/XcodeDistPipeline.~~~PqLEu9/entitlements~~~9VDgNH
2019-04-25 07:41:17 +0000 [MT] Running /usr/bin/codesign '-vvv' '--force' '--sign' '06DC4BA12E106727E15EF41C8B06A94C2026B6E1' '--entitlements' '/var/folders/gz/_bncyw7n6qd269vhjsdj81d40000gn/T/XcodeDistPipeline.~~~PqLEu9/entitlements~~~9VDgNH' '--preserve-metadata=identifier,flags,runtime' '/var/folders/gz/_bncyw7n6qd269vhjsdj81d40000gn/T/XcodeDistPipeline.~~~PqLEu9/Root/Payload/TumainiFund.app'
2019-04-25 07:41:17 +0000  /var/folders/gz/_bncyw7n6qd269vhjsdj81d40000gn/T/XcodeDistPipeline.~~~PqLEu9/Root/Payload/TumainiFund.app: replacing existing signature
2019-04-25 07:41:18 +0000  /var/folders/gz/_bncyw7n6qd269vhjsdj81d40000gn/T/XcodeDistPipeline.~~~PqLEu9/Root/Payload/TumainiFund.app: signed app bundle with Mach-O universal (armv7 arm64) [org.nativescript.TumainiFund]
2019-04-25 07:41:18 +0000 [MT] /usr/bin/codesign exited with 0
2019-04-25 07:41:18 +0000 [MT] Processing step: IDEDistributionZipODRItemStep
2019-04-25 07:41:18 +0000 [MT] Skipping step: IDEDistributionZipODRItemStep because it said so
2019-04-25 07:41:18 +0000 [MT] Skipping step: IDEDistributionZipODRItemStep because it said so
2019-04-25 07:41:18 +0000 [MT] Skipping step: IDEDistributionZipODRItemStep because it said so
2019-04-25 07:41:18 +0000 [MT] Skipping step: IDEDistributionZipODRItemStep because it said so
2019-04-25 07:41:18 +0000 [MT] Skipping step: IDEDistributionZipODRItemStep because it said so
2019-04-25 07:41:18 +0000 [MT] Skipping step: IDEDistributionZipODRItemStep because it said so
2019-04-25 07:41:18 +0000 [MT] Skipping step: IDEDistributionZipODRItemStep because it said so
2019-04-25 07:41:18 +0000 [MT] Skipping step: IDEDistributionZipODRItemStep because it said so
2019-04-25 07:41:18 +0000 [MT] Skipping step: IDEDistributionZipODRItemStep because it said so
2019-04-25 07:41:18 +0000 [MT] Processing step: IDEDistributionCreateIPAStep
2019-04-25 07:41:18 +0000 [MT] Running /usr/bin/ditto '-V' '-c' '-k' '--norsrc' '/var/folders/gz/_bncyw7n6qd269vhjsdj81d40000gn/T/XcodeDistPipeline.~~~PqLEu9/Root' '/var/folders/gz/_bncyw7n6qd269vhjsdj81d40000gn/T/XcodeDistPipeline.~~~PqLEu9/Packages/TumainiFund.ipa'
2019-04-25 07:41:18 +0000  >>> Copying /var/folders/gz/_bncyw7n6qd269vhjsdj81d40000gn/T/XcodeDistPipeline.~~~PqLEu9/Root 
2019-04-25 07:41:18 +0000  copying file ./Payload/TumainiFund.app/_CodeSignature/CodeResources ... 
2019-04-25 07:41:18 +0000  39199 bytes for ./Payload/TumainiFund.app/_CodeSignature/CodeResources
copying file ./Payload/TumainiFund.app/close_drawer.png ... 
1635 bytes for ./Payload/TumainiFund.app/close_drawer.png
2019-04-25 07:41:18 +0000  copying file ./Payload/TumainiFund.app/@3xclose_drawer.png ... 
2019-04-25 07:41:18 +0000  6186 bytes for ./Payload/TumainiFund.app/@3xclose_drawer.png
2019-04-25 07:41:18 +0000  copying file ./Payload/TumainiFund.app/LaunchImage@2x.png ... 
2019-04-25 07:41:18 +0000  21981 bytes for ./Payload/TumainiFund.app/LaunchImage@2x.png
2019-04-25 07:41:18 +0000  copying file ./Payload/TumainiFund.app/menuIcon.png ... 
1362 bytes for ./Payload/TumainiFund.app/menuIcon.png
copying file ./Payload/TumainiFund.app/@2xrightArrow.png ... 
3828 bytes for ./Payload/TumainiFund.app/@2xrightArrow.png
copying file ./Payload/TumainiFund.app/en.lproj/InfoPlist.strings ... 
42 bytes for ./Payload/TumainiFund.app/en.lproj/InfoPlist.strings
copying file ./Payload/TumainiFund.app/@3xrightArrow.png ... 
2019-04-25 07:41:18 +0000  6164 bytes for ./Payload/TumainiFund.app/@3xrightArrow.png
copying file ./Payload/TumainiFund.app/app/bundle.js ... 
2019-04-25 07:41:18 +0000  94998 bytes for ./Payload/TumainiFund.app/app/bundle.js
2019-04-25 07:41:18 +0000  copying file ./Payload/TumainiFund.app/app/vendor.js ... 
2019-04-25 07:41:18 +0000  1914775 bytes for ./Payload/TumainiFund.app/app/vendor.js
2019-04-25 07:41:18 +0000  copying file ./Payload/TumainiFund.app/app/package.json ... 
134 bytes for ./Payload/TumainiFund.app/app/package.json
copying file ./Payload/TumainiFund.app/app/starter.js ... 
39 bytes for ./Payload/TumainiFund.app/app/starter.js
copying file ./Payload/TumainiFund.app/app/assets/images/close_drawer.png ... 
1932 bytes for ./Payload/TumainiFund.app/app/assets/images/close_drawer.png
copying file ./Payload/TumainiFund.app/app/assets/images/menuIcon.png ... 
1655 bytes for ./Payload/TumainiFund.app/app/assets/images/menuIcon.png
copying file ./Payload/TumainiFund.app/app/assets/images/userImg.png ... 
2019-04-25 07:41:18 +0000  2060 bytes for ./Payload/TumainiFund.app/app/assets/images/userImg.png
copying file ./Payload/TumainiFund.app/app/assets/images/rightArrow.png ... 
2019-04-25 07:41:18 +0000  2399 bytes for ./Payload/TumainiFund.app/app/assets/images/rightArrow.png
2019-04-25 07:41:18 +0000  copying file ./Payload/TumainiFund.app/app/assets/images/homeLogo.png ... 
2019-04-25 07:41:18 +0000  45787 bytes for ./Payload/TumainiFund.app/app/assets/images/homeLogo.png
copying file ./Payload/TumainiFund.app/app/assets/images/logo.png ... 
2019-04-25 07:41:18 +0000  13656 bytes for ./Payload/TumainiFund.app/app/assets/images/logo.png
copying file ./Payload/TumainiFund.app/AppIcon29x29.png ... 
2019-04-25 07:41:18 +0000  632 bytes for ./Payload/TumainiFund.app/AppIcon29x29.png
2019-04-25 07:41:18 +0000  copying file ./Payload/TumainiFund.app/build.xcconfig ... 
2019-04-25 07:41:18 +0000  563 bytes for ./Payload/TumainiFund.app/build.xcconfig
copying file ./Payload/TumainiFund.app/userImg.png ... 
2019-04-25 07:41:18 +0000  1643 bytes for ./Payload/TumainiFund.app/userImg.png
copying file ./Payload/TumainiFund.app/LaunchImage-568h@2x.png ... 
2019-04-25 07:41:18 +0000  22664 bytes for ./Payload/TumainiFund.app/LaunchImage-568h@2x.png
2019-04-25 07:41:18 +0000  copying file ./Payload/TumainiFund.app/@2xclose_drawer.png ... 
4329 bytes for ./Payload/TumainiFund.app/@2xclose_drawer.png
copying file ./Payload/TumainiFund.app/AppIcon60x60@2x.png ... 
3751 bytes for ./Payload/TumainiFund.app/AppIcon60x60@2x.png
copying file ./Payload/TumainiFund.app/TumainiFund ... 
2019-04-25 07:41:19 +0000  9667552 bytes for ./Payload/TumainiFund.app/TumainiFund
2019-04-25 07:41:19 +0000  copying file ./Payload/TumainiFund.app/AppIcon29x29@2x.png ... 
1509 bytes for ./Payload/TumainiFund.app/AppIcon29x29@2x.png
copying file ./Payload/TumainiFund.app/LaunchImage-800-667h@2x.png ... 
2019-04-25 07:41:19 +0000  32694 bytes for ./Payload/TumainiFund.app/LaunchImage-800-667h@2x.png
2019-04-25 07:41:19 +0000  copying file ./Payload/TumainiFund.app/LaunchImage-Portrait@2x~ipad.png ... 
2019-04-25 07:41:19 +0000  90562 bytes for ./Payload/TumainiFund.app/LaunchImage-Portrait@2x~ipad.png
2019-04-25 07:41:19 +0000  copying file ./Payload/TumainiFund.app/AppIcon40x40@3x.png ... 
3751 bytes for ./Payload/TumainiFund.app/AppIcon40x40@3x.png
copying file ./Payload/TumainiFund.app/@1xrightArrow.png ... 
1845 bytes for ./Payload/TumainiFund.app/@1xrightArrow.png
copying file ./Payload/TumainiFund.app/AppIcon29x29~ipad.png ... 
632 bytes for ./Payload/TumainiFund.app/AppIcon29x29~ipad.png
copying file ./Payload/TumainiFund.app/AppIcon40x40@2x.png ... 
2413 bytes for ./Payload/TumainiFund.app/AppIcon40x40@2x.png
copying file ./Payload/TumainiFund.app/LaunchImage-Portrait~ipad.png ... 
2019-04-25 07:41:19 +0000  32035 bytes for ./Payload/TumainiFund.app/LaunchImage-Portrait~ipad.png
2019-04-25 07:41:19 +0000  copying file ./Payload/TumainiFund.app/rightArrow.png ... 
1845 bytes for ./Payload/TumainiFund.app/rightArrow.png
copying file ./Payload/TumainiFund.app/AppIcon29x29@3x.png ... 
2649 bytes for ./Payload/TumainiFund.app/AppIcon29x29@3x.png
copying file ./Payload/TumainiFund.app/@3xuserImg.png ... 
6194 bytes for ./Payload/TumainiFund.app/@3xuserImg.png
copying file ./Payload/TumainiFund.app/@1xhomeLogo.png ... 
2019-04-25 07:41:19 +0000  36863 bytes for ./Payload/TumainiFund.app/@1xhomeLogo.png
2019-04-25 07:41:19 +0000  copying file ./Payload/TumainiFund.app/AppIcon60x60@3x.png ... 
6019 bytes for ./Payload/TumainiFund.app/AppIcon60x60@3x.png
copying file ./Payload/TumainiFund.app/homeLogo.png ... 
2019-04-25 07:41:19 +0000  36863 bytes for ./Payload/TumainiFund.app/homeLogo.png
2019-04-25 07:41:19 +0000  copying file ./Payload/TumainiFund.app/LaunchImage-Landscape~ipad.png ... 
2019-04-25 07:41:19 +0000  32025 bytes for ./Payload/TumainiFund.app/LaunchImage-Landscape~ipad.png
2019-04-25 07:41:19 +0000  copying file ./Payload/TumainiFund.app/LaunchImage-700-Portrait~ipad.png ... 
32035 bytes for ./Payload/TumainiFund.app/LaunchImage-700-Portrait~ipad.png
copying file ./Payload/TumainiFund.app/@3xhomeLogo.png ... 
2019-04-25 07:41:19 +0000  186445 bytes for ./Payload/TumainiFund.app/@3xhomeLogo.png
2019-04-25 07:41:19 +0000  copying file ./Payload/TumainiFund.app/@1xclose_drawer.png ... 
2019-04-25 07:41:19 +0000  1635 bytes for ./Payload/TumainiFund.app/@1xclose_drawer.png
copying file ./Payload/TumainiFund.app/Assets.car ... 
2019-04-25 07:41:19 +0000  208568 bytes for ./Payload/TumainiFund.app/Assets.car
2019-04-25 07:41:19 +0000  copying file ./Payload/TumainiFund.app/AppIcon40x40@2x~ipad.png ... 
2413 bytes for ./Payload/TumainiFund.app/AppIcon40x40@2x~ipad.png
copying file ./Payload/TumainiFund.app/AppIcon76x76@2x~ipad.png ... 
4908 bytes for ./Payload/TumainiFund.app/AppIcon76x76@2x~ipad.png
copying file ./Payload/TumainiFund.app/LaunchImage-800-Portrait-736h@3x.png ... 
2019-04-25 07:41:19 +0000  68241 bytes for ./Payload/TumainiFund.app/LaunchImage-800-Portrait-736h@3x.png
2019-04-25 07:41:19 +0000  copying file ./Payload/TumainiFund.app/LaunchImage-700@2x.png ... 
2019-04-25 07:41:19 +0000  21981 bytes for ./Payload/TumainiFund.app/LaunchImage-700@2x.png
2019-04-25 07:41:19 +0000  copying file ./Payload/TumainiFund.app/AppIcon83.5x83.5@2x~ipad.png ... 
2019-04-25 07:41:19 +0000  5477 bytes for ./Payload/TumainiFund.app/AppIcon83.5x83.5@2x~ipad.png
2019-04-25 07:41:19 +0000  copying file ./Payload/TumainiFund.app/LaunchImage-700-568h@2x.png ... 
22664 bytes for ./Payload/TumainiFund.app/LaunchImage-700-568h@2x.png
copying file ./Payload/TumainiFund.app/LaunchImage-Landscape@2x~ipad.png ... 
2019-04-25 07:41:19 +0000  91615 bytes for ./Payload/TumainiFund.app/LaunchImage-Landscape@2x~ipad.png
2019-04-25 07:41:19 +0000  copying file ./Payload/TumainiFund.app/LaunchScreen.storyboardc/01J-lp-oVM-view-Ze5-6b-2t3.nib ... 
2612 bytes for ./Payload/TumainiFund.app/LaunchScreen.storyboardc/01J-lp-oVM-view-Ze5-6b-2t3.nib
copying file ./Payload/TumainiFund.app/LaunchScreen.storyboardc/UIViewController-01J-lp-oVM.nib ... 
832 bytes for ./Payload/TumainiFund.app/LaunchScreen.storyboardc/UIViewController-01J-lp-oVM.nib
copying file ./Payload/TumainiFund.app/LaunchScreen.storyboardc/Info.plist ... 
258 bytes for ./Payload/TumainiFund.app/LaunchScreen.storyboardc/Info.plist
copying file ./Payload/TumainiFund.app/@1xuserImg.png ... 
2019-04-25 07:41:19 +0000  1643 bytes for ./Payload/TumainiFund.app/@1xuserImg.png
copying file ./Payload/TumainiFund.app/@2xhomeLogo.png ... 
2019-04-25 07:41:19 +0000  107105 bytes for ./Payload/TumainiFund.app/@2xhomeLogo.png
2019-04-25 07:41:19 +0000  copying file ./Payload/TumainiFund.app/AppIcon29x29@2x~ipad.png ... 
1509 bytes for ./Payload/TumainiFund.app/AppIcon29x29@2x~ipad.png
copying file ./Payload/TumainiFund.app/@2xuserImg.png ... 
3254 bytes for ./Payload/TumainiFund.app/@2xuserImg.png
copying file ./Payload/TumainiFund.app/LaunchImage-700-Landscape@2x~ipad.png ... 
2019-04-25 07:41:19 +0000  91615 bytes for ./Payload/TumainiFund.app/LaunchImage-700-Landscape@2x~ipad.png
2019-04-25 07:41:19 +0000  copying file ./Payload/TumainiFund.app/AppIcon40x40~ipad.png ... 
960 bytes for ./Payload/TumainiFund.app/AppIcon40x40~ipad.png
copying file ./Payload/TumainiFund.app/Frameworks/NativeScript.framework/_CodeSignature/CodeResources ... 
1798 bytes for ./Payload/TumainiFund.app/Frameworks/NativeScript.framework/_CodeSignature/CodeResources
copying file ./Payload/TumainiFund.app/Frameworks/NativeScript.framework/NativeScript ... 
2019-04-25 07:41:21 +0000  25617792 bytes for ./Payload/TumainiFund.app/Frameworks/NativeScript.framework/NativeScript
2019-04-25 07:41:21 +0000  copying file ./Payload/TumainiFund.app/Frameworks/NativeScript.framework/Info.plist ... 
757 bytes for ./Payload/TumainiFund.app/Frameworks/NativeScript.framework/Info.plist
2019-04-25 07:41:21 +0000  copying file ./Payload/TumainiFund.app/Frameworks/TNSSideDrawer.framework/_CodeSignature/CodeResources ... 
2019-04-25 07:41:21 +0000  1798 bytes for ./Payload/TumainiFund.app/Frameworks/TNSSideDrawer.framework/_CodeSignature/CodeResources
2019-04-25 07:41:21 +0000  copying file ./Payload/TumainiFund.app/Frameworks/TNSSideDrawer.framework/TNSSideDrawer ... 
2019-04-25 07:41:22 +0000  781024 bytes for ./Payload/TumainiFund.app/Frameworks/TNSSideDrawer.framework/TNSSideDrawer
2019-04-25 07:41:22 +0000  copying file ./Payload/TumainiFund.app/Frameworks/TNSSideDrawer.framework/Info.plist ... 
717 bytes for ./Payload/TumainiFund.app/Frameworks/TNSSideDrawer.framework/Info.plist
copying file ./Payload/TumainiFund.app/Frameworks/IQKeyboardManager.framework/_CodeSignature/CodeResources ... 
4698 bytes for ./Payload/TumainiFund.app/Frameworks/IQKeyboardManager.framework/_CodeSignature/CodeResources
copying file ./Payload/TumainiFund.app/Frameworks/IQKeyboardManager.framework/IQKeyboardManager.bundle/IQButtonBarArrowRight@2x.png ... 
2019-04-25 07:41:22 +0000  1786 bytes for ./Payload/TumainiFund.app/Frameworks/IQKeyboardManager.framework/IQKeyboardManager.bundle/IQButtonBarArrowRight@2x.png
2019-04-25 07:41:22 +0000  copying file ./Payload/TumainiFund.app/Frameworks/IQKeyboardManager.framework/IQKeyboardManager.bundle/IQButtonBarArrowUp@3x.png ... 
2019-04-25 07:41:22 +0000  2164 bytes for ./Payload/TumainiFund.app/Frameworks/IQKeyboardManager.framework/IQKeyboardManager.bundle/IQButtonBarArrowUp@3x.png
copying file ./Payload/TumainiFund.app/Frameworks/IQKeyboardManager.framework/IQKeyboardManager.bundle/IQButtonBarArrowUp@2x.png ... 
2019-04-25 07:41:22 +0000  1769 bytes for ./Payload/TumainiFund.app/Frameworks/IQKeyboardManager.framework/IQKeyboardManager.bundle/IQButtonBarArrowUp@2x.png
2019-04-25 07:41:22 +0000  copying file ./Payload/TumainiFund.app/Frameworks/IQKeyboardManager.framework/IQKeyboardManager.bundle/IQButtonBarArrowRight@3x.png ... 
2019-04-25 07:41:22 +0000  1844 bytes for ./Payload/TumainiFund.app/Frameworks/IQKeyboardManager.framework/IQKeyboardManager.bundle/IQButtonBarArrowRight@3x.png
2019-04-25 07:41:22 +0000  copying file ./Payload/TumainiFund.app/Frameworks/IQKeyboardManager.framework/IQKeyboardManager.bundle/IQButtonBarArrowLeft@3x.png ... 
2019-04-25 07:41:22 +0000  1815 bytes for ./Payload/TumainiFund.app/Frameworks/IQKeyboardManager.framework/IQKeyboardManager.bundle/IQButtonBarArrowLeft@3x.png
copying file ./Payload/TumainiFund.app/Frameworks/IQKeyboardManager.framework/IQKeyboardManager.bundle/IQButtonBarArrowDown@3x.png ... 
2019-04-25 07:41:22 +0000  2177 bytes for ./Payload/TumainiFund.app/Frameworks/IQKeyboardManager.framework/IQKeyboardManager.bundle/IQButtonBarArrowDown@3x.png
copying file ./Payload/TumainiFund.app/Frameworks/IQKeyboardManager.framework/IQKeyboardManager.bundle/IQButtonBarArrowDown@2x.png ... 
2019-04-25 07:41:22 +0000  1764 bytes for ./Payload/TumainiFund.app/Frameworks/IQKeyboardManager.framework/IQKeyboardManager.bundle/IQButtonBarArrowDown@2x.png
2019-04-25 07:41:22 +0000  copying file ./Payload/TumainiFund.app/Frameworks/IQKeyboardManager.framework/IQKeyboardManager.bundle/IQButtonBarArrowLeft@2x.png ... 
1793 bytes for ./Payload/TumainiFund.app/Frameworks/IQKeyboardManager.framework/IQKeyboardManager.bundle/IQButtonBarArrowLeft@2x.png
2019-04-25 07:41:22 +0000  copying file ./Payload/TumainiFund.app/Frameworks/IQKeyboardManager.framework/IQKeyboardManager ... 
2019-04-25 07:41:22 +0000  629936 bytes for ./Payload/TumainiFund.app/Frameworks/IQKeyboardManager.framework/IQKeyboardManager
2019-04-25 07:41:22 +0000  copying file ./Payload/TumainiFund.app/Frameworks/IQKeyboardManager.framework/Info.plist ... 
760 bytes for ./Payload/TumainiFund.app/Frameworks/IQKeyboardManager.framework/Info.plist
copying file ./Payload/TumainiFund.app/Frameworks/sqlitewrapper.framework/_CodeSignature/CodeResources ... 
1798 bytes for ./Payload/TumainiFund.app/Frameworks/sqlitewrapper.framework/_CodeSignature/CodeResources
copying file ./Payload/TumainiFund.app/Frameworks/sqlitewrapper.framework/Info.plist ... 
721 bytes for ./Payload/TumainiFund.app/Frameworks/sqlitewrapper.framework/Info.plist
copying file ./Payload/TumainiFund.app/Frameworks/sqlitewrapper.framework/sqlitewrapper ... 
2019-04-25 07:41:22 +0000  168704 bytes for ./Payload/TumainiFund.app/Frameworks/sqlitewrapper.framework/sqlitewrapper
2019-04-25 07:41:22 +0000  copying file ./Payload/TumainiFund.app/Frameworks/ISMessages.framework/_CodeSignature/CodeResources ... 
6074 bytes for ./Payload/TumainiFund.app/Frameworks/ISMessages.framework/_CodeSignature/CodeResources
copying file ./Payload/TumainiFund.app/Frameworks/ISMessages.framework/ISMessages ... 
2019-04-25 07:41:22 +0000  268832 bytes for ./Payload/TumainiFund.app/Frameworks/ISMessages.framework/ISMessages
2019-04-25 07:41:22 +0000  copying file ./Payload/TumainiFund.app/Frameworks/ISMessages.framework/ISMessages.bundle/isInfoIcon.png ... 
2325 bytes for ./Payload/TumainiFund.app/Frameworks/ISMessages.framework/ISMessages.bundle/isInfoIcon.png
copying file ./Payload/TumainiFund.app/Frameworks/ISMessages.framework/ISMessages.bundle/isErrorIcon@3x.png ... 
2019-04-25 07:41:22 +0000  9731 bytes for ./Payload/TumainiFund.app/Frameworks/ISMessages.framework/ISMessages.bundle/isErrorIcon@3x.png
2019-04-25 07:41:22 +0000  copying file ./Payload/TumainiFund.app/Frameworks/ISMessages.framework/ISMessages.bundle/isWarningIcon@3x.png ... 
7766 bytes for ./Payload/TumainiFund.app/Frameworks/ISMessages.framework/ISMessages.bundle/isWarningIcon@3x.png
copying file ./Payload/TumainiFund.app/Frameworks/ISMessages.framework/ISMessages.bundle/isErrorIcon.png ... 
2684 bytes for ./Payload/TumainiFund.app/Frameworks/ISMessages.framework/ISMessages.bundle/isErrorIcon.png
copying file ./Payload/TumainiFund.app/Frameworks/ISMessages.framework/ISMessages.bundle/isWarningIcon@2x.png ... 
5474 bytes for ./Payload/TumainiFund.app/Frameworks/ISMessages.framework/ISMessages.bundle/isWarningIcon@2x.png
copying file ./Payload/TumainiFund.app/Frameworks/ISMessages.framework/ISMessages.bundle/isErrorIcon@2x.png ... 
2019-04-25 07:41:22 +0000  6254 bytes for ./Payload/TumainiFund.app/Frameworks/ISMessages.framework/ISMessages.bundle/isErrorIcon@2x.png
copying file ./Payload/TumainiFund.app/Frameworks/ISMessages.framework/ISMessages.bundle/isSuccessIcon.png ... 
2019-04-25 07:41:22 +0000  2739 bytes for ./Payload/TumainiFund.app/Frameworks/ISMessages.framework/ISMessages.bundle/isSuccessIcon.png
2019-04-25 07:41:22 +0000  copying file ./Payload/TumainiFund.app/Frameworks/ISMessages.framework/ISMessages.bundle/isSuccessIcon@2x.png ... 
2019-04-25 07:41:22 +0000  6576 bytes for ./Payload/TumainiFund.app/Frameworks/ISMessages.framework/ISMessages.bundle/isSuccessIcon@2x.png
2019-04-25 07:41:22 +0000  copying file ./Payload/TumainiFund.app/Frameworks/ISMessages.framework/ISMessages.bundle/isWarningIcon.png ... 
2019-04-25 07:41:22 +0000  2339 bytes for ./Payload/TumainiFund.app/Frameworks/ISMessages.framework/ISMessages.bundle/isWarningIcon.png
copying file ./Payload/TumainiFund.app/Frameworks/ISMessages.framework/ISMessages.bundle/isSuccessIcon@3x.png ... 
2019-04-25 07:41:22 +0000  13285 bytes for ./Payload/TumainiFund.app/Frameworks/ISMessages.framework/ISMessages.bundle/isSuccessIcon@3x.png
2019-04-25 07:41:22 +0000  copying file ./Payload/TumainiFund.app/Frameworks/ISMessages.framework/ISMessages.bundle/isInfoIcon@2x.png ... 
2019-04-25 07:41:22 +0000  5045 bytes for ./Payload/TumainiFund.app/Frameworks/ISMessages.framework/ISMessages.bundle/isInfoIcon@2x.png
2019-04-25 07:41:22 +0000  copying file ./Payload/TumainiFund.app/Frameworks/ISMessages.framework/ISMessages.bundle/isInfoIcon@3x.png ... 
2019-04-25 07:41:22 +0000  7726 bytes for ./Payload/TumainiFund.app/Frameworks/ISMessages.framework/ISMessages.bundle/isInfoIcon@3x.png
2019-04-25 07:41:22 +0000  copying file ./Payload/TumainiFund.app/Frameworks/ISMessages.framework/ISMessages.bundle/Info.plist ... 
2019-04-25 07:41:22 +0000  719 bytes for ./Payload/TumainiFund.app/Frameworks/ISMessages.framework/ISMessages.bundle/Info.plist
copying file ./Payload/TumainiFund.app/Frameworks/ISMessages.framework/Info.plist ... 
2019-04-25 07:41:22 +0000  744 bytes for ./Payload/TumainiFund.app/Frameworks/ISMessages.framework/Info.plist
2019-04-25 07:41:22 +0000  copying file ./Payload/TumainiFund.app/Frameworks/TNSWidgets.framework/_CodeSignature/CodeResources ... 
2019-04-25 07:41:22 +0000  1798 bytes for ./Payload/TumainiFund.app/Frameworks/TNSWidgets.framework/_CodeSignature/CodeResources
2019-04-25 07:41:22 +0000  copying file ./Payload/TumainiFund.app/Frameworks/TNSWidgets.framework/TNSWidgets ... 
2019-04-25 07:41:22 +0000  200448 bytes for ./Payload/TumainiFund.app/Frameworks/TNSWidgets.framework/TNSWidgets
copying file ./Payload/TumainiFund.app/Frameworks/TNSWidgets.framework/Info.plist ... 
2019-04-25 07:41:22 +0000  741 bytes for ./Payload/TumainiFund.app/Frameworks/TNSWidgets.framework/Info.plist
copying file ./Payload/TumainiFund.app/Frameworks/SAMKeychain.framework/_CodeSignature/CodeResources ... 
2267 bytes for ./Payload/TumainiFund.app/Frameworks/SAMKeychain.framework/_CodeSignature/CodeResources
copying file ./Payload/TumainiFund.app/Frameworks/SAMKeychain.framework/SAMKeychain ... 
2019-04-25 07:41:22 +0000  262208 bytes for ./Payload/TumainiFund.app/Frameworks/SAMKeychain.framework/SAMKeychain
2019-04-25 07:41:22 +0000  copying file ./Payload/TumainiFund.app/Frameworks/SAMKeychain.framework/SAMKeychain.bundle/en.lproj/SAMKeychain.strings ... 
1580 bytes for ./Payload/TumainiFund.app/Frameworks/SAMKeychain.framework/SAMKeychain.bundle/en.lproj/SAMKeychain.strings
copying file ./Payload/TumainiFund.app/Frameworks/SAMKeychain.framework/Info.plist ... 
746 bytes for ./Payload/TumainiFund.app/Frameworks/SAMKeychain.framework/Info.plist
copying file ./Payload/TumainiFund.app/Frameworks/TNSCore.framework/_CodeSignature/CodeResources ... 
1798 bytes for ./Payload/TumainiFund.app/Frameworks/TNSCore.framework/_CodeSignature/CodeResources
copying file ./Payload/TumainiFund.app/Frameworks/TNSCore.framework/TNSCore ... 
2019-04-25 07:41:22 +0000  812688 bytes for ./Payload/TumainiFund.app/Frameworks/TNSCore.framework/TNSCore
2019-04-25 07:41:22 +0000  copying file ./Payload/TumainiFund.app/Frameworks/TNSCore.framework/Info.plist ... 
708 bytes for ./Payload/TumainiFund.app/Frameworks/TNSCore.framework/Info.plist
copying file ./Payload/TumainiFund.app/LaunchImage.png ... 
9762 bytes for ./Payload/TumainiFund.app/LaunchImage.png
copying file ./Payload/TumainiFund.app/embedded.mobileprovision ... 
7745 bytes for ./Payload/TumainiFund.app/embedded.mobileprovision
copying file ./Payload/TumainiFund.app/LaunchImage-800-Landscape-736h@3x.png ... 
2019-04-25 07:41:22 +0000  68149 bytes for ./Payload/TumainiFund.app/LaunchImage-800-Landscape-736h@3x.png
2019-04-25 07:41:22 +0000  copying file ./Payload/TumainiFund.app/LaunchImage-700-Portrait@2x~ipad.png ... 
2019-04-25 07:41:22 +0000  90562 bytes for ./Payload/TumainiFund.app/LaunchImage-700-Portrait@2x~ipad.png
2019-04-25 07:41:22 +0000  copying file ./Payload/TumainiFund.app/LaunchImage-700-Landscape~ipad.png ... 
2019-04-25 07:41:22 +0000  32025 bytes for ./Payload/TumainiFund.app/LaunchImage-700-Landscape~ipad.png
2019-04-25 07:41:22 +0000  copying file ./Payload/TumainiFund.app/Info.plist ... 
2019-04-25 07:41:22 +0000  1989 bytes for ./Payload/TumainiFund.app/Info.plist
2019-04-25 07:41:22 +0000  copying file ./Payload/TumainiFund.app/PkgInfo ... 
8 bytes for ./Payload/TumainiFund.app/PkgInfo
copying file ./Payload/TumainiFund.app/AppIcon76x76~ipad.png ... 
2279 bytes for ./Payload/TumainiFund.app/AppIcon76x76~ipad.png
2019-04-25 07:41:22 +0000 [MT] /usr/bin/ditto exited with 0
2019-04-25 07:41:22 +0000 [MT] Processing step: IDEDistributionAppStoreInformationStep
2019-04-25 07:41:22 +0000 [MT] Skipping step: IDEDistributionAppStoreInformationStep because it said so
2019-04-25 07:41:22 +0000 [MT] Processing step: IDEDistributionCreateManifestStep
