2019-05-26 08:27:55 +0000 [MT] Initial pipeline context: <IDEDistributionProcessingPipelineContext: 0x7f8fc2979fc0; archive(resolved)='<IDEArchive: 0x7f8fbdc80cf0>', distributionTask(resolved)='2', distributionDestination(resolved)='1', distributionMethod(resolved)='<IDEDistributionMethodDevelopmentSigned: 0x7f8fbdc81a20>', team(resolved)='<IDEProvisioningBasicTeam: 0x7f8fc29c0600; teamID='KY496XS6J2', teamName='Cameron Riou'>'>
	Chain (11, self inclusive):
	<IDEDistributionProcessingPipelineContext: 0x7f8fc2979fc0; archive = '<IDEArchive: 0x7f8fbdc80cf0>', distributionMethod='<IDEDistributionMethodDevelopmentSigned: 0x7f8fbdc81a20>', team='<IDEProvisioningBasicTeam: 0x7f8fc29c0600; teamID='KY496XS6J2', teamName='Cameron Riou'>'>
	<IDEDistributionProcessingPipelineContext: 0x7f8fc2979cd0; archive = '<IDEArchive: 0x7f8fbdc80cf0>', distributionMethod='<IDEDistributionMethodDevelopmentSigned: 0x7f8fbdc81a20>', team='<IDEProvisioningBasicTeam: 0x7f8fc29c0600; teamID='KY496XS6J2', teamName='Cameron Riou'>'>
	<IDEDistributionContext: 0x7f8fc2979b60; archive = '<IDEArchive: 0x7f8fbdc80cf0>', distributionMethod='<IDEDistributionMethodDevelopmentSigned: 0x7f8fbdc81a20>', team='<IDEProvisioningBasicTeam: 0x7f8fc29c0600; teamID='KY496XS6J2', teamName='Cameron Riou'>'>
	<IDEDistributionContext: 0x7f8fc2b3b570; archive = '<IDEArchive: 0x7f8fbdc80cf0>', distributionMethod='<IDEDistributionMethodDevelopmentSigned: 0x7f8fbdc81a20>', team='<IDEProvisioningBasicTeam: 0x7f8fc29c0600; teamID='KY496XS6J2', teamName='Cameron Riou'>'>
	<IDEDistributionContext: 0x7f8fc2b39ab0; archive = '<IDEArchive: 0x7f8fbdc80cf0>', distributionMethod='<IDEDistributionMethodDevelopmentSigned: 0x7f8fbdc81a20>', team='<IDEProvisioningBasicTeam: 0x7f8fc29c0600; teamID='KY496XS6J2', teamName='Cameron Riou'>'>
	<IDEDistributionContext: 0x7f8fc2b2ee30; archive = '<IDEArchive: 0x7f8fbdc80cf0>', distributionMethod='<IDEDistributionMethodDevelopmentSigned: 0x7f8fbdc81a20>', team='<IDEProvisioningBasicTeam: 0x7f8fc29c0600; teamID='KY496XS6J2', teamName='Cameron Riou'>'>
	<IDEDistributionContext: 0x7f8fc2c03910; archive = '<IDEArchive: 0x7f8fbdc80cf0>', distributionMethod='<IDEDistributionMethodDevelopmentSigned: 0x7f8fbdc81a20>', team='<IDEProvisioningBasicTeam: 0x7f8fc29c0600; teamID='KY496XS6J2', teamName='Cameron Riou'>'>
	<IDEDistributionContext: 0x7f8fc29fb380; archive = '<IDEArchive: 0x7f8fbdc80cf0>', distributionMethod='<IDEDistributionMethodDevelopmentSigned: 0x7f8fbdc81a20>', team='<IDEProvisioningBasicTeam: 0x7f8fc29c0600; teamID='KY496XS6J2', teamName='Cameron Riou'>'>
	<IDEDistributionContext: 0x7f8fc2964fa0; archive = '<IDEArchive: 0x7f8fbdc80cf0>', distributionMethod='<IDEDistributionMethodDevelopmentSigned: 0x7f8fbdc81a20>', team='<IDEProvisioningBasicTeam: 0x7f8fc29c0600; teamID='KY496XS6J2', teamName='Cameron Riou'>'>
	<IDEDistributionContext: 0x7f8fbdc872f0; archive = '<IDEArchive: 0x7f8fbdc80cf0>', distributionMethod='<IDEDistributionMethodDevelopmentSigned: 0x7f8fbdc81a20>', team='(null)'>
	<IDEDistributionContext: 0x7f8fc29487a0; archive = '<IDEArchive: 0x7f8fbdc80cf0>', distributionMethod='(null)', team='(null)'>
</IDEDistributionProcessingPipelineContext: 0x7f8fc2979fc0>
2019-05-26 08:27:55 +0000 [MT] Processing step: IDEDistributionCreateDestRootStep
2019-05-26 08:27:55 +0000 [MT] Processing step: IDEDistributionCopyItemStep
2019-05-26 08:27:55 +0000 [MT] Running /usr/bin/ditto '-V' '/Users/cameronriou/Desktop/TumainiFund/TechDay/TumainiFund/platforms/ios/build/Debug-iphoneos/TumainiFund.xcarchive/Products/Applications/TumainiFund.app' '/var/folders/jn/h_pd0d8d1399b6p327j_d7nr0000gn/T/XcodeDistPipeline.~~~4gLrOw/Root/Payload/TumainiFund.app'
2019-05-26 08:27:55 +0000  >>> Copying /Users/cameronriou/Desktop/TumainiFund/TechDay/TumainiFund/platforms/ios/build/Debug-iphoneos/TumainiFund.xcarchive/Products/Applications/TumainiFund.app 
2019-05-26 08:27:55 +0000  copying file ./_CodeSignature/CodeResources ... 
2019-05-26 08:27:55 +0000  39199 bytes for ./_CodeSignature/CodeResources
2019-05-26 08:27:55 +0000  copying file ./close_drawer.png ... 
2019-05-26 08:27:55 +0000  1635 bytes for ./close_drawer.png
copying file ./@3xclose_drawer.png ... 
2019-05-26 08:27:55 +0000  6186 bytes for ./@3xclose_drawer.png
2019-05-26 08:27:55 +0000  copying file ./LaunchImage@2x.png ... 
2019-05-26 08:27:55 +0000  21981 bytes for ./LaunchImage@2x.png
copying file ./menuIcon.png ... 
2019-05-26 08:27:55 +0000  1362 bytes for ./menuIcon.png
2019-05-26 08:27:55 +0000  copying file ./@2xrightArrow.png ... 
2019-05-26 08:27:55 +0000  3828 bytes for ./@2xrightArrow.png
2019-05-26 08:27:55 +0000  copying file ./en.lproj/InfoPlist.strings ... 
2019-05-26 08:27:55 +0000  42 bytes for ./en.lproj/InfoPlist.strings
copying file ./@3xrightArrow.png ... 
2019-05-26 08:27:55 +0000  6164 bytes for ./@3xrightArrow.png
2019-05-26 08:27:55 +0000  copying file ./app/bundle.js ... 
2019-05-26 08:27:55 +0000  137843 bytes for ./app/bundle.js
copying file ./app/vendor.js ... 
2019-05-26 08:27:55 +0000  6289683 bytes for ./app/vendor.js
2019-05-26 08:27:55 +0000  copying file ./app/package.json ... 
134 bytes for ./app/package.json
copying file ./app/starter.js ... 
39 bytes for ./app/starter.js
copying file ./app/assets/images/close_drawer.png ... 
1932 bytes for ./app/assets/images/close_drawer.png
copying file ./app/assets/images/menuIcon.png ... 
1655 bytes for ./app/assets/images/menuIcon.png
copying file ./app/assets/images/userImg.png ... 
2019-05-26 08:27:55 +0000  2060 bytes for ./app/assets/images/userImg.png
2019-05-26 08:27:55 +0000  copying file ./app/assets/images/rightArrow.png ... 
2019-05-26 08:27:55 +0000  2399 bytes for ./app/assets/images/rightArrow.png
copying file ./app/assets/images/homeLogo.png ... 
2019-05-26 08:27:55 +0000  45787 bytes for ./app/assets/images/homeLogo.png
2019-05-26 08:27:55 +0000  copying file ./app/assets/images/logo.png ... 
2019-05-26 08:27:55 +0000  13656 bytes for ./app/assets/images/logo.png
2019-05-26 08:27:55 +0000  copying file ./AppIcon29x29.png ... 
2019-05-26 08:27:55 +0000  632 bytes for ./AppIcon29x29.png
2019-05-26 08:27:55 +0000  copying file ./build.xcconfig ... 
2019-05-26 08:27:55 +0000  563 bytes for ./build.xcconfig
2019-05-26 08:27:55 +0000  copying file ./userImg.png ... 
2019-05-26 08:27:55 +0000  1643 bytes for ./userImg.png
2019-05-26 08:27:55 +0000  copying file ./LaunchImage-568h@2x.png ... 
2019-05-26 08:27:55 +0000  22664 bytes for ./LaunchImage-568h@2x.png
2019-05-26 08:27:55 +0000  copying file ./@2xclose_drawer.png ... 
2019-05-26 08:27:55 +0000  4329 bytes for ./@2xclose_drawer.png
2019-05-26 08:27:55 +0000  copying file ./AppIcon60x60@2x.png ... 
2019-05-26 08:27:55 +0000  3751 bytes for ./AppIcon60x60@2x.png
copying file ./TumainiFund ... 
2019-05-26 08:27:55 +0000  10035952 bytes for ./TumainiFund
copying file ./AppIcon29x29@2x.png ... 
2019-05-26 08:27:55 +0000  1509 bytes for ./AppIcon29x29@2x.png
copying file ./LaunchImage-800-667h@2x.png ... 
32694 bytes for ./LaunchImage-800-667h@2x.png
copying file ./LaunchImage-Portrait@2x~ipad.png ... 
90562 bytes for ./LaunchImage-Portrait@2x~ipad.png
copying file ./AppIcon40x40@3x.png ... 
3751 bytes for ./AppIcon40x40@3x.png
copying file ./@1xrightArrow.png ... 
2019-05-26 08:27:55 +0000  1845 bytes for ./@1xrightArrow.png
copying file ./AppIcon29x29~ipad.png ... 
2019-05-26 08:27:55 +0000  632 bytes for ./AppIcon29x29~ipad.png
2019-05-26 08:27:55 +0000  copying file ./AppIcon40x40@2x.png ... 
2019-05-26 08:27:55 +0000  2413 bytes for ./AppIcon40x40@2x.png
copying file ./LaunchImage-Portrait~ipad.png ... 
2019-05-26 08:27:55 +0000  32035 bytes for ./LaunchImage-Portrait~ipad.png
2019-05-26 08:27:55 +0000  copying file ./rightArrow.png ... 
2019-05-26 08:27:55 +0000  1845 bytes for ./rightArrow.png
copying file ./AppIcon29x29@3x.png ... 
2019-05-26 08:27:55 +0000  2649 bytes for ./AppIcon29x29@3x.png
copying file ./@3xuserImg.png ... 
2019-05-26 08:27:55 +0000  6194 bytes for ./@3xuserImg.png
2019-05-26 08:27:55 +0000  copying file ./@1xhomeLogo.png ... 
2019-05-26 08:27:55 +0000  36863 bytes for ./@1xhomeLogo.png
2019-05-26 08:27:55 +0000  copying file ./AppIcon60x60@3x.png ... 
2019-05-26 08:27:55 +0000  6019 bytes for ./AppIcon60x60@3x.png
2019-05-26 08:27:55 +0000  copying file ./homeLogo.png ... 
2019-05-26 08:27:55 +0000  36863 bytes for ./homeLogo.png
2019-05-26 08:27:55 +0000  copying file ./LaunchImage-Landscape~ipad.png ... 
2019-05-26 08:27:55 +0000  32025 bytes for ./LaunchImage-Landscape~ipad.png
2019-05-26 08:27:55 +0000  copying file ./LaunchImage-700-Portrait~ipad.png ... 
2019-05-26 08:27:55 +0000  32035 bytes for ./LaunchImage-700-Portrait~ipad.png
2019-05-26 08:27:55 +0000  copying file ./@3xhomeLogo.png ... 
2019-05-26 08:27:55 +0000  186445 bytes for ./@3xhomeLogo.png
2019-05-26 08:27:55 +0000  copying file ./@1xclose_drawer.png ... 
2019-05-26 08:27:55 +0000  1635 bytes for ./@1xclose_drawer.png
copying file ./Assets.car ... 
2019-05-26 08:27:55 +0000  208568 bytes for ./Assets.car
2019-05-26 08:27:55 +0000  copying file ./AppIcon40x40@2x~ipad.png ... 
2019-05-26 08:27:55 +0000  2413 bytes for ./AppIcon40x40@2x~ipad.png
2019-05-26 08:27:55 +0000  copying file ./AppIcon76x76@2x~ipad.png ... 
2019-05-26 08:27:55 +0000  4908 bytes for ./AppIcon76x76@2x~ipad.png
copying file ./LaunchImage-800-Portrait-736h@3x.png ... 
2019-05-26 08:27:55 +0000  68241 bytes for ./LaunchImage-800-Portrait-736h@3x.png
2019-05-26 08:27:55 +0000  copying file ./LaunchImage-700@2x.png ... 
2019-05-26 08:27:55 +0000  21981 bytes for ./LaunchImage-700@2x.png
copying file ./AppIcon83.5x83.5@2x~ipad.png ... 
2019-05-26 08:27:55 +0000  5477 bytes for ./AppIcon83.5x83.5@2x~ipad.png
2019-05-26 08:27:55 +0000  copying file ./LaunchImage-700-568h@2x.png ... 
2019-05-26 08:27:55 +0000  22664 bytes for ./LaunchImage-700-568h@2x.png
2019-05-26 08:27:55 +0000  copying file ./LaunchImage-Landscape@2x~ipad.png ... 
2019-05-26 08:27:55 +0000  91615 bytes for ./LaunchImage-Landscape@2x~ipad.png
2019-05-26 08:27:55 +0000  copying file ./LaunchScreen.storyboardc/01J-lp-oVM-view-Ze5-6b-2t3.nib ... 
2019-05-26 08:27:55 +0000  2611 bytes for ./LaunchScreen.storyboardc/01J-lp-oVM-view-Ze5-6b-2t3.nib
copying file ./LaunchScreen.storyboardc/UIViewController-01J-lp-oVM.nib ... 
2019-05-26 08:27:55 +0000  832 bytes for ./LaunchScreen.storyboardc/UIViewController-01J-lp-oVM.nib
2019-05-26 08:27:55 +0000  copying file ./LaunchScreen.storyboardc/Info.plist ... 
2019-05-26 08:27:55 +0000  258 bytes for ./LaunchScreen.storyboardc/Info.plist
copying file ./@1xuserImg.png ... 
2019-05-26 08:27:55 +0000  1643 bytes for ./@1xuserImg.png
copying file ./@2xhomeLogo.png ... 
2019-05-26 08:27:55 +0000  107105 bytes for ./@2xhomeLogo.png
2019-05-26 08:27:55 +0000  copying file ./AppIcon29x29@2x~ipad.png ... 
2019-05-26 08:27:55 +0000  1509 bytes for ./AppIcon29x29@2x~ipad.png
copying file ./@2xuserImg.png ... 
2019-05-26 08:27:55 +0000  3254 bytes for ./@2xuserImg.png
2019-05-26 08:27:55 +0000  copying file ./LaunchImage-700-Landscape@2x~ipad.png ... 
2019-05-26 08:27:55 +0000  91615 bytes for ./LaunchImage-700-Landscape@2x~ipad.png
2019-05-26 08:27:55 +0000  copying file ./AppIcon40x40~ipad.png ... 
2019-05-26 08:27:55 +0000  960 bytes for ./AppIcon40x40~ipad.png
2019-05-26 08:27:55 +0000  copying file ./Frameworks/NativeScript.framework/_CodeSignature/CodeResources ... 
2019-05-26 08:27:55 +0000  1798 bytes for ./Frameworks/NativeScript.framework/_CodeSignature/CodeResources
2019-05-26 08:27:55 +0000  copying file ./Frameworks/NativeScript.framework/NativeScript ... 
2019-05-26 08:27:55 +0000  25617488 bytes for ./Frameworks/NativeScript.framework/NativeScript
copying file ./Frameworks/NativeScript.framework/Info.plist ... 
2019-05-26 08:27:55 +0000  757 bytes for ./Frameworks/NativeScript.framework/Info.plist
copying file ./Frameworks/TNSSideDrawer.framework/_CodeSignature/CodeResources ... 
1798 bytes for ./Frameworks/TNSSideDrawer.framework/_CodeSignature/CodeResources
copying file ./Frameworks/TNSSideDrawer.framework/TNSSideDrawer ... 
780720 bytes for ./Frameworks/TNSSideDrawer.framework/TNSSideDrawer
copying file ./Frameworks/TNSSideDrawer.framework/Info.plist ... 
2019-05-26 08:27:55 +0000  717 bytes for ./Frameworks/TNSSideDrawer.framework/Info.plist
2019-05-26 08:27:55 +0000  copying file ./Frameworks/IQKeyboardManager.framework/_CodeSignature/CodeResources ... 
2019-05-26 08:27:55 +0000  4698 bytes for ./Frameworks/IQKeyboardManager.framework/_CodeSignature/CodeResources
2019-05-26 08:27:55 +0000  copying file ./Frameworks/IQKeyboardManager.framework/IQKeyboardManager.bundle/IQButtonBarArrowRight@2x.png ... 
2019-05-26 08:27:55 +0000  1786 bytes for ./Frameworks/IQKeyboardManager.framework/IQKeyboardManager.bundle/IQButtonBarArrowRight@2x.png
copying file ./Frameworks/IQKeyboardManager.framework/IQKeyboardManager.bundle/IQButtonBarArrowUp@3x.png ... 
2019-05-26 08:27:55 +0000  2164 bytes for ./Frameworks/IQKeyboardManager.framework/IQKeyboardManager.bundle/IQButtonBarArrowUp@3x.png
copying file ./Frameworks/IQKeyboardManager.framework/IQKeyboardManager.bundle/IQButtonBarArrowUp@2x.png ... 
2019-05-26 08:27:55 +0000  1769 bytes for ./Frameworks/IQKeyboardManager.framework/IQKeyboardManager.bundle/IQButtonBarArrowUp@2x.png
2019-05-26 08:27:55 +0000  copying file ./Frameworks/IQKeyboardManager.framework/IQKeyboardManager.bundle/IQButtonBarArrowRight@3x.png ... 
2019-05-26 08:27:55 +0000  1844 bytes for ./Frameworks/IQKeyboardManager.framework/IQKeyboardManager.bundle/IQButtonBarArrowRight@3x.png
copying file ./Frameworks/IQKeyboardManager.framework/IQKeyboardManager.bundle/IQButtonBarArrowLeft@3x.png ... 
2019-05-26 08:27:55 +0000  1815 bytes for ./Frameworks/IQKeyboardManager.framework/IQKeyboardManager.bundle/IQButtonBarArrowLeft@3x.png
copying file ./Frameworks/IQKeyboardManager.framework/IQKeyboardManager.bundle/IQButtonBarArrowDown@3x.png ... 
2019-05-26 08:27:55 +0000  2177 bytes for ./Frameworks/IQKeyboardManager.framework/IQKeyboardManager.bundle/IQButtonBarArrowDown@3x.png
copying file ./Frameworks/IQKeyboardManager.framework/IQKeyboardManager.bundle/IQButtonBarArrowDown@2x.png ... 
2019-05-26 08:27:55 +0000  1764 bytes for ./Frameworks/IQKeyboardManager.framework/IQKeyboardManager.bundle/IQButtonBarArrowDown@2x.png
copying file ./Frameworks/IQKeyboardManager.framework/IQKeyboardManager.bundle/IQButtonBarArrowLeft@2x.png ... 
2019-05-26 08:27:55 +0000  1793 bytes for ./Frameworks/IQKeyboardManager.framework/IQKeyboardManager.bundle/IQButtonBarArrowLeft@2x.png
2019-05-26 08:27:55 +0000  copying file ./Frameworks/IQKeyboardManager.framework/IQKeyboardManager ... 
2019-05-26 08:27:55 +0000  2378336 bytes for ./Frameworks/IQKeyboardManager.framework/IQKeyboardManager
2019-05-26 08:27:55 +0000  copying file ./Frameworks/IQKeyboardManager.framework/Info.plist ... 
760 bytes for ./Frameworks/IQKeyboardManager.framework/Info.plist
2019-05-26 08:27:55 +0000  copying file ./Frameworks/sqlitewrapper.framework/_CodeSignature/CodeResources ... 
2019-05-26 08:27:55 +0000  1798 bytes for ./Frameworks/sqlitewrapper.framework/_CodeSignature/CodeResources
2019-05-26 08:27:55 +0000  copying file ./Frameworks/sqlitewrapper.framework/Info.plist ... 
2019-05-26 08:27:55 +0000  721 bytes for ./Frameworks/sqlitewrapper.framework/Info.plist
copying file ./Frameworks/sqlitewrapper.framework/sqlitewrapper ... 
2019-05-26 08:27:55 +0000  168400 bytes for ./Frameworks/sqlitewrapper.framework/sqlitewrapper
2019-05-26 08:27:55 +0000  copying file ./Frameworks/ISMessages.framework/_CodeSignature/CodeResources ... 
2019-05-26 08:27:55 +0000  6074 bytes for ./Frameworks/ISMessages.framework/_CodeSignature/CodeResources
2019-05-26 08:27:55 +0000  copying file ./Frameworks/ISMessages.framework/ISMessages ... 
2019-05-26 08:27:55 +0000  714080 bytes for ./Frameworks/ISMessages.framework/ISMessages
2019-05-26 08:27:55 +0000  copying file ./Frameworks/ISMessages.framework/ISMessages.bundle/isInfoIcon.png ... 
2019-05-26 08:27:55 +0000  2325 bytes for ./Frameworks/ISMessages.framework/ISMessages.bundle/isInfoIcon.png
2019-05-26 08:27:55 +0000  copying file ./Frameworks/ISMessages.framework/ISMessages.bundle/isErrorIcon@3x.png ... 
2019-05-26 08:27:55 +0000  9731 bytes for ./Frameworks/ISMessages.framework/ISMessages.bundle/isErrorIcon@3x.png
copying file ./Frameworks/ISMessages.framework/ISMessages.bundle/isWarningIcon@3x.png ... 
2019-05-26 08:27:55 +0000  7766 bytes for ./Frameworks/ISMessages.framework/ISMessages.bundle/isWarningIcon@3x.png
2019-05-26 08:27:55 +0000  copying file ./Frameworks/ISMessages.framework/ISMessages.bundle/isErrorIcon.png ... 
2019-05-26 08:27:55 +0000  2684 bytes for ./Frameworks/ISMessages.framework/ISMessages.bundle/isErrorIcon.png
2019-05-26 08:27:55 +0000  copying file ./Frameworks/ISMessages.framework/ISMessages.bundle/isWarningIcon@2x.png ... 
2019-05-26 08:27:55 +0000  5474 bytes for ./Frameworks/ISMessages.framework/ISMessages.bundle/isWarningIcon@2x.png
2019-05-26 08:27:55 +0000  copying file ./Frameworks/ISMessages.framework/ISMessages.bundle/isErrorIcon@2x.png ... 
2019-05-26 08:27:55 +0000  6254 bytes for ./Frameworks/ISMessages.framework/ISMessages.bundle/isErrorIcon@2x.png
copying file ./Frameworks/ISMessages.framework/ISMessages.bundle/isSuccessIcon.png ... 
2019-05-26 08:27:55 +0000  2739 bytes for ./Frameworks/ISMessages.framework/ISMessages.bundle/isSuccessIcon.png
2019-05-26 08:27:55 +0000  copying file ./Frameworks/ISMessages.framework/ISMessages.bundle/isSuccessIcon@2x.png ... 
2019-05-26 08:27:55 +0000  6576 bytes for ./Frameworks/ISMessages.framework/ISMessages.bundle/isSuccessIcon@2x.png
copying file ./Frameworks/ISMessages.framework/ISMessages.bundle/isWarningIcon.png ... 
2019-05-26 08:27:55 +0000  2339 bytes for ./Frameworks/ISMessages.framework/ISMessages.bundle/isWarningIcon.png
2019-05-26 08:27:55 +0000  copying file ./Frameworks/ISMessages.framework/ISMessages.bundle/isSuccessIcon@3x.png ... 
2019-05-26 08:27:55 +0000  13285 bytes for ./Frameworks/ISMessages.framework/ISMessages.bundle/isSuccessIcon@3x.png
copying file ./Frameworks/ISMessages.framework/ISMessages.bundle/isInfoIcon@2x.png ... 
2019-05-26 08:27:55 +0000  5045 bytes for ./Frameworks/ISMessages.framework/ISMessages.bundle/isInfoIcon@2x.png
2019-05-26 08:27:55 +0000  copying file ./Frameworks/ISMessages.framework/ISMessages.bundle/isInfoIcon@3x.png ... 
2019-05-26 08:27:55 +0000  7726 bytes for ./Frameworks/ISMessages.framework/ISMessages.bundle/isInfoIcon@3x.png
copying file ./Frameworks/ISMessages.framework/ISMessages.bundle/Info.plist ... 
2019-05-26 08:27:55 +0000  719 bytes for ./Frameworks/ISMessages.framework/ISMessages.bundle/Info.plist
2019-05-26 08:27:55 +0000  copying file ./Frameworks/ISMessages.framework/Info.plist ... 
2019-05-26 08:27:55 +0000  744 bytes for ./Frameworks/ISMessages.framework/Info.plist
2019-05-26 08:27:55 +0000  copying file ./Frameworks/TNSWidgets.framework/_CodeSignature/CodeResources ... 
2019-05-26 08:27:55 +0000  1798 bytes for ./Frameworks/TNSWidgets.framework/_CodeSignature/CodeResources
2019-05-26 08:27:55 +0000  copying file ./Frameworks/TNSWidgets.framework/TNSWidgets ... 
2019-05-26 08:27:55 +0000  200144 bytes for ./Frameworks/TNSWidgets.framework/TNSWidgets
2019-05-26 08:27:55 +0000  copying file ./Frameworks/TNSWidgets.framework/Info.plist ... 
2019-05-26 08:27:55 +0000  741 bytes for ./Frameworks/TNSWidgets.framework/Info.plist
2019-05-26 08:27:55 +0000  copying file ./Frameworks/SAMKeychain.framework/_CodeSignature/CodeResources ... 
2019-05-26 08:27:55 +0000  2267 bytes for ./Frameworks/SAMKeychain.framework/_CodeSignature/CodeResources
2019-05-26 08:27:55 +0000  copying file ./Frameworks/SAMKeychain.framework/SAMKeychain ... 
2019-05-26 08:27:55 +0000  575056 bytes for ./Frameworks/SAMKeychain.framework/SAMKeychain
2019-05-26 08:27:55 +0000  copying file ./Frameworks/SAMKeychain.framework/SAMKeychain.bundle/en.lproj/SAMKeychain.strings ... 
2019-05-26 08:27:55 +0000  1580 bytes for ./Frameworks/SAMKeychain.framework/SAMKeychain.bundle/en.lproj/SAMKeychain.strings
2019-05-26 08:27:55 +0000  copying file ./Frameworks/SAMKeychain.framework/Info.plist ... 
2019-05-26 08:27:55 +0000  746 bytes for ./Frameworks/SAMKeychain.framework/Info.plist
2019-05-26 08:27:55 +0000  copying file ./Frameworks/TNSCore.framework/_CodeSignature/CodeResources ... 
2019-05-26 08:27:55 +0000  1798 bytes for ./Frameworks/TNSCore.framework/_CodeSignature/CodeResources
2019-05-26 08:27:55 +0000  copying file ./Frameworks/TNSCore.framework/TNSCore ... 
2019-05-26 08:27:55 +0000  812384 bytes for ./Frameworks/TNSCore.framework/TNSCore
2019-05-26 08:27:55 +0000  copying file ./Frameworks/TNSCore.framework/Info.plist ... 
2019-05-26 08:27:55 +0000  708 bytes for ./Frameworks/TNSCore.framework/Info.plist
2019-05-26 08:27:55 +0000  copying file ./LaunchImage.png ... 
2019-05-26 08:27:55 +0000  9762 bytes for ./LaunchImage.png
2019-05-26 08:27:55 +0000  copying file ./embedded.mobileprovision ... 
2019-05-26 08:27:55 +0000  7665 bytes for ./embedded.mobileprovision
copying file ./LaunchImage-800-Landscape-736h@3x.png ... 
2019-05-26 08:27:55 +0000  68149 bytes for ./LaunchImage-800-Landscape-736h@3x.png
2019-05-26 08:27:55 +0000  copying file ./LaunchImage-700-Portrait@2x~ipad.png ... 
2019-05-26 08:27:55 +0000  90562 bytes for ./LaunchImage-700-Portrait@2x~ipad.png
2019-05-26 08:27:55 +0000  copying file ./LaunchImage-700-Landscape~ipad.png ... 
2019-05-26 08:27:55 +0000  32025 bytes for ./LaunchImage-700-Landscape~ipad.png
copying file ./Info.plist ... 
2019-05-26 08:27:55 +0000  2111 bytes for ./Info.plist
2019-05-26 08:27:55 +0000  copying file ./PkgInfo ... 
2019-05-26 08:27:55 +0000  8 bytes for ./PkgInfo
copying file ./AppIcon76x76~ipad.png ... 
2019-05-26 08:27:55 +0000  2279 bytes for ./AppIcon76x76~ipad.png
2019-05-26 08:27:55 +0000 [MT] /usr/bin/ditto exited with 0
2019-05-26 08:27:55 +0000 [MT] Processing step: IDEDistributionEmbedProfileStep
2019-05-26 08:27:55 +0000 [MT] Skipping profile for item: <IDEDistributionItem: 0x7f8fc29ac530 'org.cocoapods.IQKeyboardManager' '<DVTFilePath:0x7f8fc07aab70:'/Users/cameronriou/Desktop/TumainiFund/TechDay/TumainiFund/platforms/ios/build/Debug-iphoneos/TumainiFund.xcarchive/Products/Applications/TumainiFund.app/Frameworks/IQKeyboardManager.framework'>'>
2019-05-26 08:27:55 +0000 [MT] Skipping profile for item: <IDEDistributionItem: 0x7f8fc29cdca0 'org.cocoapods.ISMessages' '<DVTFilePath:0x7f8fc2a4b4e0:'/Users/cameronriou/Desktop/TumainiFund/TechDay/TumainiFund/platforms/ios/build/Debug-iphoneos/TumainiFund.xcarchive/Products/Applications/TumainiFund.app/Frameworks/ISMessages.framework'>'>
2019-05-26 08:27:55 +0000 [MT] Skipping profile for item: <IDEDistributionItem: 0x7f8fc2a7a600 'org.nativescript.NativeScript' '<DVTFilePath:0x7f8fc298d2f0:'/Users/cameronriou/Desktop/TumainiFund/TechDay/TumainiFund/platforms/ios/build/Debug-iphoneos/TumainiFund.xcarchive/Products/Applications/TumainiFund.app/Frameworks/NativeScript.framework'>'>
2019-05-26 08:27:55 +0000 [MT] Skipping profile for item: <IDEDistributionItem: 0x7f8fc2b1b6b0 'org.cocoapods.SAMKeychain' '<DVTFilePath:0x7f8fc299d750:'/Users/cameronriou/Desktop/TumainiFund/TechDay/TumainiFund/platforms/ios/build/Debug-iphoneos/TumainiFund.xcarchive/Products/Applications/TumainiFund.app/Frameworks/SAMKeychain.framework'>'>
2019-05-26 08:27:55 +0000 [MT] Skipping profile for item: <IDEDistributionItem: 0x7f8fc2b1fdc0 'Telerik.TelerikUI.TNSCore' '<DVTFilePath:0x7f8fc2a54ef0:'/Users/cameronriou/Desktop/TumainiFund/TechDay/TumainiFund/platforms/ios/build/Debug-iphoneos/TumainiFund.xcarchive/Products/Applications/TumainiFund.app/Frameworks/TNSCore.framework'>'>
2019-05-26 08:27:55 +0000 [MT] Skipping profile for item: <IDEDistributionItem: 0x7f8fc07d1b90 'Telerik.TelerikUI.TNSSideDrawer' '<DVTFilePath:0x7f8fc2a468b0:'/Users/cameronriou/Desktop/TumainiFund/TechDay/TumainiFund/platforms/ios/build/Debug-iphoneos/TumainiFund.xcarchive/Products/Applications/TumainiFund.app/Frameworks/TNSSideDrawer.framework'>'>
2019-05-26 08:27:55 +0000 [MT] Skipping profile for item: <IDEDistributionItem: 0x7f8fc2a77310 'org.nativescript.TNSWidgets' '<DVTFilePath:0x7f8fc2a4fe50:'/Users/cameronriou/Desktop/TumainiFund/TechDay/TumainiFund/platforms/ios/build/Debug-iphoneos/TumainiFund.xcarchive/Products/Applications/TumainiFund.app/Frameworks/TNSWidgets.framework'>'>
2019-05-26 08:27:55 +0000 [MT] Skipping profile for item: <IDEDistributionItem: 0x7f8fc29c7040 'technology.master.sqlitewrapper' '<DVTFilePath:0x7f8fc07b5c30:'/Users/cameronriou/Desktop/TumainiFund/TechDay/TumainiFund/platforms/ios/build/Debug-iphoneos/TumainiFund.xcarchive/Products/Applications/TumainiFund.app/Frameworks/sqlitewrapper.framework'>'>
2019-05-26 08:27:55 +0000 [MT] Processing step: IDEDistributionAppThinningPlistStep
2019-05-26 08:27:55 +0000 [MT] Skipping step: IDEDistributionAppThinningPlistStep because it said so
2019-05-26 08:27:55 +0000 [MT] Processing step: IDEDistributionCompileBitcodeStep
2019-05-26 08:27:55 +0000 [MT] Skipping step: IDEDistributionCompileBitcodeStep because it said so
2019-05-26 08:27:55 +0000 [MT] Processing step: IDEDistributionCodeSlimmingStep
2019-05-26 08:27:55 +0000 [MT] Processing step: IDEDistributionCopyBCSymbolMapsStep
2019-05-26 08:27:55 +0000 [MT] Skipping step: IDEDistributionCopyBCSymbolMapsStep because it said so
2019-05-26 08:27:55 +0000 [MT] Skipping step: IDEDistributionCopyBCSymbolMapsStep because it said so
2019-05-26 08:27:55 +0000 [MT] Skipping step: IDEDistributionCopyBCSymbolMapsStep because it said so
2019-05-26 08:27:55 +0000 [MT] Skipping step: IDEDistributionCopyBCSymbolMapsStep because it said so
2019-05-26 08:27:55 +0000 [MT] Skipping step: IDEDistributionCopyBCSymbolMapsStep because it said so
2019-05-26 08:27:55 +0000 [MT] Skipping step: IDEDistributionCopyBCSymbolMapsStep because it said so
2019-05-26 08:27:55 +0000 [MT] Skipping step: IDEDistributionCopyBCSymbolMapsStep because it said so
2019-05-26 08:27:55 +0000 [MT] Skipping step: IDEDistributionCopyBCSymbolMapsStep because it said so
2019-05-26 08:27:55 +0000 [MT] Skipping step: IDEDistributionCopyBCSymbolMapsStep because it said so
2019-05-26 08:27:55 +0000 [MT] Processing step: IDEDistributionSymbolsStep
2019-05-26 08:27:55 +0000 [MT] Skipping step: IDEDistributionSymbolsStep because it said so
2019-05-26 08:27:55 +0000 [MT] Skipping step: IDEDistributionSymbolsStep because it said so
2019-05-26 08:27:55 +0000 [MT] Skipping step: IDEDistributionSymbolsStep because it said so
2019-05-26 08:27:55 +0000 [MT] Skipping step: IDEDistributionSymbolsStep because it said so
2019-05-26 08:27:55 +0000 [MT] Skipping step: IDEDistributionSymbolsStep because it said so
2019-05-26 08:27:55 +0000 [MT] Skipping step: IDEDistributionSymbolsStep because it said so
2019-05-26 08:27:55 +0000 [MT] Skipping step: IDEDistributionSymbolsStep because it said so
2019-05-26 08:27:55 +0000 [MT] Skipping step: IDEDistributionSymbolsStep because it said so
2019-05-26 08:27:55 +0000 [MT] Skipping step: IDEDistributionSymbolsStep because it said so
2019-05-26 08:27:55 +0000 [MT] Processing step: IDEDistributionAppThinningStep
2019-05-26 08:27:55 +0000 [MT] Skipping step: IDEDistributionAppThinningStep because it said so
2019-05-26 08:27:55 +0000 [MT] Processing step: IDEDistributionArchThinningStep
2019-05-26 08:27:55 +0000 [MT] Running /Applications/Xcode.app/Contents/Developer/Toolchains/XcodeDefault.xctoolchain/usr/bin/lipo '/var/folders/jn/h_pd0d8d1399b6p327j_d7nr0000gn/T/XcodeDistPipeline.~~~4gLrOw/Root/Payload/TumainiFund.app/Frameworks/IQKeyboardManager.framework/IQKeyboardManager' '-verify_arch' 'arm64e'
2019-05-26 08:27:55 +0000 [MT] /Applications/Xcode.app/Contents/Developer/Toolchains/XcodeDefault.xctoolchain/usr/bin/lipo exited with 1
2019-05-26 08:27:55 +0000 [MT] Skipping architecture thinning for item "IQKeyboardManager" because arch "arm64e" wasn't found
2019-05-26 08:27:55 +0000 [MT] Running /Applications/Xcode.app/Contents/Developer/Toolchains/XcodeDefault.xctoolchain/usr/bin/lipo '/var/folders/jn/h_pd0d8d1399b6p327j_d7nr0000gn/T/XcodeDistPipeline.~~~4gLrOw/Root/Payload/TumainiFund.app/Frameworks/ISMessages.framework/ISMessages' '-verify_arch' 'arm64e'
2019-05-26 08:27:55 +0000 [MT] /Applications/Xcode.app/Contents/Developer/Toolchains/XcodeDefault.xctoolchain/usr/bin/lipo exited with 1
2019-05-26 08:27:55 +0000 [MT] Skipping architecture thinning for item "ISMessages" because arch "arm64e" wasn't found
2019-05-26 08:27:55 +0000 [MT] Running /Applications/Xcode.app/Contents/Developer/Toolchains/XcodeDefault.xctoolchain/usr/bin/lipo '/var/folders/jn/h_pd0d8d1399b6p327j_d7nr0000gn/T/XcodeDistPipeline.~~~4gLrOw/Root/Payload/TumainiFund.app/Frameworks/NativeScript.framework/NativeScript' '-verify_arch' 'arm64e'
2019-05-26 08:27:55 +0000 [MT] /Applications/Xcode.app/Contents/Developer/Toolchains/XcodeDefault.xctoolchain/usr/bin/lipo exited with 1
2019-05-26 08:27:55 +0000 [MT] Skipping architecture thinning for item "NativeScript" because arch "arm64e" wasn't found
2019-05-26 08:27:55 +0000 [MT] Running /Applications/Xcode.app/Contents/Developer/Toolchains/XcodeDefault.xctoolchain/usr/bin/lipo '/var/folders/jn/h_pd0d8d1399b6p327j_d7nr0000gn/T/XcodeDistPipeline.~~~4gLrOw/Root/Payload/TumainiFund.app/Frameworks/SAMKeychain.framework/SAMKeychain' '-verify_arch' 'arm64e'
2019-05-26 08:27:55 +0000 [MT] /Applications/Xcode.app/Contents/Developer/Toolchains/XcodeDefault.xctoolchain/usr/bin/lipo exited with 1
2019-05-26 08:27:55 +0000 [MT] Skipping architecture thinning for item "SAMKeychain" because arch "arm64e" wasn't found
2019-05-26 08:27:55 +0000 [MT] Running /Applications/Xcode.app/Contents/Developer/Toolchains/XcodeDefault.xctoolchain/usr/bin/lipo '/var/folders/jn/h_pd0d8d1399b6p327j_d7nr0000gn/T/XcodeDistPipeline.~~~4gLrOw/Root/Payload/TumainiFund.app/Frameworks/TNSCore.framework/TNSCore' '-verify_arch' 'arm64e'
2019-05-26 08:27:55 +0000 [MT] /Applications/Xcode.app/Contents/Developer/Toolchains/XcodeDefault.xctoolchain/usr/bin/lipo exited with 1
2019-05-26 08:27:55 +0000 [MT] Skipping architecture thinning for item "TNSCore" because arch "arm64e" wasn't found
2019-05-26 08:27:55 +0000 [MT] Running /Applications/Xcode.app/Contents/Developer/Toolchains/XcodeDefault.xctoolchain/usr/bin/lipo '/var/folders/jn/h_pd0d8d1399b6p327j_d7nr0000gn/T/XcodeDistPipeline.~~~4gLrOw/Root/Payload/TumainiFund.app/Frameworks/TNSSideDrawer.framework/TNSSideDrawer' '-verify_arch' 'arm64e'
2019-05-26 08:27:55 +0000 [MT] /Applications/Xcode.app/Contents/Developer/Toolchains/XcodeDefault.xctoolchain/usr/bin/lipo exited with 1
2019-05-26 08:27:55 +0000 [MT] Skipping architecture thinning for item "TNSSideDrawer" because arch "arm64e" wasn't found
2019-05-26 08:27:55 +0000 [MT] Running /Applications/Xcode.app/Contents/Developer/Toolchains/XcodeDefault.xctoolchain/usr/bin/lipo '/var/folders/jn/h_pd0d8d1399b6p327j_d7nr0000gn/T/XcodeDistPipeline.~~~4gLrOw/Root/Payload/TumainiFund.app/Frameworks/TNSWidgets.framework/TNSWidgets' '-verify_arch' 'arm64e'
2019-05-26 08:27:55 +0000 [MT] /Applications/Xcode.app/Contents/Developer/Toolchains/XcodeDefault.xctoolchain/usr/bin/lipo exited with 1
2019-05-26 08:27:55 +0000 [MT] Skipping architecture thinning for item "TNSWidgets" because arch "arm64e" wasn't found
2019-05-26 08:27:55 +0000 [MT] Running /Applications/Xcode.app/Contents/Developer/Toolchains/XcodeDefault.xctoolchain/usr/bin/lipo '/var/folders/jn/h_pd0d8d1399b6p327j_d7nr0000gn/T/XcodeDistPipeline.~~~4gLrOw/Root/Payload/TumainiFund.app/Frameworks/sqlitewrapper.framework/sqlitewrapper' '-verify_arch' 'arm64e'
2019-05-26 08:27:55 +0000 [MT] /Applications/Xcode.app/Contents/Developer/Toolchains/XcodeDefault.xctoolchain/usr/bin/lipo exited with 1
2019-05-26 08:27:55 +0000 [MT] Skipping architecture thinning for item "sqlitewrapper" because arch "arm64e" wasn't found
2019-05-26 08:27:55 +0000 [MT] Running /Applications/Xcode.app/Contents/Developer/Toolchains/XcodeDefault.xctoolchain/usr/bin/lipo '/var/folders/jn/h_pd0d8d1399b6p327j_d7nr0000gn/T/XcodeDistPipeline.~~~4gLrOw/Root/Payload/TumainiFund.app/TumainiFund' '-verify_arch' 'arm64e'
2019-05-26 08:27:55 +0000 [MT] /Applications/Xcode.app/Contents/Developer/Toolchains/XcodeDefault.xctoolchain/usr/bin/lipo exited with 1
2019-05-26 08:27:55 +0000 [MT] Skipping architecture thinning for item "TumainiFund" because arch "arm64e" wasn't found
2019-05-26 08:27:55 +0000 [MT] Processing step: IDEDistributionODRStep
2019-05-26 08:27:55 +0000 [MT] Processing step: IDEDistributionStripXattrsStep
2019-05-26 08:27:55 +0000 [MT] Skipping stripping extended attributes of item: <IDEDistributionItem: 0x7f8fc29ac530 'org.cocoapods.IQKeyboardManager' '<DVTFilePath:0x7f8fc07aab70:'/Users/cameronriou/Desktop/TumainiFund/TechDay/TumainiFund/platforms/ios/build/Debug-iphoneos/TumainiFund.xcarchive/Products/Applications/TumainiFund.app/Frameworks/IQKeyboardManager.framework'>'>
2019-05-26 08:27:55 +0000 [MT] Skipping stripping extended attributes of item: <IDEDistributionItem: 0x7f8fc29cdca0 'org.cocoapods.ISMessages' '<DVTFilePath:0x7f8fc2a4b4e0:'/Users/cameronriou/Desktop/TumainiFund/TechDay/TumainiFund/platforms/ios/build/Debug-iphoneos/TumainiFund.xcarchive/Products/Applications/TumainiFund.app/Frameworks/ISMessages.framework'>'>
2019-05-26 08:27:55 +0000 [MT] Skipping stripping extended attributes of item: <IDEDistributionItem: 0x7f8fc2a7a600 'org.nativescript.NativeScript' '<DVTFilePath:0x7f8fc298d2f0:'/Users/cameronriou/Desktop/TumainiFund/TechDay/TumainiFund/platforms/ios/build/Debug-iphoneos/TumainiFund.xcarchive/Products/Applications/TumainiFund.app/Frameworks/NativeScript.framework'>'>
2019-05-26 08:27:55 +0000 [MT] Skipping stripping extended attributes of item: <IDEDistributionItem: 0x7f8fc2b1b6b0 'org.cocoapods.SAMKeychain' '<DVTFilePath:0x7f8fc299d750:'/Users/cameronriou/Desktop/TumainiFund/TechDay/TumainiFund/platforms/ios/build/Debug-iphoneos/TumainiFund.xcarchive/Products/Applications/TumainiFund.app/Frameworks/SAMKeychain.framework'>'>
2019-05-26 08:27:55 +0000 [MT] Skipping stripping extended attributes of item: <IDEDistributionItem: 0x7f8fc2b1fdc0 'Telerik.TelerikUI.TNSCore' '<DVTFilePath:0x7f8fc2a54ef0:'/Users/cameronriou/Desktop/TumainiFund/TechDay/TumainiFund/platforms/ios/build/Debug-iphoneos/TumainiFund.xcarchive/Products/Applications/TumainiFund.app/Frameworks/TNSCore.framework'>'>
2019-05-26 08:27:55 +0000 [MT] Skipping stripping extended attributes of item: <IDEDistributionItem: 0x7f8fc07d1b90 'Telerik.TelerikUI.TNSSideDrawer' '<DVTFilePath:0x7f8fc2a468b0:'/Users/cameronriou/Desktop/TumainiFund/TechDay/TumainiFund/platforms/ios/build/Debug-iphoneos/TumainiFund.xcarchive/Products/Applications/TumainiFund.app/Frameworks/TNSSideDrawer.framework'>'>
2019-05-26 08:27:55 +0000 [MT] Skipping stripping extended attributes of item: <IDEDistributionItem: 0x7f8fc2a77310 'org.nativescript.TNSWidgets' '<DVTFilePath:0x7f8fc2a4fe50:'/Users/cameronriou/Desktop/TumainiFund/TechDay/TumainiFund/platforms/ios/build/Debug-iphoneos/TumainiFund.xcarchive/Products/Applications/TumainiFund.app/Frameworks/TNSWidgets.framework'>'>
2019-05-26 08:27:55 +0000 [MT] Skipping stripping extended attributes of item: <IDEDistributionItem: 0x7f8fc29c7040 'technology.master.sqlitewrapper' '<DVTFilePath:0x7f8fc07b5c30:'/Users/cameronriou/Desktop/TumainiFund/TechDay/TumainiFund/platforms/ios/build/Debug-iphoneos/TumainiFund.xcarchive/Products/Applications/TumainiFund.app/Frameworks/sqlitewrapper.framework'>'>
2019-05-26 08:27:55 +0000 [MT] Running /usr/bin/xattr '-crs' '/var/folders/jn/h_pd0d8d1399b6p327j_d7nr0000gn/T/XcodeDistPipeline.~~~4gLrOw/Root/Payload/TumainiFund.app'
2019-05-26 08:27:55 +0000 [MT] /usr/bin/xattr exited with 0
2019-05-26 08:27:55 +0000 [MT] Processing step: IDEDistributionCodesignStep
2019-05-26 08:27:55 +0000 [MT] Entitlements for <IDEDistributionItem: 0x7f8fc29ac530 'org.cocoapods.IQKeyboardManager' '<DVTFilePath:0x7f8fc07aab70:'/Users/cameronriou/Desktop/TumainiFund/TechDay/TumainiFund/platforms/ios/build/Debug-iphoneos/TumainiFund.xcarchive/Products/Applications/TumainiFund.app/Frameworks/IQKeyboardManager.framework'>'>: {
}
2019-05-26 08:27:55 +0000 [MT] Writing entitlements for <IDEDistributionItem: 0x7f8fc29ac530 'org.cocoapods.IQKeyboardManager' '<DVTFilePath:0x7f8fc07aab70:'/Users/cameronriou/Desktop/TumainiFund/TechDay/TumainiFund/platforms/ios/build/Debug-iphoneos/TumainiFund.xcarchive/Products/Applications/TumainiFund.app/Frameworks/IQKeyboardManager.framework'>'> to: /var/folders/jn/h_pd0d8d1399b6p327j_d7nr0000gn/T/XcodeDistPipeline.~~~4gLrOw/entitlements~~~TZhUu3
2019-05-26 08:27:55 +0000 [MT] Running /usr/bin/codesign '-vvv' '--force' '--sign' 'C1E5BDFA09FFC3C3309468E55B6158764DC063E0' '--entitlements' '/var/folders/jn/h_pd0d8d1399b6p327j_d7nr0000gn/T/XcodeDistPipeline.~~~4gLrOw/entitlements~~~TZhUu3' '--preserve-metadata=identifier,flags,runtime' '/var/folders/jn/h_pd0d8d1399b6p327j_d7nr0000gn/T/XcodeDistPipeline.~~~4gLrOw/Root/Payload/TumainiFund.app/Frameworks/IQKeyboardManager.framework'
2019-05-26 08:27:55 +0000  /var/folders/jn/h_pd0d8d1399b6p327j_d7nr0000gn/T/XcodeDistPipeline.~~~4gLrOw/Root/Payload/TumainiFund.app/Frameworks/IQKeyboardManager.framework: signed bundle with Mach-O universal (armv7 arm64) [org.cocoapods.IQKeyboardManager]
2019-05-26 08:27:55 +0000 [MT] /usr/bin/codesign exited with 0
2019-05-26 08:27:55 +0000 [MT] Entitlements for <IDEDistributionItem: 0x7f8fc29cdca0 'org.cocoapods.ISMessages' '<DVTFilePath:0x7f8fc2a4b4e0:'/Users/cameronriou/Desktop/TumainiFund/TechDay/TumainiFund/platforms/ios/build/Debug-iphoneos/TumainiFund.xcarchive/Products/Applications/TumainiFund.app/Frameworks/ISMessages.framework'>'>: {
}
2019-05-26 08:27:55 +0000 [MT] Writing entitlements for <IDEDistributionItem: 0x7f8fc29cdca0 'org.cocoapods.ISMessages' '<DVTFilePath:0x7f8fc2a4b4e0:'/Users/cameronriou/Desktop/TumainiFund/TechDay/TumainiFund/platforms/ios/build/Debug-iphoneos/TumainiFund.xcarchive/Products/Applications/TumainiFund.app/Frameworks/ISMessages.framework'>'> to: /var/folders/jn/h_pd0d8d1399b6p327j_d7nr0000gn/T/XcodeDistPipeline.~~~4gLrOw/entitlements~~~Ww9xyr
2019-05-26 08:27:55 +0000 [MT] Running /usr/bin/codesign '-vvv' '--force' '--sign' 'C1E5BDFA09FFC3C3309468E55B6158764DC063E0' '--entitlements' '/var/folders/jn/h_pd0d8d1399b6p327j_d7nr0000gn/T/XcodeDistPipeline.~~~4gLrOw/entitlements~~~Ww9xyr' '--preserve-metadata=identifier,flags,runtime' '/var/folders/jn/h_pd0d8d1399b6p327j_d7nr0000gn/T/XcodeDistPipeline.~~~4gLrOw/Root/Payload/TumainiFund.app/Frameworks/ISMessages.framework'
2019-05-26 08:27:55 +0000  /var/folders/jn/h_pd0d8d1399b6p327j_d7nr0000gn/T/XcodeDistPipeline.~~~4gLrOw/Root/Payload/TumainiFund.app/Frameworks/ISMessages.framework: signed bundle with Mach-O universal (armv7 arm64) [org.cocoapods.ISMessages]
2019-05-26 08:27:55 +0000 [MT] /usr/bin/codesign exited with 0
2019-05-26 08:27:55 +0000 [MT] Entitlements for <IDEDistributionItem: 0x7f8fc2a7a600 'org.nativescript.NativeScript' '<DVTFilePath:0x7f8fc298d2f0:'/Users/cameronriou/Desktop/TumainiFund/TechDay/TumainiFund/platforms/ios/build/Debug-iphoneos/TumainiFund.xcarchive/Products/Applications/TumainiFund.app/Frameworks/NativeScript.framework'>'>: {
}
2019-05-26 08:27:55 +0000 [MT] Writing entitlements for <IDEDistributionItem: 0x7f8fc2a7a600 'org.nativescript.NativeScript' '<DVTFilePath:0x7f8fc298d2f0:'/Users/cameronriou/Desktop/TumainiFund/TechDay/TumainiFund/platforms/ios/build/Debug-iphoneos/TumainiFund.xcarchive/Products/Applications/TumainiFund.app/Frameworks/NativeScript.framework'>'> to: /var/folders/jn/h_pd0d8d1399b6p327j_d7nr0000gn/T/XcodeDistPipeline.~~~4gLrOw/entitlements~~~0g4dhm
2019-05-26 08:27:55 +0000 [MT] Running /usr/bin/codesign '-vvv' '--force' '--sign' 'C1E5BDFA09FFC3C3309468E55B6158764DC063E0' '--entitlements' '/var/folders/jn/h_pd0d8d1399b6p327j_d7nr0000gn/T/XcodeDistPipeline.~~~4gLrOw/entitlements~~~0g4dhm' '--preserve-metadata=identifier,flags,runtime' '/var/folders/jn/h_pd0d8d1399b6p327j_d7nr0000gn/T/XcodeDistPipeline.~~~4gLrOw/Root/Payload/TumainiFund.app/Frameworks/NativeScript.framework'
2019-05-26 08:27:55 +0000  /var/folders/jn/h_pd0d8d1399b6p327j_d7nr0000gn/T/XcodeDistPipeline.~~~4gLrOw/Root/Payload/TumainiFund.app/Frameworks/NativeScript.framework: replacing existing signature
2019-05-26 08:27:56 +0000  /var/folders/jn/h_pd0d8d1399b6p327j_d7nr0000gn/T/XcodeDistPipeline.~~~4gLrOw/Root/Payload/TumainiFund.app/Frameworks/NativeScript.framework: signed bundle with Mach-O universal (armv7 arm64) [org.nativescript.NativeScript]
2019-05-26 08:27:56 +0000 [MT] /usr/bin/codesign exited with 0
2019-05-26 08:27:56 +0000 [MT] Entitlements for <IDEDistributionItem: 0x7f8fc2b1b6b0 'org.cocoapods.SAMKeychain' '<DVTFilePath:0x7f8fc299d750:'/Users/cameronriou/Desktop/TumainiFund/TechDay/TumainiFund/platforms/ios/build/Debug-iphoneos/TumainiFund.xcarchive/Products/Applications/TumainiFund.app/Frameworks/SAMKeychain.framework'>'>: {
}
2019-05-26 08:27:56 +0000 [MT] Writing entitlements for <IDEDistributionItem: 0x7f8fc2b1b6b0 'org.cocoapods.SAMKeychain' '<DVTFilePath:0x7f8fc299d750:'/Users/cameronriou/Desktop/TumainiFund/TechDay/TumainiFund/platforms/ios/build/Debug-iphoneos/TumainiFund.xcarchive/Products/Applications/TumainiFund.app/Frameworks/SAMKeychain.framework'>'> to: /var/folders/jn/h_pd0d8d1399b6p327j_d7nr0000gn/T/XcodeDistPipeline.~~~4gLrOw/entitlements~~~ZbUz9G
2019-05-26 08:27:56 +0000 [MT] Running /usr/bin/codesign '-vvv' '--force' '--sign' 'C1E5BDFA09FFC3C3309468E55B6158764DC063E0' '--entitlements' '/var/folders/jn/h_pd0d8d1399b6p327j_d7nr0000gn/T/XcodeDistPipeline.~~~4gLrOw/entitlements~~~ZbUz9G' '--preserve-metadata=identifier,flags,runtime' '/var/folders/jn/h_pd0d8d1399b6p327j_d7nr0000gn/T/XcodeDistPipeline.~~~4gLrOw/Root/Payload/TumainiFund.app/Frameworks/SAMKeychain.framework'
2019-05-26 08:27:56 +0000  /var/folders/jn/h_pd0d8d1399b6p327j_d7nr0000gn/T/XcodeDistPipeline.~~~4gLrOw/Root/Payload/TumainiFund.app/Frameworks/SAMKeychain.framework: signed bundle with Mach-O universal (armv7 arm64) [org.cocoapods.SAMKeychain]
2019-05-26 08:27:56 +0000 [MT] /usr/bin/codesign exited with 0
2019-05-26 08:27:56 +0000 [MT] Entitlements for <IDEDistributionItem: 0x7f8fc2b1fdc0 'Telerik.TelerikUI.TNSCore' '<DVTFilePath:0x7f8fc2a54ef0:'/Users/cameronriou/Desktop/TumainiFund/TechDay/TumainiFund/platforms/ios/build/Debug-iphoneos/TumainiFund.xcarchive/Products/Applications/TumainiFund.app/Frameworks/TNSCore.framework'>'>: {
}
2019-05-26 08:27:56 +0000 [MT] Writing entitlements for <IDEDistributionItem: 0x7f8fc2b1fdc0 'Telerik.TelerikUI.TNSCore' '<DVTFilePath:0x7f8fc2a54ef0:'/Users/cameronriou/Desktop/TumainiFund/TechDay/TumainiFund/platforms/ios/build/Debug-iphoneos/TumainiFund.xcarchive/Products/Applications/TumainiFund.app/Frameworks/TNSCore.framework'>'> to: /var/folders/jn/h_pd0d8d1399b6p327j_d7nr0000gn/T/XcodeDistPipeline.~~~4gLrOw/entitlements~~~lQjrtf
2019-05-26 08:27:56 +0000 [MT] Running /usr/bin/codesign '-vvv' '--force' '--sign' 'C1E5BDFA09FFC3C3309468E55B6158764DC063E0' '--entitlements' '/var/folders/jn/h_pd0d8d1399b6p327j_d7nr0000gn/T/XcodeDistPipeline.~~~4gLrOw/entitlements~~~lQjrtf' '--preserve-metadata=identifier,flags,runtime' '/var/folders/jn/h_pd0d8d1399b6p327j_d7nr0000gn/T/XcodeDistPipeline.~~~4gLrOw/Root/Payload/TumainiFund.app/Frameworks/TNSCore.framework'
2019-05-26 08:27:56 +0000  /var/folders/jn/h_pd0d8d1399b6p327j_d7nr0000gn/T/XcodeDistPipeline.~~~4gLrOw/Root/Payload/TumainiFund.app/Frameworks/TNSCore.framework: replacing existing signature
2019-05-26 08:27:56 +0000  /var/folders/jn/h_pd0d8d1399b6p327j_d7nr0000gn/T/XcodeDistPipeline.~~~4gLrOw/Root/Payload/TumainiFund.app/Frameworks/TNSCore.framework: signed bundle with Mach-O universal (armv7 arm64) [Telerik.TelerikUI.TNSCore]
2019-05-26 08:27:56 +0000 [MT] /usr/bin/codesign exited with 0
2019-05-26 08:27:56 +0000 [MT] Entitlements for <IDEDistributionItem: 0x7f8fc07d1b90 'Telerik.TelerikUI.TNSSideDrawer' '<DVTFilePath:0x7f8fc2a468b0:'/Users/cameronriou/Desktop/TumainiFund/TechDay/TumainiFund/platforms/ios/build/Debug-iphoneos/TumainiFund.xcarchive/Products/Applications/TumainiFund.app/Frameworks/TNSSideDrawer.framework'>'>: {
}
2019-05-26 08:27:56 +0000 [MT] Writing entitlements for <IDEDistributionItem: 0x7f8fc07d1b90 'Telerik.TelerikUI.TNSSideDrawer' '<DVTFilePath:0x7f8fc2a468b0:'/Users/cameronriou/Desktop/TumainiFund/TechDay/TumainiFund/platforms/ios/build/Debug-iphoneos/TumainiFund.xcarchive/Products/Applications/TumainiFund.app/Frameworks/TNSSideDrawer.framework'>'> to: /var/folders/jn/h_pd0d8d1399b6p327j_d7nr0000gn/T/XcodeDistPipeline.~~~4gLrOw/entitlements~~~6NgYM8
2019-05-26 08:27:56 +0000 [MT] Running /usr/bin/codesign '-vvv' '--force' '--sign' 'C1E5BDFA09FFC3C3309468E55B6158764DC063E0' '--entitlements' '/var/folders/jn/h_pd0d8d1399b6p327j_d7nr0000gn/T/XcodeDistPipeline.~~~4gLrOw/entitlements~~~6NgYM8' '--preserve-metadata=identifier,flags,runtime' '/var/folders/jn/h_pd0d8d1399b6p327j_d7nr0000gn/T/XcodeDistPipeline.~~~4gLrOw/Root/Payload/TumainiFund.app/Frameworks/TNSSideDrawer.framework'
2019-05-26 08:27:56 +0000  /var/folders/jn/h_pd0d8d1399b6p327j_d7nr0000gn/T/XcodeDistPipeline.~~~4gLrOw/Root/Payload/TumainiFund.app/Frameworks/TNSSideDrawer.framework: replacing existing signature
2019-05-26 08:27:56 +0000  /var/folders/jn/h_pd0d8d1399b6p327j_d7nr0000gn/T/XcodeDistPipeline.~~~4gLrOw/Root/Payload/TumainiFund.app/Frameworks/TNSSideDrawer.framework: signed bundle with Mach-O universal (armv7 arm64) [Telerik.TelerikUI.TNSSideDrawer]
2019-05-26 08:27:56 +0000 [MT] /usr/bin/codesign exited with 0
2019-05-26 08:27:56 +0000 [MT] Entitlements for <IDEDistributionItem: 0x7f8fc2a77310 'org.nativescript.TNSWidgets' '<DVTFilePath:0x7f8fc2a4fe50:'/Users/cameronriou/Desktop/TumainiFund/TechDay/TumainiFund/platforms/ios/build/Debug-iphoneos/TumainiFund.xcarchive/Products/Applications/TumainiFund.app/Frameworks/TNSWidgets.framework'>'>: {
}
2019-05-26 08:27:56 +0000 [MT] Writing entitlements for <IDEDistributionItem: 0x7f8fc2a77310 'org.nativescript.TNSWidgets' '<DVTFilePath:0x7f8fc2a4fe50:'/Users/cameronriou/Desktop/TumainiFund/TechDay/TumainiFund/platforms/ios/build/Debug-iphoneos/TumainiFund.xcarchive/Products/Applications/TumainiFund.app/Frameworks/TNSWidgets.framework'>'> to: /var/folders/jn/h_pd0d8d1399b6p327j_d7nr0000gn/T/XcodeDistPipeline.~~~4gLrOw/entitlements~~~bhmivy
2019-05-26 08:27:56 +0000 [MT] Running /usr/bin/codesign '-vvv' '--force' '--sign' 'C1E5BDFA09FFC3C3309468E55B6158764DC063E0' '--entitlements' '/var/folders/jn/h_pd0d8d1399b6p327j_d7nr0000gn/T/XcodeDistPipeline.~~~4gLrOw/entitlements~~~bhmivy' '--preserve-metadata=identifier,flags,runtime' '/var/folders/jn/h_pd0d8d1399b6p327j_d7nr0000gn/T/XcodeDistPipeline.~~~4gLrOw/Root/Payload/TumainiFund.app/Frameworks/TNSWidgets.framework'
2019-05-26 08:27:56 +0000  /var/folders/jn/h_pd0d8d1399b6p327j_d7nr0000gn/T/XcodeDistPipeline.~~~4gLrOw/Root/Payload/TumainiFund.app/Frameworks/TNSWidgets.framework: replacing existing signature
2019-05-26 08:27:56 +0000  /var/folders/jn/h_pd0d8d1399b6p327j_d7nr0000gn/T/XcodeDistPipeline.~~~4gLrOw/Root/Payload/TumainiFund.app/Frameworks/TNSWidgets.framework: signed bundle with Mach-O universal (armv7 arm64) [org.nativescript.TNSWidgets]
2019-05-26 08:27:56 +0000 [MT] /usr/bin/codesign exited with 0
2019-05-26 08:27:56 +0000 [MT] Entitlements for <IDEDistributionItem: 0x7f8fc29c7040 'technology.master.sqlitewrapper' '<DVTFilePath:0x7f8fc07b5c30:'/Users/cameronriou/Desktop/TumainiFund/TechDay/TumainiFund/platforms/ios/build/Debug-iphoneos/TumainiFund.xcarchive/Products/Applications/TumainiFund.app/Frameworks/sqlitewrapper.framework'>'>: {
}
2019-05-26 08:27:56 +0000 [MT] Writing entitlements for <IDEDistributionItem: 0x7f8fc29c7040 'technology.master.sqlitewrapper' '<DVTFilePath:0x7f8fc07b5c30:'/Users/cameronriou/Desktop/TumainiFund/TechDay/TumainiFund/platforms/ios/build/Debug-iphoneos/TumainiFund.xcarchive/Products/Applications/TumainiFund.app/Frameworks/sqlitewrapper.framework'>'> to: /var/folders/jn/h_pd0d8d1399b6p327j_d7nr0000gn/T/XcodeDistPipeline.~~~4gLrOw/entitlements~~~4MOeqU
2019-05-26 08:27:56 +0000 [MT] Running /usr/bin/codesign '-vvv' '--force' '--sign' 'C1E5BDFA09FFC3C3309468E55B6158764DC063E0' '--entitlements' '/var/folders/jn/h_pd0d8d1399b6p327j_d7nr0000gn/T/XcodeDistPipeline.~~~4gLrOw/entitlements~~~4MOeqU' '--preserve-metadata=identifier,flags,runtime' '/var/folders/jn/h_pd0d8d1399b6p327j_d7nr0000gn/T/XcodeDistPipeline.~~~4gLrOw/Root/Payload/TumainiFund.app/Frameworks/sqlitewrapper.framework'
2019-05-26 08:27:56 +0000  /var/folders/jn/h_pd0d8d1399b6p327j_d7nr0000gn/T/XcodeDistPipeline.~~~4gLrOw/Root/Payload/TumainiFund.app/Frameworks/sqlitewrapper.framework: replacing existing signature
2019-05-26 08:27:56 +0000  /var/folders/jn/h_pd0d8d1399b6p327j_d7nr0000gn/T/XcodeDistPipeline.~~~4gLrOw/Root/Payload/TumainiFund.app/Frameworks/sqlitewrapper.framework: signed bundle with Mach-O universal (armv7 arm64) [technology.master.sqlitewrapper]
2019-05-26 08:27:56 +0000 [MT] /usr/bin/codesign exited with 0
2019-05-26 08:27:56 +0000 [MT] Entitlements for <IDEDistributionItem: 0x7f8fc29b49f0 'org.nativescript.TumainiFund' '<DVTFilePath:0x7f8fbdc81040:'/Users/cameronriou/Desktop/TumainiFund/TechDay/TumainiFund/platforms/ios/build/Debug-iphoneos/TumainiFund.xcarchive/Products/Applications/TumainiFund.app'>'>: {
    "application-identifier" = "KY496XS6J2.org.nativescript.TumainiFund";
    "com.apple.developer.team-identifier" = KY496XS6J2;
    "get-task-allow" = 1;
    "keychain-access-groups" =     (
        "KY496XS6J2."
    );
}
2019-05-26 08:27:56 +0000 [MT] Writing entitlements for <IDEDistributionItem: 0x7f8fc29b49f0 'org.nativescript.TumainiFund' '<DVTFilePath:0x7f8fbdc81040:'/Users/cameronriou/Desktop/TumainiFund/TechDay/TumainiFund/platforms/ios/build/Debug-iphoneos/TumainiFund.xcarchive/Products/Applications/TumainiFund.app'>'> to: /var/folders/jn/h_pd0d8d1399b6p327j_d7nr0000gn/T/XcodeDistPipeline.~~~4gLrOw/entitlements~~~7Qyg08
2019-05-26 08:27:56 +0000 [MT] Running /usr/bin/codesign '-vvv' '--force' '--sign' 'C1E5BDFA09FFC3C3309468E55B6158764DC063E0' '--entitlements' '/var/folders/jn/h_pd0d8d1399b6p327j_d7nr0000gn/T/XcodeDistPipeline.~~~4gLrOw/entitlements~~~7Qyg08' '--preserve-metadata=identifier,flags,runtime' '/var/folders/jn/h_pd0d8d1399b6p327j_d7nr0000gn/T/XcodeDistPipeline.~~~4gLrOw/Root/Payload/TumainiFund.app'
2019-05-26 08:27:56 +0000  /var/folders/jn/h_pd0d8d1399b6p327j_d7nr0000gn/T/XcodeDistPipeline.~~~4gLrOw/Root/Payload/TumainiFund.app: replacing existing signature
2019-05-26 08:27:56 +0000  /var/folders/jn/h_pd0d8d1399b6p327j_d7nr0000gn/T/XcodeDistPipeline.~~~4gLrOw/Root/Payload/TumainiFund.app: signed app bundle with Mach-O universal (armv7 arm64) [org.nativescript.TumainiFund]
2019-05-26 08:27:56 +0000 [MT] /usr/bin/codesign exited with 0
2019-05-26 08:27:56 +0000 [MT] Processing step: IDEDistributionZipODRItemStep
2019-05-26 08:27:56 +0000 [MT] Skipping step: IDEDistributionZipODRItemStep because it said so
2019-05-26 08:27:56 +0000 [MT] Skipping step: IDEDistributionZipODRItemStep because it said so
2019-05-26 08:27:56 +0000 [MT] Skipping step: IDEDistributionZipODRItemStep because it said so
2019-05-26 08:27:56 +0000 [MT] Skipping step: IDEDistributionZipODRItemStep because it said so
2019-05-26 08:27:56 +0000 [MT] Skipping step: IDEDistributionZipODRItemStep because it said so
2019-05-26 08:27:56 +0000 [MT] Skipping step: IDEDistributionZipODRItemStep because it said so
2019-05-26 08:27:56 +0000 [MT] Skipping step: IDEDistributionZipODRItemStep because it said so
2019-05-26 08:27:56 +0000 [MT] Skipping step: IDEDistributionZipODRItemStep because it said so
2019-05-26 08:27:56 +0000 [MT] Skipping step: IDEDistributionZipODRItemStep because it said so
2019-05-26 08:27:56 +0000 [MT] Processing step: IDEDistributionCreateIPAStep
2019-05-26 08:27:56 +0000 [MT] Running /usr/bin/ditto '-V' '-c' '-k' '--norsrc' '/var/folders/jn/h_pd0d8d1399b6p327j_d7nr0000gn/T/XcodeDistPipeline.~~~4gLrOw/Root' '/var/folders/jn/h_pd0d8d1399b6p327j_d7nr0000gn/T/XcodeDistPipeline.~~~4gLrOw/Packages/TumainiFund.ipa'
2019-05-26 08:27:56 +0000  >>> Copying /var/folders/jn/h_pd0d8d1399b6p327j_d7nr0000gn/T/XcodeDistPipeline.~~~4gLrOw/Root 
2019-05-26 08:27:56 +0000  copying file ./Payload/TumainiFund.app/_CodeSignature/CodeResources ... 
2019-05-26 08:27:56 +0000  39199 bytes for ./Payload/TumainiFund.app/_CodeSignature/CodeResources
2019-05-26 08:27:56 +0000  copying file ./Payload/TumainiFund.app/close_drawer.png ... 
1635 bytes for ./Payload/TumainiFund.app/close_drawer.png
2019-05-26 08:27:56 +0000  copying file ./Payload/TumainiFund.app/@3xclose_drawer.png ... 
2019-05-26 08:27:56 +0000  6186 bytes for ./Payload/TumainiFund.app/@3xclose_drawer.png
copying file ./Payload/TumainiFund.app/LaunchImage@2x.png ... 
2019-05-26 08:27:56 +0000  21981 bytes for ./Payload/TumainiFund.app/LaunchImage@2x.png
copying file ./Payload/TumainiFund.app/menuIcon.png ... 
2019-05-26 08:27:56 +0000  1362 bytes for ./Payload/TumainiFund.app/menuIcon.png
copying file ./Payload/TumainiFund.app/@2xrightArrow.png ... 
2019-05-26 08:27:56 +0000  3828 bytes for ./Payload/TumainiFund.app/@2xrightArrow.png
2019-05-26 08:27:56 +0000  copying file ./Payload/TumainiFund.app/en.lproj/InfoPlist.strings ... 
42 bytes for ./Payload/TumainiFund.app/en.lproj/InfoPlist.strings
copying file ./Payload/TumainiFund.app/@3xrightArrow.png ... 
2019-05-26 08:27:56 +0000  6164 bytes for ./Payload/TumainiFund.app/@3xrightArrow.png
2019-05-26 08:27:56 +0000  copying file ./Payload/TumainiFund.app/app/bundle.js ... 
2019-05-26 08:27:56 +0000  137843 bytes for ./Payload/TumainiFund.app/app/bundle.js
2019-05-26 08:27:56 +0000  copying file ./Payload/TumainiFund.app/app/vendor.js ... 
2019-05-26 08:27:57 +0000  6289683 bytes for ./Payload/TumainiFund.app/app/vendor.js
2019-05-26 08:27:57 +0000  copying file ./Payload/TumainiFund.app/app/package.json ... 
134 bytes for ./Payload/TumainiFund.app/app/package.json
copying file ./Payload/TumainiFund.app/app/starter.js ... 
2019-05-26 08:27:57 +0000  39 bytes for ./Payload/TumainiFund.app/app/starter.js
copying file ./Payload/TumainiFund.app/app/assets/images/close_drawer.png ... 
2019-05-26 08:27:57 +0000  1932 bytes for ./Payload/TumainiFund.app/app/assets/images/close_drawer.png
copying file ./Payload/TumainiFund.app/app/assets/images/menuIcon.png ... 
2019-05-26 08:27:57 +0000  1655 bytes for ./Payload/TumainiFund.app/app/assets/images/menuIcon.png
copying file ./Payload/TumainiFund.app/app/assets/images/userImg.png ... 
2019-05-26 08:27:57 +0000  2060 bytes for ./Payload/TumainiFund.app/app/assets/images/userImg.png
copying file ./Payload/TumainiFund.app/app/assets/images/rightArrow.png ... 
2019-05-26 08:27:57 +0000  2399 bytes for ./Payload/TumainiFund.app/app/assets/images/rightArrow.png
copying file ./Payload/TumainiFund.app/app/assets/images/homeLogo.png ... 
2019-05-26 08:27:57 +0000  45787 bytes for ./Payload/TumainiFund.app/app/assets/images/homeLogo.png
copying file ./Payload/TumainiFund.app/app/assets/images/logo.png ... 
2019-05-26 08:27:57 +0000  13656 bytes for ./Payload/TumainiFund.app/app/assets/images/logo.png
2019-05-26 08:27:57 +0000  copying file ./Payload/TumainiFund.app/AppIcon29x29.png ... 
632 bytes for ./Payload/TumainiFund.app/AppIcon29x29.png
copying file ./Payload/TumainiFund.app/build.xcconfig ... 
2019-05-26 08:27:57 +0000  563 bytes for ./Payload/TumainiFund.app/build.xcconfig
copying file ./Payload/TumainiFund.app/userImg.png ... 
2019-05-26 08:27:57 +0000  1643 bytes for ./Payload/TumainiFund.app/userImg.png
copying file ./Payload/TumainiFund.app/LaunchImage-568h@2x.png ... 
2019-05-26 08:27:57 +0000  22664 bytes for ./Payload/TumainiFund.app/LaunchImage-568h@2x.png
2019-05-26 08:27:57 +0000  copying file ./Payload/TumainiFund.app/@2xclose_drawer.png ... 
2019-05-26 08:27:57 +0000  4329 bytes for ./Payload/TumainiFund.app/@2xclose_drawer.png
copying file ./Payload/TumainiFund.app/AppIcon60x60@2x.png ... 
2019-05-26 08:27:57 +0000  3751 bytes for ./Payload/TumainiFund.app/AppIcon60x60@2x.png
copying file ./Payload/TumainiFund.app/TumainiFund ... 
2019-05-26 08:27:57 +0000  10035952 bytes for ./Payload/TumainiFund.app/TumainiFund
copying file ./Payload/TumainiFund.app/AppIcon29x29@2x.png ... 
2019-05-26 08:27:57 +0000  1509 bytes for ./Payload/TumainiFund.app/AppIcon29x29@2x.png
copying file ./Payload/TumainiFund.app/LaunchImage-800-667h@2x.png ... 
2019-05-26 08:27:57 +0000  32694 bytes for ./Payload/TumainiFund.app/LaunchImage-800-667h@2x.png
copying file ./Payload/TumainiFund.app/LaunchImage-Portrait@2x~ipad.png ... 
2019-05-26 08:27:57 +0000  90562 bytes for ./Payload/TumainiFund.app/LaunchImage-Portrait@2x~ipad.png
copying file ./Payload/TumainiFund.app/AppIcon40x40@3x.png ... 
2019-05-26 08:27:57 +0000  3751 bytes for ./Payload/TumainiFund.app/AppIcon40x40@3x.png
copying file ./Payload/TumainiFund.app/@1xrightArrow.png ... 
2019-05-26 08:27:57 +0000  1845 bytes for ./Payload/TumainiFund.app/@1xrightArrow.png
copying file ./Payload/TumainiFund.app/AppIcon29x29~ipad.png ... 
632 bytes for ./Payload/TumainiFund.app/AppIcon29x29~ipad.png
copying file ./Payload/TumainiFund.app/AppIcon40x40@2x.png ... 
2019-05-26 08:27:57 +0000  2413 bytes for ./Payload/TumainiFund.app/AppIcon40x40@2x.png
copying file ./Payload/TumainiFund.app/LaunchImage-Portrait~ipad.png ... 
2019-05-26 08:27:57 +0000  32035 bytes for ./Payload/TumainiFund.app/LaunchImage-Portrait~ipad.png
copying file ./Payload/TumainiFund.app/rightArrow.png ... 
2019-05-26 08:27:57 +0000  1845 bytes for ./Payload/TumainiFund.app/rightArrow.png
copying file ./Payload/TumainiFund.app/AppIcon29x29@3x.png ... 
2019-05-26 08:27:57 +0000  2649 bytes for ./Payload/TumainiFund.app/AppIcon29x29@3x.png
copying file ./Payload/TumainiFund.app/@3xuserImg.png ... 
2019-05-26 08:27:57 +0000  6194 bytes for ./Payload/TumainiFund.app/@3xuserImg.png
copying file ./Payload/TumainiFund.app/@1xhomeLogo.png ... 
2019-05-26 08:27:57 +0000  36863 bytes for ./Payload/TumainiFund.app/@1xhomeLogo.png
copying file ./Payload/TumainiFund.app/AppIcon60x60@3x.png ... 
2019-05-26 08:27:57 +0000  6019 bytes for ./Payload/TumainiFund.app/AppIcon60x60@3x.png
copying file ./Payload/TumainiFund.app/homeLogo.png ... 
2019-05-26 08:27:57 +0000  36863 bytes for ./Payload/TumainiFund.app/homeLogo.png
2019-05-26 08:27:57 +0000  copying file ./Payload/TumainiFund.app/LaunchImage-Landscape~ipad.png ... 
2019-05-26 08:27:57 +0000  32025 bytes for ./Payload/TumainiFund.app/LaunchImage-Landscape~ipad.png
2019-05-26 08:27:57 +0000  copying file ./Payload/TumainiFund.app/LaunchImage-700-Portrait~ipad.png ... 
2019-05-26 08:27:57 +0000  32035 bytes for ./Payload/TumainiFund.app/LaunchImage-700-Portrait~ipad.png
copying file ./Payload/TumainiFund.app/@3xhomeLogo.png ... 
2019-05-26 08:27:57 +0000  186445 bytes for ./Payload/TumainiFund.app/@3xhomeLogo.png
copying file ./Payload/TumainiFund.app/@1xclose_drawer.png ... 
2019-05-26 08:27:57 +0000  1635 bytes for ./Payload/TumainiFund.app/@1xclose_drawer.png
copying file ./Payload/TumainiFund.app/Assets.car ... 
2019-05-26 08:27:57 +0000  208568 bytes for ./Payload/TumainiFund.app/Assets.car
copying file ./Payload/TumainiFund.app/AppIcon40x40@2x~ipad.png ... 
2019-05-26 08:27:57 +0000  2413 bytes for ./Payload/TumainiFund.app/AppIcon40x40@2x~ipad.png
copying file ./Payload/TumainiFund.app/AppIcon76x76@2x~ipad.png ... 
2019-05-26 08:27:57 +0000  4908 bytes for ./Payload/TumainiFund.app/AppIcon76x76@2x~ipad.png
copying file ./Payload/TumainiFund.app/LaunchImage-800-Portrait-736h@3x.png ... 
2019-05-26 08:27:57 +0000  68241 bytes for ./Payload/TumainiFund.app/LaunchImage-800-Portrait-736h@3x.png
copying file ./Payload/TumainiFund.app/LaunchImage-700@2x.png ... 
2019-05-26 08:27:57 +0000  21981 bytes for ./Payload/TumainiFund.app/LaunchImage-700@2x.png
2019-05-26 08:27:57 +0000  copying file ./Payload/TumainiFund.app/AppIcon83.5x83.5@2x~ipad.png ... 
5477 bytes for ./Payload/TumainiFund.app/AppIcon83.5x83.5@2x~ipad.png
2019-05-26 08:27:57 +0000  copying file ./Payload/TumainiFund.app/LaunchImage-700-568h@2x.png ... 
2019-05-26 08:27:57 +0000  22664 bytes for ./Payload/TumainiFund.app/LaunchImage-700-568h@2x.png
copying file ./Payload/TumainiFund.app/LaunchImage-Landscape@2x~ipad.png ... 
2019-05-26 08:27:57 +0000  91615 bytes for ./Payload/TumainiFund.app/LaunchImage-Landscape@2x~ipad.png
2019-05-26 08:27:57 +0000  copying file ./Payload/TumainiFund.app/LaunchScreen.storyboardc/01J-lp-oVM-view-Ze5-6b-2t3.nib ... 
2019-05-26 08:27:57 +0000  2611 bytes for ./Payload/TumainiFund.app/LaunchScreen.storyboardc/01J-lp-oVM-view-Ze5-6b-2t3.nib
copying file ./Payload/TumainiFund.app/LaunchScreen.storyboardc/UIViewController-01J-lp-oVM.nib ... 
2019-05-26 08:27:57 +0000  832 bytes for ./Payload/TumainiFund.app/LaunchScreen.storyboardc/UIViewController-01J-lp-oVM.nib
copying file ./Payload/TumainiFund.app/LaunchScreen.storyboardc/Info.plist ... 
258 bytes for ./Payload/TumainiFund.app/LaunchScreen.storyboardc/Info.plist
copying file ./Payload/TumainiFund.app/@1xuserImg.png ... 
2019-05-26 08:27:57 +0000  1643 bytes for ./Payload/TumainiFund.app/@1xuserImg.png
2019-05-26 08:27:57 +0000  copying file ./Payload/TumainiFund.app/@2xhomeLogo.png ... 
2019-05-26 08:27:57 +0000  107105 bytes for ./Payload/TumainiFund.app/@2xhomeLogo.png
2019-05-26 08:27:57 +0000  copying file ./Payload/TumainiFund.app/AppIcon29x29@2x~ipad.png ... 
2019-05-26 08:27:57 +0000  1509 bytes for ./Payload/TumainiFund.app/AppIcon29x29@2x~ipad.png
copying file ./Payload/TumainiFund.app/@2xuserImg.png ... 
2019-05-26 08:27:57 +0000  3254 bytes for ./Payload/TumainiFund.app/@2xuserImg.png
copying file ./Payload/TumainiFund.app/LaunchImage-700-Landscape@2x~ipad.png ... 
2019-05-26 08:27:57 +0000  91615 bytes for ./Payload/TumainiFund.app/LaunchImage-700-Landscape@2x~ipad.png
copying file ./Payload/TumainiFund.app/AppIcon40x40~ipad.png ... 
2019-05-26 08:27:57 +0000  960 bytes for ./Payload/TumainiFund.app/AppIcon40x40~ipad.png
copying file ./Payload/TumainiFund.app/Frameworks/NativeScript.framework/_CodeSignature/CodeResources ... 
2019-05-26 08:27:57 +0000  1798 bytes for ./Payload/TumainiFund.app/Frameworks/NativeScript.framework/_CodeSignature/CodeResources
copying file ./Payload/TumainiFund.app/Frameworks/NativeScript.framework/NativeScript ... 
2019-05-26 08:27:58 +0000  25617792 bytes for ./Payload/TumainiFund.app/Frameworks/NativeScript.framework/NativeScript
2019-05-26 08:27:58 +0000  copying file ./Payload/TumainiFund.app/Frameworks/NativeScript.framework/Info.plist ... 
757 bytes for ./Payload/TumainiFund.app/Frameworks/NativeScript.framework/Info.plist
copying file ./Payload/TumainiFund.app/Frameworks/TNSSideDrawer.framework/_CodeSignature/CodeResources ... 
2019-05-26 08:27:58 +0000  1798 bytes for ./Payload/TumainiFund.app/Frameworks/TNSSideDrawer.framework/_CodeSignature/CodeResources
copying file ./Payload/TumainiFund.app/Frameworks/TNSSideDrawer.framework/TNSSideDrawer ... 
2019-05-26 08:27:58 +0000  781024 bytes for ./Payload/TumainiFund.app/Frameworks/TNSSideDrawer.framework/TNSSideDrawer
copying file ./Payload/TumainiFund.app/Frameworks/TNSSideDrawer.framework/Info.plist ... 
2019-05-26 08:27:58 +0000  717 bytes for ./Payload/TumainiFund.app/Frameworks/TNSSideDrawer.framework/Info.plist
copying file ./Payload/TumainiFund.app/Frameworks/IQKeyboardManager.framework/_CodeSignature/CodeResources ... 
2019-05-26 08:27:58 +0000  4698 bytes for ./Payload/TumainiFund.app/Frameworks/IQKeyboardManager.framework/_CodeSignature/CodeResources
copying file ./Payload/TumainiFund.app/Frameworks/IQKeyboardManager.framework/IQKeyboardManager.bundle/IQButtonBarArrowRight@2x.png ... 
2019-05-26 08:27:58 +0000  1786 bytes for ./Payload/TumainiFund.app/Frameworks/IQKeyboardManager.framework/IQKeyboardManager.bundle/IQButtonBarArrowRight@2x.png
copying file ./Payload/TumainiFund.app/Frameworks/IQKeyboardManager.framework/IQKeyboardManager.bundle/IQButtonBarArrowUp@3x.png ... 
2164 bytes for ./Payload/TumainiFund.app/Frameworks/IQKeyboardManager.framework/IQKeyboardManager.bundle/IQButtonBarArrowUp@3x.png
copying file ./Payload/TumainiFund.app/Frameworks/IQKeyboardManager.framework/IQKeyboardManager.bundle/IQButtonBarArrowUp@2x.png ... 
2019-05-26 08:27:58 +0000  1769 bytes for ./Payload/TumainiFund.app/Frameworks/IQKeyboardManager.framework/IQKeyboardManager.bundle/IQButtonBarArrowUp@2x.png
copying file ./Payload/TumainiFund.app/Frameworks/IQKeyboardManager.framework/IQKeyboardManager.bundle/IQButtonBarArrowRight@3x.png ... 
2019-05-26 08:27:58 +0000  1844 bytes for ./Payload/TumainiFund.app/Frameworks/IQKeyboardManager.framework/IQKeyboardManager.bundle/IQButtonBarArrowRight@3x.png
copying file ./Payload/TumainiFund.app/Frameworks/IQKeyboardManager.framework/IQKeyboardManager.bundle/IQButtonBarArrowLeft@3x.png ... 
1815 bytes for ./Payload/TumainiFund.app/Frameworks/IQKeyboardManager.framework/IQKeyboardManager.bundle/IQButtonBarArrowLeft@3x.png
copying file ./Payload/TumainiFund.app/Frameworks/IQKeyboardManager.framework/IQKeyboardManager.bundle/IQButtonBarArrowDown@3x.png ... 
2019-05-26 08:27:58 +0000  2177 bytes for ./Payload/TumainiFund.app/Frameworks/IQKeyboardManager.framework/IQKeyboardManager.bundle/IQButtonBarArrowDown@3x.png
copying file ./Payload/TumainiFund.app/Frameworks/IQKeyboardManager.framework/IQKeyboardManager.bundle/IQButtonBarArrowDown@2x.png ... 
2019-05-26 08:27:58 +0000  1764 bytes for ./Payload/TumainiFund.app/Frameworks/IQKeyboardManager.framework/IQKeyboardManager.bundle/IQButtonBarArrowDown@2x.png
copying file ./Payload/TumainiFund.app/Frameworks/IQKeyboardManager.framework/IQKeyboardManager.bundle/IQButtonBarArrowLeft@2x.png ... 
1793 bytes for ./Payload/TumainiFund.app/Frameworks/IQKeyboardManager.framework/IQKeyboardManager.bundle/IQButtonBarArrowLeft@2x.png
copying file ./Payload/TumainiFund.app/Frameworks/IQKeyboardManager.framework/IQKeyboardManager ... 
2019-05-26 08:27:58 +0000  746432 bytes for ./Payload/TumainiFund.app/Frameworks/IQKeyboardManager.framework/IQKeyboardManager
copying file ./Payload/TumainiFund.app/Frameworks/IQKeyboardManager.framework/Info.plist ... 
2019-05-26 08:27:58 +0000  760 bytes for ./Payload/TumainiFund.app/Frameworks/IQKeyboardManager.framework/Info.plist
copying file ./Payload/TumainiFund.app/Frameworks/sqlitewrapper.framework/_CodeSignature/CodeResources ... 
2019-05-26 08:27:58 +0000  1798 bytes for ./Payload/TumainiFund.app/Frameworks/sqlitewrapper.framework/_CodeSignature/CodeResources
copying file ./Payload/TumainiFund.app/Frameworks/sqlitewrapper.framework/Info.plist ... 
721 bytes for ./Payload/TumainiFund.app/Frameworks/sqlitewrapper.framework/Info.plist
copying file ./Payload/TumainiFund.app/Frameworks/sqlitewrapper.framework/sqlitewrapper ... 
2019-05-26 08:27:58 +0000  168704 bytes for ./Payload/TumainiFund.app/Frameworks/sqlitewrapper.framework/sqlitewrapper
2019-05-26 08:27:58 +0000  copying file ./Payload/TumainiFund.app/Frameworks/ISMessages.framework/_CodeSignature/CodeResources ... 
6074 bytes for ./Payload/TumainiFund.app/Frameworks/ISMessages.framework/_CodeSignature/CodeResources
2019-05-26 08:27:58 +0000  copying file ./Payload/TumainiFund.app/Frameworks/ISMessages.framework/ISMessages ... 
2019-05-26 08:27:58 +0000  302288 bytes for ./Payload/TumainiFund.app/Frameworks/ISMessages.framework/ISMessages
2019-05-26 08:27:58 +0000  copying file ./Payload/TumainiFund.app/Frameworks/ISMessages.framework/ISMessages.bundle/isInfoIcon.png ... 
2019-05-26 08:27:58 +0000  2325 bytes for ./Payload/TumainiFund.app/Frameworks/ISMessages.framework/ISMessages.bundle/isInfoIcon.png
copying file ./Payload/TumainiFund.app/Frameworks/ISMessages.framework/ISMessages.bundle/isErrorIcon@3x.png ... 
2019-05-26 08:27:58 +0000  9731 bytes for ./Payload/TumainiFund.app/Frameworks/ISMessages.framework/ISMessages.bundle/isErrorIcon@3x.png
2019-05-26 08:27:58 +0000  copying file ./Payload/TumainiFund.app/Frameworks/ISMessages.framework/ISMessages.bundle/isWarningIcon@3x.png ... 
2019-05-26 08:27:58 +0000  7766 bytes for ./Payload/TumainiFund.app/Frameworks/ISMessages.framework/ISMessages.bundle/isWarningIcon@3x.png
copying file ./Payload/TumainiFund.app/Frameworks/ISMessages.framework/ISMessages.bundle/isErrorIcon.png ... 
2019-05-26 08:27:58 +0000  2684 bytes for ./Payload/TumainiFund.app/Frameworks/ISMessages.framework/ISMessages.bundle/isErrorIcon.png
copying file ./Payload/TumainiFund.app/Frameworks/ISMessages.framework/ISMessages.bundle/isWarningIcon@2x.png ... 
2019-05-26 08:27:58 +0000  5474 bytes for ./Payload/TumainiFund.app/Frameworks/ISMessages.framework/ISMessages.bundle/isWarningIcon@2x.png
copying file ./Payload/TumainiFund.app/Frameworks/ISMessages.framework/ISMessages.bundle/isErrorIcon@2x.png ... 
2019-05-26 08:27:58 +0000  6254 bytes for ./Payload/TumainiFund.app/Frameworks/ISMessages.framework/ISMessages.bundle/isErrorIcon@2x.png
2019-05-26 08:27:58 +0000  copying file ./Payload/TumainiFund.app/Frameworks/ISMessages.framework/ISMessages.bundle/isSuccessIcon.png ... 
2019-05-26 08:27:58 +0000  2739 bytes for ./Payload/TumainiFund.app/Frameworks/ISMessages.framework/ISMessages.bundle/isSuccessIcon.png
copying file ./Payload/TumainiFund.app/Frameworks/ISMessages.framework/ISMessages.bundle/isSuccessIcon@2x.png ... 
2019-05-26 08:27:58 +0000  6576 bytes for ./Payload/TumainiFund.app/Frameworks/ISMessages.framework/ISMessages.bundle/isSuccessIcon@2x.png
copying file ./Payload/TumainiFund.app/Frameworks/ISMessages.framework/ISMessages.bundle/isWarningIcon.png ... 
2019-05-26 08:27:58 +0000  2339 bytes for ./Payload/TumainiFund.app/Frameworks/ISMessages.framework/ISMessages.bundle/isWarningIcon.png
copying file ./Payload/TumainiFund.app/Frameworks/ISMessages.framework/ISMessages.bundle/isSuccessIcon@3x.png ... 
2019-05-26 08:27:58 +0000  13285 bytes for ./Payload/TumainiFund.app/Frameworks/ISMessages.framework/ISMessages.bundle/isSuccessIcon@3x.png
copying file ./Payload/TumainiFund.app/Frameworks/ISMessages.framework/ISMessages.bundle/isInfoIcon@2x.png ... 
2019-05-26 08:27:58 +0000  5045 bytes for ./Payload/TumainiFund.app/Frameworks/ISMessages.framework/ISMessages.bundle/isInfoIcon@2x.png
copying file ./Payload/TumainiFund.app/Frameworks/ISMessages.framework/ISMessages.bundle/isInfoIcon@3x.png ... 
2019-05-26 08:27:58 +0000  7726 bytes for ./Payload/TumainiFund.app/Frameworks/ISMessages.framework/ISMessages.bundle/isInfoIcon@3x.png
2019-05-26 08:27:58 +0000  copying file ./Payload/TumainiFund.app/Frameworks/ISMessages.framework/ISMessages.bundle/Info.plist ... 
719 bytes for ./Payload/TumainiFund.app/Frameworks/ISMessages.framework/ISMessages.bundle/Info.plist
copying file ./Payload/TumainiFund.app/Frameworks/ISMessages.framework/Info.plist ... 
2019-05-26 08:27:58 +0000  744 bytes for ./Payload/TumainiFund.app/Frameworks/ISMessages.framework/Info.plist
2019-05-26 08:27:58 +0000  copying file ./Payload/TumainiFund.app/Frameworks/TNSWidgets.framework/_CodeSignature/CodeResources ... 
1798 bytes for ./Payload/TumainiFund.app/Frameworks/TNSWidgets.framework/_CodeSignature/CodeResources
2019-05-26 08:27:58 +0000  copying file ./Payload/TumainiFund.app/Frameworks/TNSWidgets.framework/TNSWidgets ... 
2019-05-26 08:27:58 +0000  200448 bytes for ./Payload/TumainiFund.app/Frameworks/TNSWidgets.framework/TNSWidgets
copying file ./Payload/TumainiFund.app/Frameworks/TNSWidgets.framework/Info.plist ... 
2019-05-26 08:27:58 +0000  741 bytes for ./Payload/TumainiFund.app/Frameworks/TNSWidgets.framework/Info.plist
2019-05-26 08:27:58 +0000  copying file ./Payload/TumainiFund.app/Frameworks/SAMKeychain.framework/_CodeSignature/CodeResources ... 
2267 bytes for ./Payload/TumainiFund.app/Frameworks/SAMKeychain.framework/_CodeSignature/CodeResources
copying file ./Payload/TumainiFund.app/Frameworks/SAMKeychain.framework/SAMKeychain ... 
2019-05-26 08:27:58 +0000  262192 bytes for ./Payload/TumainiFund.app/Frameworks/SAMKeychain.framework/SAMKeychain
2019-05-26 08:27:58 +0000  copying file ./Payload/TumainiFund.app/Frameworks/SAMKeychain.framework/SAMKeychain.bundle/en.lproj/SAMKeychain.strings ... 
1580 bytes for ./Payload/TumainiFund.app/Frameworks/SAMKeychain.framework/SAMKeychain.bundle/en.lproj/SAMKeychain.strings
copying file ./Payload/TumainiFund.app/Frameworks/SAMKeychain.framework/Info.plist ... 
2019-05-26 08:27:58 +0000  746 bytes for ./Payload/TumainiFund.app/Frameworks/SAMKeychain.framework/Info.plist
copying file ./Payload/TumainiFund.app/Frameworks/TNSCore.framework/_CodeSignature/CodeResources ... 
2019-05-26 08:27:58 +0000  1798 bytes for ./Payload/TumainiFund.app/Frameworks/TNSCore.framework/_CodeSignature/CodeResources
copying file ./Payload/TumainiFund.app/Frameworks/TNSCore.framework/TNSCore ... 
2019-05-26 08:27:58 +0000  812688 bytes for ./Payload/TumainiFund.app/Frameworks/TNSCore.framework/TNSCore
copying file ./Payload/TumainiFund.app/Frameworks/TNSCore.framework/Info.plist ... 
2019-05-26 08:27:58 +0000  708 bytes for ./Payload/TumainiFund.app/Frameworks/TNSCore.framework/Info.plist
copying file ./Payload/TumainiFund.app/LaunchImage.png ... 
2019-05-26 08:27:58 +0000  9762 bytes for ./Payload/TumainiFund.app/LaunchImage.png
copying file ./Payload/TumainiFund.app/embedded.mobileprovision ... 
2019-05-26 08:27:58 +0000  7665 bytes for ./Payload/TumainiFund.app/embedded.mobileprovision
copying file ./Payload/TumainiFund.app/LaunchImage-800-Landscape-736h@3x.png ... 
2019-05-26 08:27:58 +0000  68149 bytes for ./Payload/TumainiFund.app/LaunchImage-800-Landscape-736h@3x.png
copying file ./Payload/TumainiFund.app/LaunchImage-700-Portrait@2x~ipad.png ... 
2019-05-26 08:27:58 +0000  90562 bytes for ./Payload/TumainiFund.app/LaunchImage-700-Portrait@2x~ipad.png
copying file ./Payload/TumainiFund.app/LaunchImage-700-Landscape~ipad.png ... 
2019-05-26 08:27:58 +0000  32025 bytes for ./Payload/TumainiFund.app/LaunchImage-700-Landscape~ipad.png
copying file ./Payload/TumainiFund.app/Info.plist ... 
2019-05-26 08:27:58 +0000  2111 bytes for ./Payload/TumainiFund.app/Info.plist
copying file ./Payload/TumainiFund.app/PkgInfo ... 
8 bytes for ./Payload/TumainiFund.app/PkgInfo
2019-05-26 08:27:58 +0000  copying file ./Payload/TumainiFund.app/AppIcon76x76~ipad.png ... 
2279 bytes for ./Payload/TumainiFund.app/AppIcon76x76~ipad.png
2019-05-26 08:27:58 +0000 [MT] /usr/bin/ditto exited with 0
2019-05-26 08:27:58 +0000 [MT] Processing step: IDEDistributionAppStoreInformationStep
2019-05-26 08:27:58 +0000 [MT] Skipping step: IDEDistributionAppStoreInformationStep because it said so
2019-05-26 08:27:58 +0000 [MT] Processing step: IDEDistributionCreateManifestStep
