2019-01-17 18:44:43 +0000 [MT] Initial pipeline context: <IDEDistributionProcessingPipelineContext: 0x7fab46a51e00; archive(resolved)='<IDEArchive: 0x7fab462b27d0>', distributionTask(resolved)='2', distributionDestination(resolved)='1', distributionMethod(resolved)='<IDEDistributionMethodDevelopmentSigned: 0x7fab46751480>', team(resolved)='<IDEProvisioningBasicTeam: 0x7fab46a1c0a0; teamID='FQ4MRV6S87', teamName='Cameron Riou'>'>
	Chain (11, self inclusive):
	<IDEDistributionProcessingPipelineContext: 0x7fab46a51e00; archive = '<IDEArchive: 0x7fab462b27d0>', distributionMethod='<IDEDistributionMethodDevelopmentSigned: 0x7fab46751480>', team='<IDEProvisioningBasicTeam: 0x7fab46a1c0a0; teamID='FQ4MRV6S87', teamName='Cameron Riou'>'>
	<IDEDistributionProcessingPipelineContext: 0x7fab46a4ad90; archive = '<IDEArchive: 0x7fab462b27d0>', distributionMethod='<IDEDistributionMethodDevelopmentSigned: 0x7fab46751480>', team='<IDEProvisioningBasicTeam: 0x7fab46a1c0a0; teamID='FQ4MRV6S87', teamName='Cameron Riou'>'>
	<IDEDistributionContext: 0x7fab46a53440; archive = '<IDEArchive: 0x7fab462b27d0>', distributionMethod='<IDEDistributionMethodDevelopmentSigned: 0x7fab46751480>', team='<IDEProvisioningBasicTeam: 0x7fab46a1c0a0; teamID='FQ4MRV6S87', teamName='Cameron Riou'>'>
	<IDEDistributionContext: 0x7fab46940440; archive = '<IDEArchive: 0x7fab462b27d0>', distributionMethod='<IDEDistributionMethodDevelopmentSigned: 0x7fab46751480>', team='<IDEProvisioningBasicTeam: 0x7fab46a1c0a0; teamID='FQ4MRV6S87', teamName='Cameron Riou'>'>
	<IDEDistributionContext: 0x7fab4693e740; archive = '<IDEArchive: 0x7fab462b27d0>', distributionMethod='<IDEDistributionMethodDevelopmentSigned: 0x7fab46751480>', team='<IDEProvisioningBasicTeam: 0x7fab46a1c0a0; teamID='FQ4MRV6S87', teamName='Cameron Riou'>'>
	<IDEDistributionContext: 0x7fab46a40040; archive = '<IDEArchive: 0x7fab462b27d0>', distributionMethod='<IDEDistributionMethodDevelopmentSigned: 0x7fab46751480>', team='<IDEProvisioningBasicTeam: 0x7fab46a1c0a0; teamID='FQ4MRV6S87', teamName='Cameron Riou'>'>
	<IDEDistributionContext: 0x7fab4693c800; archive = '<IDEArchive: 0x7fab462b27d0>', distributionMethod='<IDEDistributionMethodDevelopmentSigned: 0x7fab46751480>', team='<IDEProvisioningBasicTeam: 0x7fab46a1c0a0; teamID='FQ4MRV6S87', teamName='Cameron Riou'>'>
	<IDEDistributionContext: 0x7fab4693d930; archive = '<IDEArchive: 0x7fab462b27d0>', distributionMethod='<IDEDistributionMethodDevelopmentSigned: 0x7fab46751480>', team='<IDEProvisioningBasicTeam: 0x7fab46a1c0a0; teamID='FQ4MRV6S87', teamName='Cameron Riou'>'>
	<IDEDistributionContext: 0x7fab465f42e0; archive = '<IDEArchive: 0x7fab462b27d0>', distributionMethod='<IDEDistributionMethodDevelopmentSigned: 0x7fab46751480>', team='<IDEProvisioningBasicTeam: 0x7fab46a1c0a0; teamID='FQ4MRV6S87', teamName='Cameron Riou'>'>
	<IDEDistributionContext: 0x7fab466b61c0; archive = '<IDEArchive: 0x7fab462b27d0>', distributionMethod='<IDEDistributionMethodDevelopmentSigned: 0x7fab46751480>', team='(null)'>
	<IDEDistributionContext: 0x7fab4672ee30; archive = '<IDEArchive: 0x7fab462b27d0>', distributionMethod='(null)', team='(null)'>
</IDEDistributionProcessingPipelineContext: 0x7fab46a51e00>
2019-01-17 18:44:43 +0000 [MT] Processing step: IDEDistributionCreateDestRootStep
2019-01-17 18:44:43 +0000 [MT] Processing step: IDEDistributionCopyItemStep
2019-01-17 18:44:43 +0000 [MT] Running /usr/bin/ditto '-V' '/Users/cameronriou/Desktop/TumainiFund/TechDay/TumainiFund/platforms/ios/build/archive/TumainiFund.xcarchive/Products/Applications/TumainiFund.app' '/var/folders/gz/_bncyw7n6qd269vhjsdj81d40000gn/T/XcodeDistPipeline.RS8/Root/Payload/TumainiFund.app'
2019-01-17 18:44:43 +0000  >>> Copying /Users/cameronriou/Desktop/TumainiFund/TechDay/TumainiFund/platforms/ios/build/archive/TumainiFund.xcarchive/Products/Applications/TumainiFund.app 
2019-01-17 18:44:43 +0000  copying file ./_CodeSignature/CodeResources ... 
2019-01-17 18:44:43 +0000  29091 bytes for ./_CodeSignature/CodeResources
copying file ./LaunchImage@2x.png ... 
2019-01-17 18:44:43 +0000  167637 bytes for ./LaunchImage@2x.png
2019-01-17 18:44:43 +0000  copying file ./@3xlogo.png ... 
2019-01-17 18:44:43 +0000  13170 bytes for ./@3xlogo.png
2019-01-17 18:44:43 +0000  copying file ./en.lproj/InfoPlist.strings ... 
2019-01-17 18:44:43 +0000  42 bytes for ./en.lproj/InfoPlist.strings
2019-01-17 18:44:43 +0000  copying file ./@2xlogo.png ... 
13170 bytes for ./@2xlogo.png
copying file ./app/bundle.js ... 
2019-01-17 18:44:43 +0000  32467 bytes for ./app/bundle.js
2019-01-17 18:44:43 +0000  copying file ./app/vendor.js ... 
2019-01-17 18:44:43 +0000  6070857 bytes for ./app/vendor.js
2019-01-17 18:44:43 +0000  copying file ./app/package.json ... 
134 bytes for ./app/package.json
copying file ./app/starter.js ... 
39 bytes for ./app/starter.js
copying file ./app/assets/images/logo.png ... 
2019-01-17 18:44:43 +0000  13656 bytes for ./app/assets/images/logo.png
2019-01-17 18:44:43 +0000  copying file ./AppIcon29x29.png ... 
1870 bytes for ./AppIcon29x29.png
copying file ./build.xcconfig ... 
530 bytes for ./build.xcconfig
copying file ./LaunchImage-568h@2x.png ... 
168743 bytes for ./LaunchImage-568h@2x.png
copying file ./AppIcon60x60@2x.png ... 
2019-01-17 18:44:43 +0000  15969 bytes for ./AppIcon60x60@2x.png
copying file ./TumainiFund ... 
2019-01-17 18:44:43 +0000  4972688 bytes for ./TumainiFund
2019-01-17 18:44:43 +0000  copying file ./AppIcon29x29@2x.png ... 
2019-01-17 18:44:43 +0000  5195 bytes for ./AppIcon29x29@2x.png
2019-01-17 18:44:43 +0000  copying file ./LaunchImage-800-667h@2x.png ... 
2019-01-17 18:44:43 +0000  226417 bytes for ./LaunchImage-800-667h@2x.png
2019-01-17 18:44:43 +0000  copying file ./AppIcon40x40@3x.png ... 
2019-01-17 18:44:43 +0000  15969 bytes for ./AppIcon40x40@3x.png
2019-01-17 18:44:43 +0000  copying file ./AppIcon29x29~ipad.png ... 
2019-01-17 18:44:43 +0000  1870 bytes for ./AppIcon29x29~ipad.png
2019-01-17 18:44:43 +0000  copying file ./AppIcon40x40@2x.png ... 
8606 bytes for ./AppIcon40x40@2x.png
copying file ./AppIcon29x29@3x.png ... 
2019-01-17 18:44:43 +0000  9815 bytes for ./AppIcon29x29@3x.png
2019-01-17 18:44:43 +0000  copying file ./AppIcon60x60@3x.png ... 
2019-01-17 18:44:43 +0000  30410 bytes for ./AppIcon60x60@3x.png
2019-01-17 18:44:43 +0000  copying file ./Assets.car ... 
2019-01-17 18:44:43 +0000  931208 bytes for ./Assets.car
copying file ./AppIcon40x40@2x~ipad.png ... 
2019-01-17 18:44:43 +0000  8606 bytes for ./AppIcon40x40@2x~ipad.png
2019-01-17 18:44:43 +0000  copying file ./logo.png ... 
13170 bytes for ./logo.png
copying file ./AppIcon76x76@2x~ipad.png ... 
2019-01-17 18:44:43 +0000  23116 bytes for ./AppIcon76x76@2x~ipad.png
2019-01-17 18:44:43 +0000  copying file ./LaunchImage-800-Portrait-736h@3x.png ... 
2019-01-17 18:44:43 +0000  550060 bytes for ./LaunchImage-800-Portrait-736h@3x.png
2019-01-17 18:44:43 +0000  copying file ./@1xlogo.png ... 
2019-01-17 18:44:43 +0000  13170 bytes for ./@1xlogo.png
2019-01-17 18:44:43 +0000  copying file ./LaunchImage-700@2x.png ... 
167637 bytes for ./LaunchImage-700@2x.png
copying file ./AppIcon83.5x83.5@2x~ipad.png ... 
26929 bytes for ./AppIcon83.5x83.5@2x~ipad.png
copying file ./LaunchImage-700-568h@2x.png ... 
168743 bytes for ./LaunchImage-700-568h@2x.png
copying file ./LaunchScreen.storyboardc/01J-lp-oVM-view-Ze5-6b-2t3.nib ... 
2019-01-17 18:44:43 +0000  2609 bytes for ./LaunchScreen.storyboardc/01J-lp-oVM-view-Ze5-6b-2t3.nib
2019-01-17 18:44:43 +0000  copying file ./LaunchScreen.storyboardc/UIViewController-01J-lp-oVM.nib ... 
2019-01-17 18:44:43 +0000  832 bytes for ./LaunchScreen.storyboardc/UIViewController-01J-lp-oVM.nib
2019-01-17 18:44:43 +0000  copying file ./LaunchScreen.storyboardc/Info.plist ... 
2019-01-17 18:44:43 +0000  258 bytes for ./LaunchScreen.storyboardc/Info.plist
2019-01-17 18:44:43 +0000  copying file ./AppIcon29x29@2x~ipad.png ... 
5195 bytes for ./AppIcon29x29@2x~ipad.png
copying file ./AppIcon40x40~ipad.png ... 
2019-01-17 18:44:43 +0000  2964 bytes for ./AppIcon40x40~ipad.png
2019-01-17 18:44:43 +0000  copying file ./Frameworks/NativeScript.framework/_CodeSignature/CodeResources ... 
2019-01-17 18:44:43 +0000  1798 bytes for ./Frameworks/NativeScript.framework/_CodeSignature/CodeResources
copying file ./Frameworks/NativeScript.framework/NativeScript ... 
2019-01-17 18:44:43 +0000  15524944 bytes for ./Frameworks/NativeScript.framework/NativeScript
2019-01-17 18:44:43 +0000  copying file ./Frameworks/NativeScript.framework/Info.plist ... 
757 bytes for ./Frameworks/NativeScript.framework/Info.plist
copying file ./Frameworks/IQKeyboardManager.framework/_CodeSignature/CodeResources ... 
4698 bytes for ./Frameworks/IQKeyboardManager.framework/_CodeSignature/CodeResources
copying file ./Frameworks/IQKeyboardManager.framework/IQKeyboardManager.bundle/IQButtonBarArrowRight@2x.png ... 
2019-01-17 18:44:43 +0000  1786 bytes for ./Frameworks/IQKeyboardManager.framework/IQKeyboardManager.bundle/IQButtonBarArrowRight@2x.png
copying file ./Frameworks/IQKeyboardManager.framework/IQKeyboardManager.bundle/IQButtonBarArrowUp@3x.png ... 
2019-01-17 18:44:43 +0000  2164 bytes for ./Frameworks/IQKeyboardManager.framework/IQKeyboardManager.bundle/IQButtonBarArrowUp@3x.png
2019-01-17 18:44:43 +0000  copying file ./Frameworks/IQKeyboardManager.framework/IQKeyboardManager.bundle/IQButtonBarArrowUp@2x.png ... 
2019-01-17 18:44:43 +0000  1769 bytes for ./Frameworks/IQKeyboardManager.framework/IQKeyboardManager.bundle/IQButtonBarArrowUp@2x.png
2019-01-17 18:44:43 +0000  copying file ./Frameworks/IQKeyboardManager.framework/IQKeyboardManager.bundle/IQButtonBarArrowRight@3x.png ... 
2019-01-17 18:44:43 +0000  1844 bytes for ./Frameworks/IQKeyboardManager.framework/IQKeyboardManager.bundle/IQButtonBarArrowRight@3x.png
2019-01-17 18:44:43 +0000  copying file ./Frameworks/IQKeyboardManager.framework/IQKeyboardManager.bundle/IQButtonBarArrowLeft@3x.png ... 
2019-01-17 18:44:43 +0000  1815 bytes for ./Frameworks/IQKeyboardManager.framework/IQKeyboardManager.bundle/IQButtonBarArrowLeft@3x.png
2019-01-17 18:44:43 +0000  copying file ./Frameworks/IQKeyboardManager.framework/IQKeyboardManager.bundle/IQButtonBarArrowDown@3x.png ... 
2019-01-17 18:44:43 +0000  2177 bytes for ./Frameworks/IQKeyboardManager.framework/IQKeyboardManager.bundle/IQButtonBarArrowDown@3x.png
2019-01-17 18:44:43 +0000  copying file ./Frameworks/IQKeyboardManager.framework/IQKeyboardManager.bundle/IQButtonBarArrowDown@2x.png ... 
2019-01-17 18:44:43 +0000  1764 bytes for ./Frameworks/IQKeyboardManager.framework/IQKeyboardManager.bundle/IQButtonBarArrowDown@2x.png
2019-01-17 18:44:43 +0000  copying file ./Frameworks/IQKeyboardManager.framework/IQKeyboardManager.bundle/IQButtonBarArrowLeft@2x.png ... 
2019-01-17 18:44:43 +0000  1793 bytes for ./Frameworks/IQKeyboardManager.framework/IQKeyboardManager.bundle/IQButtonBarArrowLeft@2x.png
2019-01-17 18:44:43 +0000  copying file ./Frameworks/IQKeyboardManager.framework/IQKeyboardManager ... 
2019-01-17 18:44:43 +0000  1242352 bytes for ./Frameworks/IQKeyboardManager.framework/IQKeyboardManager
2019-01-17 18:44:43 +0000  copying file ./Frameworks/IQKeyboardManager.framework/Info.plist ... 
803 bytes for ./Frameworks/IQKeyboardManager.framework/Info.plist
2019-01-17 18:44:43 +0000  copying file ./Frameworks/sqlitewrapper.framework/_CodeSignature/CodeResources ... 
2019-01-17 18:44:43 +0000  1798 bytes for ./Frameworks/sqlitewrapper.framework/_CodeSignature/CodeResources
2019-01-17 18:44:43 +0000  copying file ./Frameworks/sqlitewrapper.framework/Info.plist ... 
2019-01-17 18:44:43 +0000  721 bytes for ./Frameworks/sqlitewrapper.framework/Info.plist
2019-01-17 18:44:43 +0000  copying file ./Frameworks/sqlitewrapper.framework/sqlitewrapper ... 
2019-01-17 18:44:43 +0000  86480 bytes for ./Frameworks/sqlitewrapper.framework/sqlitewrapper
2019-01-17 18:44:43 +0000  copying file ./Frameworks/ISMessages.framework/_CodeSignature/CodeResources ... 
2019-01-17 18:44:43 +0000  6074 bytes for ./Frameworks/ISMessages.framework/_CodeSignature/CodeResources
copying file ./Frameworks/ISMessages.framework/ISMessages ... 
2019-01-17 18:44:43 +0000  355056 bytes for ./Frameworks/ISMessages.framework/ISMessages
2019-01-17 18:44:43 +0000  copying file ./Frameworks/ISMessages.framework/ISMessages.bundle/isInfoIcon.png ... 
2019-01-17 18:44:43 +0000  2325 bytes for ./Frameworks/ISMessages.framework/ISMessages.bundle/isInfoIcon.png
2019-01-17 18:44:43 +0000  copying file ./Frameworks/ISMessages.framework/ISMessages.bundle/isErrorIcon@3x.png ... 
2019-01-17 18:44:43 +0000  9731 bytes for ./Frameworks/ISMessages.framework/ISMessages.bundle/isErrorIcon@3x.png
2019-01-17 18:44:43 +0000  copying file ./Frameworks/ISMessages.framework/ISMessages.bundle/isWarningIcon@3x.png ... 
2019-01-17 18:44:43 +0000  7766 bytes for ./Frameworks/ISMessages.framework/ISMessages.bundle/isWarningIcon@3x.png
2019-01-17 18:44:43 +0000  copying file ./Frameworks/ISMessages.framework/ISMessages.bundle/isErrorIcon.png ... 
2019-01-17 18:44:43 +0000  2684 bytes for ./Frameworks/ISMessages.framework/ISMessages.bundle/isErrorIcon.png
2019-01-17 18:44:43 +0000  copying file ./Frameworks/ISMessages.framework/ISMessages.bundle/isWarningIcon@2x.png ... 
2019-01-17 18:44:43 +0000  5474 bytes for ./Frameworks/ISMessages.framework/ISMessages.bundle/isWarningIcon@2x.png
2019-01-17 18:44:43 +0000  copying file ./Frameworks/ISMessages.framework/ISMessages.bundle/isErrorIcon@2x.png ... 
2019-01-17 18:44:43 +0000  6254 bytes for ./Frameworks/ISMessages.framework/ISMessages.bundle/isErrorIcon@2x.png
2019-01-17 18:44:43 +0000  copying file ./Frameworks/ISMessages.framework/ISMessages.bundle/isSuccessIcon.png ... 
2739 bytes for ./Frameworks/ISMessages.framework/ISMessages.bundle/isSuccessIcon.png
copying file ./Frameworks/ISMessages.framework/ISMessages.bundle/isSuccessIcon@2x.png ... 
2019-01-17 18:44:43 +0000  6576 bytes for ./Frameworks/ISMessages.framework/ISMessages.bundle/isSuccessIcon@2x.png
2019-01-17 18:44:43 +0000  copying file ./Frameworks/ISMessages.framework/ISMessages.bundle/isWarningIcon.png ... 
2339 bytes for ./Frameworks/ISMessages.framework/ISMessages.bundle/isWarningIcon.png
copying file ./Frameworks/ISMessages.framework/ISMessages.bundle/isSuccessIcon@3x.png ... 
2019-01-17 18:44:43 +0000  13285 bytes for ./Frameworks/ISMessages.framework/ISMessages.bundle/isSuccessIcon@3x.png
2019-01-17 18:44:43 +0000  copying file ./Frameworks/ISMessages.framework/ISMessages.bundle/isInfoIcon@2x.png ... 
2019-01-17 18:44:43 +0000  5045 bytes for ./Frameworks/ISMessages.framework/ISMessages.bundle/isInfoIcon@2x.png
2019-01-17 18:44:43 +0000  copying file ./Frameworks/ISMessages.framework/ISMessages.bundle/isInfoIcon@3x.png ... 
2019-01-17 18:44:43 +0000  7726 bytes for ./Frameworks/ISMessages.framework/ISMessages.bundle/isInfoIcon@3x.png
2019-01-17 18:44:43 +0000  copying file ./Frameworks/ISMessages.framework/ISMessages.bundle/Info.plist ... 
2019-01-17 18:44:43 +0000  762 bytes for ./Frameworks/ISMessages.framework/ISMessages.bundle/Info.plist
2019-01-17 18:44:43 +0000  copying file ./Frameworks/ISMessages.framework/Info.plist ... 
2019-01-17 18:44:43 +0000  787 bytes for ./Frameworks/ISMessages.framework/Info.plist
2019-01-17 18:44:43 +0000  copying file ./Frameworks/TNSWidgets.framework/_CodeSignature/CodeResources ... 
2019-01-17 18:44:43 +0000  1798 bytes for ./Frameworks/TNSWidgets.framework/_CodeSignature/CodeResources
2019-01-17 18:44:43 +0000  copying file ./Frameworks/TNSWidgets.framework/TNSWidgets ... 
101696 bytes for ./Frameworks/TNSWidgets.framework/TNSWidgets
copying file ./Frameworks/TNSWidgets.framework/Info.plist ... 
2019-01-17 18:44:43 +0000  742 bytes for ./Frameworks/TNSWidgets.framework/Info.plist
2019-01-17 18:44:43 +0000  copying file ./Frameworks/SAMKeychain.framework/_CodeSignature/CodeResources ... 
2019-01-17 18:44:43 +0000  2267 bytes for ./Frameworks/SAMKeychain.framework/_CodeSignature/CodeResources
copying file ./Frameworks/SAMKeychain.framework/SAMKeychain ... 
2019-01-17 18:44:43 +0000  263744 bytes for ./Frameworks/SAMKeychain.framework/SAMKeychain
2019-01-17 18:44:43 +0000  copying file ./Frameworks/SAMKeychain.framework/SAMKeychain.bundle/en.lproj/SAMKeychain.strings ... 
2019-01-17 18:44:43 +0000  1580 bytes for ./Frameworks/SAMKeychain.framework/SAMKeychain.bundle/en.lproj/SAMKeychain.strings
copying file ./Frameworks/SAMKeychain.framework/Info.plist ... 
2019-01-17 18:44:43 +0000  789 bytes for ./Frameworks/SAMKeychain.framework/Info.plist
copying file ./LaunchImage.png ... 
2019-01-17 18:44:43 +0000  51260 bytes for ./LaunchImage.png
2019-01-17 18:44:43 +0000  copying file ./embedded.mobileprovision ... 
2019-01-17 18:44:43 +0000  9620 bytes for ./embedded.mobileprovision
copying file ./LaunchImage-800-Landscape-736h@3x.png ... 
2019-01-17 18:44:43 +0000  563030 bytes for ./LaunchImage-800-Landscape-736h@3x.png
2019-01-17 18:44:43 +0000  copying file ./Info.plist ... 
2019-01-17 18:44:43 +0000  1986 bytes for ./Info.plist
copying file ./PkgInfo ... 
2019-01-17 18:44:43 +0000  8 bytes for ./PkgInfo
copying file ./AppIcon76x76~ipad.png ... 
2019-01-17 18:44:43 +0000  7902 bytes for ./AppIcon76x76~ipad.png
2019-01-17 18:44:43 +0000 [MT] /usr/bin/ditto exited with 0
2019-01-17 18:44:43 +0000 [MT] Processing step: IDEDistributionEmbedProfileStep
2019-01-17 18:44:43 +0000 [MT] Skipping profile for item: <IDEDistributionItem: 0x7fab469084c0 'org.cocoapods.IQKeyboardManager' '<DVTFilePath:0x7fab46798230:'/Users/cameronriou/Desktop/TumainiFund/TechDay/TumainiFund/platforms/ios/build/archive/TumainiFund.xcarchive/Products/Applications/TumainiFund.app/Frameworks/IQKeyboardManager.framework'>'>
2019-01-17 18:44:43 +0000 [MT] Skipping profile for item: <IDEDistributionItem: 0x7fab467ac470 'org.cocoapods.ISMessages' '<DVTFilePath:0x7fab464dea40:'/Users/cameronriou/Desktop/TumainiFund/TechDay/TumainiFund/platforms/ios/build/archive/TumainiFund.xcarchive/Products/Applications/TumainiFund.app/Frameworks/ISMessages.framework'>'>
2019-01-17 18:44:43 +0000 [MT] Skipping profile for item: <IDEDistributionItem: 0x7fab46a108f0 'org.nativescript.NativeScript' '<DVTFilePath:0x7fab466d8750:'/Users/cameronriou/Desktop/TumainiFund/TechDay/TumainiFund/platforms/ios/build/archive/TumainiFund.xcarchive/Products/Applications/TumainiFund.app/Frameworks/NativeScript.framework'>'>
2019-01-17 18:44:43 +0000 [MT] Skipping profile for item: <IDEDistributionItem: 0x7fab464fb700 'org.cocoapods.SAMKeychain' '<DVTFilePath:0x7fab4682b510:'/Users/cameronriou/Desktop/TumainiFund/TechDay/TumainiFund/platforms/ios/build/archive/TumainiFund.xcarchive/Products/Applications/TumainiFund.app/Frameworks/SAMKeychain.framework'>'>
2019-01-17 18:44:43 +0000 [MT] Skipping profile for item: <IDEDistributionItem: 0x7fab46835960 'org.nativescript.TNSWidgets' '<DVTFilePath:0x7fab464e86c0:'/Users/cameronriou/Desktop/TumainiFund/TechDay/TumainiFund/platforms/ios/build/archive/TumainiFund.xcarchive/Products/Applications/TumainiFund.app/Frameworks/TNSWidgets.framework'>'>
2019-01-17 18:44:43 +0000 [MT] Skipping profile for item: <IDEDistributionItem: 0x7fab466fba60 'technology.master.sqlitewrapper' '<DVTFilePath:0x7fab4679ac80:'/Users/cameronriou/Desktop/TumainiFund/TechDay/TumainiFund/platforms/ios/build/archive/TumainiFund.xcarchive/Products/Applications/TumainiFund.app/Frameworks/sqlitewrapper.framework'>'>
2019-01-17 18:44:43 +0000 [MT] Processing step: IDEDistributionAppThinningPlistStep
2019-01-17 18:44:43 +0000 [MT] Skipping step: IDEDistributionAppThinningPlistStep because it said so
2019-01-17 18:44:43 +0000 [MT] Processing step: IDEDistributionCompileBitcodeStep
2019-01-17 18:44:43 +0000 [MT] Skipping step: IDEDistributionCompileBitcodeStep because it said so
2019-01-17 18:44:43 +0000 [MT] Processing step: IDEDistributionCodeSlimmingStep
2019-01-17 18:44:43 +0000 [MT] Processing step: IDEDistributionCopyBCSymbolMapsStep
2019-01-17 18:44:43 +0000 [MT] Skipping step: IDEDistributionCopyBCSymbolMapsStep because it said so
2019-01-17 18:44:43 +0000 [MT] Skipping step: IDEDistributionCopyBCSymbolMapsStep because it said so
2019-01-17 18:44:43 +0000 [MT] Skipping step: IDEDistributionCopyBCSymbolMapsStep because it said so
2019-01-17 18:44:43 +0000 [MT] Skipping step: IDEDistributionCopyBCSymbolMapsStep because it said so
2019-01-17 18:44:43 +0000 [MT] Skipping step: IDEDistributionCopyBCSymbolMapsStep because it said so
2019-01-17 18:44:43 +0000 [MT] Skipping step: IDEDistributionCopyBCSymbolMapsStep because it said so
2019-01-17 18:44:43 +0000 [MT] Skipping step: IDEDistributionCopyBCSymbolMapsStep because it said so
2019-01-17 18:44:43 +0000 [MT] Processing step: IDEDistributionSymbolsStep
2019-01-17 18:44:43 +0000 [MT] Skipping step: IDEDistributionSymbolsStep because it said so
2019-01-17 18:44:43 +0000 [MT] Skipping step: IDEDistributionSymbolsStep because it said so
2019-01-17 18:44:43 +0000 [MT] Skipping step: IDEDistributionSymbolsStep because it said so
2019-01-17 18:44:43 +0000 [MT] Skipping step: IDEDistributionSymbolsStep because it said so
2019-01-17 18:44:43 +0000 [MT] Skipping step: IDEDistributionSymbolsStep because it said so
2019-01-17 18:44:43 +0000 [MT] Skipping step: IDEDistributionSymbolsStep because it said so
2019-01-17 18:44:43 +0000 [MT] Skipping step: IDEDistributionSymbolsStep because it said so
2019-01-17 18:44:43 +0000 [MT] Processing step: IDEDistributionAppThinningStep
2019-01-17 18:44:43 +0000 [MT] Skipping step: IDEDistributionAppThinningStep because it said so
2019-01-17 18:44:43 +0000 [MT] Processing step: IDEDistributionArchThinningStep
2019-01-17 18:44:43 +0000 [MT] Running /Applications/Xcode.app/Contents/Developer/Toolchains/XcodeDefault.xctoolchain/usr/bin/lipo '/var/folders/gz/_bncyw7n6qd269vhjsdj81d40000gn/T/XcodeDistPipeline.RS8/Root/Payload/TumainiFund.app/Frameworks/IQKeyboardManager.framework/IQKeyboardManager' '-verify_arch' 'arm64e'
2019-01-17 18:44:43 +0000 [MT] /Applications/Xcode.app/Contents/Developer/Toolchains/XcodeDefault.xctoolchain/usr/bin/lipo exited with 1
2019-01-17 18:44:43 +0000 [MT] Skipping architecture thinning for item "IQKeyboardManager" because arch "arm64e" wasn't found
2019-01-17 18:44:43 +0000 [MT] Running /Applications/Xcode.app/Contents/Developer/Toolchains/XcodeDefault.xctoolchain/usr/bin/lipo '/var/folders/gz/_bncyw7n6qd269vhjsdj81d40000gn/T/XcodeDistPipeline.RS8/Root/Payload/TumainiFund.app/Frameworks/ISMessages.framework/ISMessages' '-verify_arch' 'arm64e'
2019-01-17 18:44:43 +0000 [MT] /Applications/Xcode.app/Contents/Developer/Toolchains/XcodeDefault.xctoolchain/usr/bin/lipo exited with 1
2019-01-17 18:44:43 +0000 [MT] Skipping architecture thinning for item "ISMessages" because arch "arm64e" wasn't found
2019-01-17 18:44:43 +0000 [MT] Running /Applications/Xcode.app/Contents/Developer/Toolchains/XcodeDefault.xctoolchain/usr/bin/lipo '/var/folders/gz/_bncyw7n6qd269vhjsdj81d40000gn/T/XcodeDistPipeline.RS8/Root/Payload/TumainiFund.app/Frameworks/NativeScript.framework/NativeScript' '-verify_arch' 'arm64e'
2019-01-17 18:44:43 +0000 [MT] /Applications/Xcode.app/Contents/Developer/Toolchains/XcodeDefault.xctoolchain/usr/bin/lipo exited with 1
2019-01-17 18:44:43 +0000 [MT] Skipping architecture thinning for item "NativeScript" because arch "arm64e" wasn't found
2019-01-17 18:44:43 +0000 [MT] Running /Applications/Xcode.app/Contents/Developer/Toolchains/XcodeDefault.xctoolchain/usr/bin/lipo '/var/folders/gz/_bncyw7n6qd269vhjsdj81d40000gn/T/XcodeDistPipeline.RS8/Root/Payload/TumainiFund.app/Frameworks/SAMKeychain.framework/SAMKeychain' '-verify_arch' 'arm64e'
2019-01-17 18:44:43 +0000 [MT] /Applications/Xcode.app/Contents/Developer/Toolchains/XcodeDefault.xctoolchain/usr/bin/lipo exited with 1
2019-01-17 18:44:43 +0000 [MT] Skipping architecture thinning for item "SAMKeychain" because arch "arm64e" wasn't found
2019-01-17 18:44:43 +0000 [MT] Running /Applications/Xcode.app/Contents/Developer/Toolchains/XcodeDefault.xctoolchain/usr/bin/lipo '/var/folders/gz/_bncyw7n6qd269vhjsdj81d40000gn/T/XcodeDistPipeline.RS8/Root/Payload/TumainiFund.app/Frameworks/TNSWidgets.framework/TNSWidgets' '-verify_arch' 'arm64e'
2019-01-17 18:44:43 +0000 [MT] /Applications/Xcode.app/Contents/Developer/Toolchains/XcodeDefault.xctoolchain/usr/bin/lipo exited with 1
2019-01-17 18:44:43 +0000 [MT] Skipping architecture thinning for item "TNSWidgets" because arch "arm64e" wasn't found
2019-01-17 18:44:43 +0000 [MT] Running /Applications/Xcode.app/Contents/Developer/Toolchains/XcodeDefault.xctoolchain/usr/bin/lipo '/var/folders/gz/_bncyw7n6qd269vhjsdj81d40000gn/T/XcodeDistPipeline.RS8/Root/Payload/TumainiFund.app/Frameworks/sqlitewrapper.framework/sqlitewrapper' '-verify_arch' 'arm64e'
2019-01-17 18:44:43 +0000 [MT] /Applications/Xcode.app/Contents/Developer/Toolchains/XcodeDefault.xctoolchain/usr/bin/lipo exited with 1
2019-01-17 18:44:43 +0000 [MT] Skipping architecture thinning for item "sqlitewrapper" because arch "arm64e" wasn't found
2019-01-17 18:44:43 +0000 [MT] Running /Applications/Xcode.app/Contents/Developer/Toolchains/XcodeDefault.xctoolchain/usr/bin/lipo '/var/folders/gz/_bncyw7n6qd269vhjsdj81d40000gn/T/XcodeDistPipeline.RS8/Root/Payload/TumainiFund.app/TumainiFund' '-verify_arch' 'arm64e'
2019-01-17 18:44:43 +0000 [MT] /Applications/Xcode.app/Contents/Developer/Toolchains/XcodeDefault.xctoolchain/usr/bin/lipo exited with 1
2019-01-17 18:44:43 +0000 [MT] Skipping architecture thinning for item "TumainiFund" because arch "arm64e" wasn't found
2019-01-17 18:44:43 +0000 [MT] Processing step: IDEDistributionODRStep
2019-01-17 18:44:43 +0000 [MT] Processing step: IDEDistributionStripXattrsStep
2019-01-17 18:44:43 +0000 [MT] Skipping stripping extended attributes of item: <IDEDistributionItem: 0x7fab469084c0 'org.cocoapods.IQKeyboardManager' '<DVTFilePath:0x7fab46798230:'/Users/cameronriou/Desktop/TumainiFund/TechDay/TumainiFund/platforms/ios/build/archive/TumainiFund.xcarchive/Products/Applications/TumainiFund.app/Frameworks/IQKeyboardManager.framework'>'>
2019-01-17 18:44:43 +0000 [MT] Skipping stripping extended attributes of item: <IDEDistributionItem: 0x7fab467ac470 'org.cocoapods.ISMessages' '<DVTFilePath:0x7fab464dea40:'/Users/cameronriou/Desktop/TumainiFund/TechDay/TumainiFund/platforms/ios/build/archive/TumainiFund.xcarchive/Products/Applications/TumainiFund.app/Frameworks/ISMessages.framework'>'>
2019-01-17 18:44:43 +0000 [MT] Skipping stripping extended attributes of item: <IDEDistributionItem: 0x7fab46a108f0 'org.nativescript.NativeScript' '<DVTFilePath:0x7fab466d8750:'/Users/cameronriou/Desktop/TumainiFund/TechDay/TumainiFund/platforms/ios/build/archive/TumainiFund.xcarchive/Products/Applications/TumainiFund.app/Frameworks/NativeScript.framework'>'>
2019-01-17 18:44:43 +0000 [MT] Skipping stripping extended attributes of item: <IDEDistributionItem: 0x7fab464fb700 'org.cocoapods.SAMKeychain' '<DVTFilePath:0x7fab4682b510:'/Users/cameronriou/Desktop/TumainiFund/TechDay/TumainiFund/platforms/ios/build/archive/TumainiFund.xcarchive/Products/Applications/TumainiFund.app/Frameworks/SAMKeychain.framework'>'>
2019-01-17 18:44:43 +0000 [MT] Skipping stripping extended attributes of item: <IDEDistributionItem: 0x7fab46835960 'org.nativescript.TNSWidgets' '<DVTFilePath:0x7fab464e86c0:'/Users/cameronriou/Desktop/TumainiFund/TechDay/TumainiFund/platforms/ios/build/archive/TumainiFund.xcarchive/Products/Applications/TumainiFund.app/Frameworks/TNSWidgets.framework'>'>
2019-01-17 18:44:43 +0000 [MT] Skipping stripping extended attributes of item: <IDEDistributionItem: 0x7fab466fba60 'technology.master.sqlitewrapper' '<DVTFilePath:0x7fab4679ac80:'/Users/cameronriou/Desktop/TumainiFund/TechDay/TumainiFund/platforms/ios/build/archive/TumainiFund.xcarchive/Products/Applications/TumainiFund.app/Frameworks/sqlitewrapper.framework'>'>
2019-01-17 18:44:43 +0000 [MT] Running /usr/bin/xattr '-crs' '/var/folders/gz/_bncyw7n6qd269vhjsdj81d40000gn/T/XcodeDistPipeline.RS8/Root/Payload/TumainiFund.app'
2019-01-17 18:44:44 +0000 [MT] /usr/bin/xattr exited with 0
2019-01-17 18:44:44 +0000 [MT] Processing step: IDEDistributionCodesignStep
2019-01-17 18:44:44 +0000 [MT] Entitlements for <IDEDistributionItem: 0x7fab469084c0 'org.cocoapods.IQKeyboardManager' '<DVTFilePath:0x7fab46798230:'/Users/cameronriou/Desktop/TumainiFund/TechDay/TumainiFund/platforms/ios/build/archive/TumainiFund.xcarchive/Products/Applications/TumainiFund.app/Frameworks/IQKeyboardManager.framework'>'>: {
}
2019-01-17 18:44:44 +0000 [MT] Writing entitlements for <IDEDistributionItem: 0x7fab469084c0 'org.cocoapods.IQKeyboardManager' '<DVTFilePath:0x7fab46798230:'/Users/cameronriou/Desktop/TumainiFund/TechDay/TumainiFund/platforms/ios/build/archive/TumainiFund.xcarchive/Products/Applications/TumainiFund.app/Frameworks/IQKeyboardManager.framework'>'> to: /var/folders/gz/_bncyw7n6qd269vhjsdj81d40000gn/T/XcodeDistPipeline.RS8/entitlementsNK3iI1
2019-01-17 18:44:44 +0000 [MT] Running /usr/bin/codesign '-vvv' '--force' '--sign' '9CFF4441893024CCDB73853C05536B8ED931ADEA' '--entitlements' '/var/folders/gz/_bncyw7n6qd269vhjsdj81d40000gn/T/XcodeDistPipeline.RS8/entitlementsNK3iI1' '--preserve-metadata=identifier,flags,runtime' '/var/folders/gz/_bncyw7n6qd269vhjsdj81d40000gn/T/XcodeDistPipeline.RS8/Root/Payload/TumainiFund.app/Frameworks/IQKeyboardManager.framework'
2019-01-17 18:44:44 +0000  /var/folders/gz/_bncyw7n6qd269vhjsdj81d40000gn/T/XcodeDistPipeline.RS8/Root/Payload/TumainiFund.app/Frameworks/IQKeyboardManager.framework: signed bundle with Mach-O thin (arm64) [org.cocoapods.IQKeyboardManager]
2019-01-17 18:44:44 +0000 [MT] /usr/bin/codesign exited with 0
2019-01-17 18:44:44 +0000 [MT] Entitlements for <IDEDistributionItem: 0x7fab467ac470 'org.cocoapods.ISMessages' '<DVTFilePath:0x7fab464dea40:'/Users/cameronriou/Desktop/TumainiFund/TechDay/TumainiFund/platforms/ios/build/archive/TumainiFund.xcarchive/Products/Applications/TumainiFund.app/Frameworks/ISMessages.framework'>'>: {
}
2019-01-17 18:44:44 +0000 [MT] Writing entitlements for <IDEDistributionItem: 0x7fab467ac470 'org.cocoapods.ISMessages' '<DVTFilePath:0x7fab464dea40:'/Users/cameronriou/Desktop/TumainiFund/TechDay/TumainiFund/platforms/ios/build/archive/TumainiFund.xcarchive/Products/Applications/TumainiFund.app/Frameworks/ISMessages.framework'>'> to: /var/folders/gz/_bncyw7n6qd269vhjsdj81d40000gn/T/XcodeDistPipeline.RS8/entitlementsuVJkRu
2019-01-17 18:44:44 +0000 [MT] Running /usr/bin/codesign '-vvv' '--force' '--sign' '9CFF4441893024CCDB73853C05536B8ED931ADEA' '--entitlements' '/var/folders/gz/_bncyw7n6qd269vhjsdj81d40000gn/T/XcodeDistPipeline.RS8/entitlementsuVJkRu' '--preserve-metadata=identifier,flags,runtime' '/var/folders/gz/_bncyw7n6qd269vhjsdj81d40000gn/T/XcodeDistPipeline.RS8/Root/Payload/TumainiFund.app/Frameworks/ISMessages.framework'
2019-01-17 18:44:44 +0000  /var/folders/gz/_bncyw7n6qd269vhjsdj81d40000gn/T/XcodeDistPipeline.RS8/Root/Payload/TumainiFund.app/Frameworks/ISMessages.framework: signed bundle with Mach-O thin (arm64) [org.cocoapods.ISMessages]
2019-01-17 18:44:44 +0000  
2019-01-17 18:44:44 +0000 [MT] /usr/bin/codesign exited with 0
2019-01-17 18:44:44 +0000 [MT] Entitlements for <IDEDistributionItem: 0x7fab46a108f0 'org.nativescript.NativeScript' '<DVTFilePath:0x7fab466d8750:'/Users/cameronriou/Desktop/TumainiFund/TechDay/TumainiFund/platforms/ios/build/archive/TumainiFund.xcarchive/Products/Applications/TumainiFund.app/Frameworks/NativeScript.framework'>'>: {
}
2019-01-17 18:44:44 +0000 [MT] Writing entitlements for <IDEDistributionItem: 0x7fab46a108f0 'org.nativescript.NativeScript' '<DVTFilePath:0x7fab466d8750:'/Users/cameronriou/Desktop/TumainiFund/TechDay/TumainiFund/platforms/ios/build/archive/TumainiFund.xcarchive/Products/Applications/TumainiFund.app/Frameworks/NativeScript.framework'>'> to: /var/folders/gz/_bncyw7n6qd269vhjsdj81d40000gn/T/XcodeDistPipeline.RS8/entitlementsuJ2i2Y
2019-01-17 18:44:44 +0000 [MT] Running /usr/bin/codesign '-vvv' '--force' '--sign' '9CFF4441893024CCDB73853C05536B8ED931ADEA' '--entitlements' '/var/folders/gz/_bncyw7n6qd269vhjsdj81d40000gn/T/XcodeDistPipeline.RS8/entitlementsuJ2i2Y' '--preserve-metadata=identifier,flags,runtime' '/var/folders/gz/_bncyw7n6qd269vhjsdj81d40000gn/T/XcodeDistPipeline.RS8/Root/Payload/TumainiFund.app/Frameworks/NativeScript.framework'
2019-01-17 18:44:44 +0000  /var/folders/gz/_bncyw7n6qd269vhjsdj81d40000gn/T/XcodeDistPipeline.RS8/Root/Payload/TumainiFund.app/Frameworks/NativeScript.framework: replacing existing signature
2019-01-17 18:44:44 +0000  /var/folders/gz/_bncyw7n6qd269vhjsdj81d40000gn/T/XcodeDistPipeline.RS8/Root/Payload/TumainiFund.app/Frameworks/NativeScript.framework: signed bundle with Mach-O universal (arm64) [org.nativescript.NativeScript]
2019-01-17 18:44:44 +0000 [MT] /usr/bin/codesign exited with 0
2019-01-17 18:44:44 +0000 [MT] Entitlements for <IDEDistributionItem: 0x7fab464fb700 'org.cocoapods.SAMKeychain' '<DVTFilePath:0x7fab4682b510:'/Users/cameronriou/Desktop/TumainiFund/TechDay/TumainiFund/platforms/ios/build/archive/TumainiFund.xcarchive/Products/Applications/TumainiFund.app/Frameworks/SAMKeychain.framework'>'>: {
}
2019-01-17 18:44:44 +0000 [MT] Writing entitlements for <IDEDistributionItem: 0x7fab464fb700 'org.cocoapods.SAMKeychain' '<DVTFilePath:0x7fab4682b510:'/Users/cameronriou/Desktop/TumainiFund/TechDay/TumainiFund/platforms/ios/build/archive/TumainiFund.xcarchive/Products/Applications/TumainiFund.app/Frameworks/SAMKeychain.framework'>'> to: /var/folders/gz/_bncyw7n6qd269vhjsdj81d40000gn/T/XcodeDistPipeline.RS8/entitlementsalW2zk
2019-01-17 18:44:44 +0000 [MT] Running /usr/bin/codesign '-vvv' '--force' '--sign' '9CFF4441893024CCDB73853C05536B8ED931ADEA' '--entitlements' '/var/folders/gz/_bncyw7n6qd269vhjsdj81d40000gn/T/XcodeDistPipeline.RS8/entitlementsalW2zk' '--preserve-metadata=identifier,flags,runtime' '/var/folders/gz/_bncyw7n6qd269vhjsdj81d40000gn/T/XcodeDistPipeline.RS8/Root/Payload/TumainiFund.app/Frameworks/SAMKeychain.framework'
2019-01-17 18:44:45 +0000  /var/folders/gz/_bncyw7n6qd269vhjsdj81d40000gn/T/XcodeDistPipeline.RS8/Root/Payload/TumainiFund.app/Frameworks/SAMKeychain.framework: signed bundle with Mach-O thin (arm64) [org.cocoapods.SAMKeychain]
2019-01-17 18:44:45 +0000 [MT] /usr/bin/codesign exited with 0
2019-01-17 18:44:45 +0000 [MT] Entitlements for <IDEDistributionItem: 0x7fab46835960 'org.nativescript.TNSWidgets' '<DVTFilePath:0x7fab464e86c0:'/Users/cameronriou/Desktop/TumainiFund/TechDay/TumainiFund/platforms/ios/build/archive/TumainiFund.xcarchive/Products/Applications/TumainiFund.app/Frameworks/TNSWidgets.framework'>'>: {
}
2019-01-17 18:44:45 +0000 [MT] Writing entitlements for <IDEDistributionItem: 0x7fab46835960 'org.nativescript.TNSWidgets' '<DVTFilePath:0x7fab464e86c0:'/Users/cameronriou/Desktop/TumainiFund/TechDay/TumainiFund/platforms/ios/build/archive/TumainiFund.xcarchive/Products/Applications/TumainiFund.app/Frameworks/TNSWidgets.framework'>'> to: /var/folders/gz/_bncyw7n6qd269vhjsdj81d40000gn/T/XcodeDistPipeline.RS8/entitlementsdRUypu
2019-01-17 18:44:45 +0000 [MT] Running /usr/bin/codesign '-vvv' '--force' '--sign' '9CFF4441893024CCDB73853C05536B8ED931ADEA' '--entitlements' '/var/folders/gz/_bncyw7n6qd269vhjsdj81d40000gn/T/XcodeDistPipeline.RS8/entitlementsdRUypu' '--preserve-metadata=identifier,flags,runtime' '/var/folders/gz/_bncyw7n6qd269vhjsdj81d40000gn/T/XcodeDistPipeline.RS8/Root/Payload/TumainiFund.app/Frameworks/TNSWidgets.framework'
2019-01-17 18:44:45 +0000  /var/folders/gz/_bncyw7n6qd269vhjsdj81d40000gn/T/XcodeDistPipeline.RS8/Root/Payload/TumainiFund.app/Frameworks/TNSWidgets.framework: replacing existing signature
2019-01-17 18:44:45 +0000  /var/folders/gz/_bncyw7n6qd269vhjsdj81d40000gn/T/XcodeDistPipeline.RS8/Root/Payload/TumainiFund.app/Frameworks/TNSWidgets.framework: signed bundle with Mach-O universal (arm64) [org.nativescript.TNSWidgets]
2019-01-17 18:44:45 +0000 [MT] /usr/bin/codesign exited with 0
2019-01-17 18:44:45 +0000 [MT] Entitlements for <IDEDistributionItem: 0x7fab466fba60 'technology.master.sqlitewrapper' '<DVTFilePath:0x7fab4679ac80:'/Users/cameronriou/Desktop/TumainiFund/TechDay/TumainiFund/platforms/ios/build/archive/TumainiFund.xcarchive/Products/Applications/TumainiFund.app/Frameworks/sqlitewrapper.framework'>'>: {
}
2019-01-17 18:44:45 +0000 [MT] Writing entitlements for <IDEDistributionItem: 0x7fab466fba60 'technology.master.sqlitewrapper' '<DVTFilePath:0x7fab4679ac80:'/Users/cameronriou/Desktop/TumainiFund/TechDay/TumainiFund/platforms/ios/build/archive/TumainiFund.xcarchive/Products/Applications/TumainiFund.app/Frameworks/sqlitewrapper.framework'>'> to: /var/folders/gz/_bncyw7n6qd269vhjsdj81d40000gn/T/XcodeDistPipeline.RS8/entitlementsVa7CU5
2019-01-17 18:44:45 +0000 [MT] Running /usr/bin/codesign '-vvv' '--force' '--sign' '9CFF4441893024CCDB73853C05536B8ED931ADEA' '--entitlements' '/var/folders/gz/_bncyw7n6qd269vhjsdj81d40000gn/T/XcodeDistPipeline.RS8/entitlementsVa7CU5' '--preserve-metadata=identifier,flags,runtime' '/var/folders/gz/_bncyw7n6qd269vhjsdj81d40000gn/T/XcodeDistPipeline.RS8/Root/Payload/TumainiFund.app/Frameworks/sqlitewrapper.framework'
2019-01-17 18:44:45 +0000  /var/folders/gz/_bncyw7n6qd269vhjsdj81d40000gn/T/XcodeDistPipeline.RS8/Root/Payload/TumainiFund.app/Frameworks/sqlitewrapper.framework: replacing existing signature
2019-01-17 18:44:45 +0000  /var/folders/gz/_bncyw7n6qd269vhjsdj81d40000gn/T/XcodeDistPipeline.RS8/Root/Payload/TumainiFund.app/Frameworks/sqlitewrapper.framework: signed bundle with Mach-O universal (arm64) [technology.master.sqlitewrapper]
2019-01-17 18:44:45 +0000 [MT] /usr/bin/codesign exited with 0
2019-01-17 18:44:45 +0000 [MT] Entitlements for <IDEDistributionItem: 0x7fab46a13830 'org.nativescript.TumainiFundDev2' '<DVTFilePath:0x7fab465dd010:'/Users/cameronriou/Desktop/TumainiFund/TechDay/TumainiFund/platforms/ios/build/archive/TumainiFund.xcarchive/Products/Applications/TumainiFund.app'>'>: {
    "application-identifier" = "FQ4MRV6S87.org.nativescript.TumainiFundDev2";
    "com.apple.developer.team-identifier" = FQ4MRV6S87;
    "get-task-allow" = 1;
    "keychain-access-groups" =     (
        "FQ4MRV6S87."
    );
}
2019-01-17 18:44:45 +0000 [MT] Writing entitlements for <IDEDistributionItem: 0x7fab46a13830 'org.nativescript.TumainiFundDev2' '<DVTFilePath:0x7fab465dd010:'/Users/cameronriou/Desktop/TumainiFund/TechDay/TumainiFund/platforms/ios/build/archive/TumainiFund.xcarchive/Products/Applications/TumainiFund.app'>'> to: /var/folders/gz/_bncyw7n6qd269vhjsdj81d40000gn/T/XcodeDistPipeline.RS8/entitlementsVYUJqT
2019-01-17 18:44:45 +0000 [MT] Running /usr/bin/codesign '-vvv' '--force' '--sign' '9CFF4441893024CCDB73853C05536B8ED931ADEA' '--entitlements' '/var/folders/gz/_bncyw7n6qd269vhjsdj81d40000gn/T/XcodeDistPipeline.RS8/entitlementsVYUJqT' '--preserve-metadata=identifier,flags,runtime' '/var/folders/gz/_bncyw7n6qd269vhjsdj81d40000gn/T/XcodeDistPipeline.RS8/Root/Payload/TumainiFund.app'
2019-01-17 18:44:45 +0000  /var/folders/gz/_bncyw7n6qd269vhjsdj81d40000gn/T/XcodeDistPipeline.RS8/Root/Payload/TumainiFund.app: replacing existing signature
2019-01-17 18:44:46 +0000  /var/folders/gz/_bncyw7n6qd269vhjsdj81d40000gn/T/XcodeDistPipeline.RS8/Root/Payload/TumainiFund.app: signed app bundle with Mach-O thin (arm64) [org.nativescript.TumainiFundDev2]
2019-01-17 18:44:46 +0000  
2019-01-17 18:44:46 +0000 [MT] /usr/bin/codesign exited with 0
2019-01-17 18:44:46 +0000 [MT] Processing step: IDEDistributionZipODRItemStep
2019-01-17 18:44:46 +0000 [MT] Skipping step: IDEDistributionZipODRItemStep because it said so
2019-01-17 18:44:46 +0000 [MT] Skipping step: IDEDistributionZipODRItemStep because it said so
2019-01-17 18:44:46 +0000 [MT] Skipping step: IDEDistributionZipODRItemStep because it said so
2019-01-17 18:44:46 +0000 [MT] Skipping step: IDEDistributionZipODRItemStep because it said so
2019-01-17 18:44:46 +0000 [MT] Skipping step: IDEDistributionZipODRItemStep because it said so
2019-01-17 18:44:46 +0000 [MT] Skipping step: IDEDistributionZipODRItemStep because it said so
2019-01-17 18:44:46 +0000 [MT] Skipping step: IDEDistributionZipODRItemStep because it said so
2019-01-17 18:44:46 +0000 [MT] Processing step: IDEDistributionCreateIPAStep
2019-01-17 18:44:46 +0000 [MT] Running /usr/bin/ditto '-V' '-c' '-k' '--norsrc' '/var/folders/gz/_bncyw7n6qd269vhjsdj81d40000gn/T/XcodeDistPipeline.RS8/Root' '/var/folders/gz/_bncyw7n6qd269vhjsdj81d40000gn/T/XcodeDistPipeline.RS8/Packages/TumainiFund.ipa'
2019-01-17 18:44:46 +0000  >>> Copying /var/folders/gz/_bncyw7n6qd269vhjsdj81d40000gn/T/XcodeDistPipeline.RS8/Root 
2019-01-17 18:44:46 +0000  copying file ./Payload/TumainiFund.app/_CodeSignature/CodeResources ... 
2019-01-17 18:44:46 +0000  29091 bytes for ./Payload/TumainiFund.app/_CodeSignature/CodeResources
copying file ./Payload/TumainiFund.app/LaunchImage@2x.png ... 
2019-01-17 18:44:46 +0000  167637 bytes for ./Payload/TumainiFund.app/LaunchImage@2x.png
2019-01-17 18:44:46 +0000  copying file ./Payload/TumainiFund.app/@3xlogo.png ... 
13170 bytes for ./Payload/TumainiFund.app/@3xlogo.png
2019-01-17 18:44:46 +0000  copying file ./Payload/TumainiFund.app/en.lproj/InfoPlist.strings ... 
42 bytes for ./Payload/TumainiFund.app/en.lproj/InfoPlist.strings
2019-01-17 18:44:46 +0000  copying file ./Payload/TumainiFund.app/@2xlogo.png ... 
2019-01-17 18:44:46 +0000  13170 bytes for ./Payload/TumainiFund.app/@2xlogo.png
2019-01-17 18:44:46 +0000  copying file ./Payload/TumainiFund.app/app/bundle.js ... 
32467 bytes for ./Payload/TumainiFund.app/app/bundle.js
copying file ./Payload/TumainiFund.app/app/vendor.js ... 
2019-01-17 18:44:46 +0000  6070857 bytes for ./Payload/TumainiFund.app/app/vendor.js
copying file ./Payload/TumainiFund.app/app/package.json ... 
2019-01-17 18:44:46 +0000  134 bytes for ./Payload/TumainiFund.app/app/package.json
copying file ./Payload/TumainiFund.app/app/starter.js ... 
39 bytes for ./Payload/TumainiFund.app/app/starter.js
copying file ./Payload/TumainiFund.app/app/assets/images/logo.png ... 
2019-01-17 18:44:46 +0000  13656 bytes for ./Payload/TumainiFund.app/app/assets/images/logo.png
2019-01-17 18:44:46 +0000  copying file ./Payload/TumainiFund.app/AppIcon29x29.png ... 
2019-01-17 18:44:46 +0000  1870 bytes for ./Payload/TumainiFund.app/AppIcon29x29.png
copying file ./Payload/TumainiFund.app/build.xcconfig ... 
2019-01-17 18:44:46 +0000  530 bytes for ./Payload/TumainiFund.app/build.xcconfig
2019-01-17 18:44:46 +0000  copying file ./Payload/TumainiFund.app/LaunchImage-568h@2x.png ... 
2019-01-17 18:44:46 +0000  168743 bytes for ./Payload/TumainiFund.app/LaunchImage-568h@2x.png
2019-01-17 18:44:46 +0000  copying file ./Payload/TumainiFund.app/AppIcon60x60@2x.png ... 
15969 bytes for ./Payload/TumainiFund.app/AppIcon60x60@2x.png
copying file ./Payload/TumainiFund.app/TumainiFund ... 
2019-01-17 18:44:47 +0000  4972688 bytes for ./Payload/TumainiFund.app/TumainiFund
2019-01-17 18:44:47 +0000  copying file ./Payload/TumainiFund.app/AppIcon29x29@2x.png ... 
2019-01-17 18:44:47 +0000  5195 bytes for ./Payload/TumainiFund.app/AppIcon29x29@2x.png
copying file ./Payload/TumainiFund.app/LaunchImage-800-667h@2x.png ... 
2019-01-17 18:44:47 +0000  226417 bytes for ./Payload/TumainiFund.app/LaunchImage-800-667h@2x.png
2019-01-17 18:44:47 +0000  copying file ./Payload/TumainiFund.app/AppIcon40x40@3x.png ... 
15969 bytes for ./Payload/TumainiFund.app/AppIcon40x40@3x.png
copying file ./Payload/TumainiFund.app/AppIcon29x29~ipad.png ... 
2019-01-17 18:44:47 +0000  1870 bytes for ./Payload/TumainiFund.app/AppIcon29x29~ipad.png
copying file ./Payload/TumainiFund.app/AppIcon40x40@2x.png ... 
2019-01-17 18:44:47 +0000  8606 bytes for ./Payload/TumainiFund.app/AppIcon40x40@2x.png
2019-01-17 18:44:47 +0000  copying file ./Payload/TumainiFund.app/AppIcon29x29@3x.png ... 
2019-01-17 18:44:47 +0000  9815 bytes for ./Payload/TumainiFund.app/AppIcon29x29@3x.png
2019-01-17 18:44:47 +0000  copying file ./Payload/TumainiFund.app/AppIcon60x60@3x.png ... 
2019-01-17 18:44:47 +0000  30410 bytes for ./Payload/TumainiFund.app/AppIcon60x60@3x.png
2019-01-17 18:44:47 +0000  copying file ./Payload/TumainiFund.app/Assets.car ... 
2019-01-17 18:44:47 +0000  931208 bytes for ./Payload/TumainiFund.app/Assets.car
copying file ./Payload/TumainiFund.app/AppIcon40x40@2x~ipad.png ... 
2019-01-17 18:44:47 +0000  8606 bytes for ./Payload/TumainiFund.app/AppIcon40x40@2x~ipad.png
copying file ./Payload/TumainiFund.app/logo.png ... 
2019-01-17 18:44:47 +0000  13170 bytes for ./Payload/TumainiFund.app/logo.png
2019-01-17 18:44:47 +0000  copying file ./Payload/TumainiFund.app/AppIcon76x76@2x~ipad.png ... 
2019-01-17 18:44:47 +0000  23116 bytes for ./Payload/TumainiFund.app/AppIcon76x76@2x~ipad.png
2019-01-17 18:44:47 +0000  copying file ./Payload/TumainiFund.app/LaunchImage-800-Portrait-736h@3x.png ... 
2019-01-17 18:44:47 +0000  550060 bytes for ./Payload/TumainiFund.app/LaunchImage-800-Portrait-736h@3x.png
2019-01-17 18:44:47 +0000  copying file ./Payload/TumainiFund.app/@1xlogo.png ... 
13170 bytes for ./Payload/TumainiFund.app/@1xlogo.png
copying file ./Payload/TumainiFund.app/LaunchImage-700@2x.png ... 
2019-01-17 18:44:47 +0000  167637 bytes for ./Payload/TumainiFund.app/LaunchImage-700@2x.png
2019-01-17 18:44:47 +0000  copying file ./Payload/TumainiFund.app/AppIcon83.5x83.5@2x~ipad.png ... 
2019-01-17 18:44:47 +0000  26929 bytes for ./Payload/TumainiFund.app/AppIcon83.5x83.5@2x~ipad.png
2019-01-17 18:44:47 +0000  copying file ./Payload/TumainiFund.app/LaunchImage-700-568h@2x.png ... 
2019-01-17 18:44:47 +0000  168743 bytes for ./Payload/TumainiFund.app/LaunchImage-700-568h@2x.png
2019-01-17 18:44:47 +0000  copying file ./Payload/TumainiFund.app/LaunchScreen.storyboardc/01J-lp-oVM-view-Ze5-6b-2t3.nib ... 
2609 bytes for ./Payload/TumainiFund.app/LaunchScreen.storyboardc/01J-lp-oVM-view-Ze5-6b-2t3.nib
copying file ./Payload/TumainiFund.app/LaunchScreen.storyboardc/UIViewController-01J-lp-oVM.nib ... 
832 bytes for ./Payload/TumainiFund.app/LaunchScreen.storyboardc/UIViewController-01J-lp-oVM.nib
2019-01-17 18:44:47 +0000  copying file ./Payload/TumainiFund.app/LaunchScreen.storyboardc/Info.plist ... 
258 bytes for ./Payload/TumainiFund.app/LaunchScreen.storyboardc/Info.plist
2019-01-17 18:44:47 +0000  copying file ./Payload/TumainiFund.app/AppIcon29x29@2x~ipad.png ... 
2019-01-17 18:44:47 +0000  5195 bytes for ./Payload/TumainiFund.app/AppIcon29x29@2x~ipad.png
2019-01-17 18:44:47 +0000  copying file ./Payload/TumainiFund.app/AppIcon40x40~ipad.png ... 
2019-01-17 18:44:47 +0000  2964 bytes for ./Payload/TumainiFund.app/AppIcon40x40~ipad.png
2019-01-17 18:44:47 +0000  copying file ./Payload/TumainiFund.app/Frameworks/NativeScript.framework/_CodeSignature/CodeResources ... 
2019-01-17 18:44:47 +0000  1798 bytes for ./Payload/TumainiFund.app/Frameworks/NativeScript.framework/_CodeSignature/CodeResources
2019-01-17 18:44:47 +0000  copying file ./Payload/TumainiFund.app/Frameworks/NativeScript.framework/NativeScript ... 
2019-01-17 18:44:48 +0000  15525248 bytes for ./Payload/TumainiFund.app/Frameworks/NativeScript.framework/NativeScript
2019-01-17 18:44:48 +0000  copying file ./Payload/TumainiFund.app/Frameworks/NativeScript.framework/Info.plist ... 
757 bytes for ./Payload/TumainiFund.app/Frameworks/NativeScript.framework/Info.plist
copying file ./Payload/TumainiFund.app/Frameworks/IQKeyboardManager.framework/_CodeSignature/CodeResources ... 
4698 bytes for ./Payload/TumainiFund.app/Frameworks/IQKeyboardManager.framework/_CodeSignature/CodeResources
copying file ./Payload/TumainiFund.app/Frameworks/IQKeyboardManager.framework/IQKeyboardManager.bundle/IQButtonBarArrowRight@2x.png ... 
2019-01-17 18:44:48 +0000  1786 bytes for ./Payload/TumainiFund.app/Frameworks/IQKeyboardManager.framework/IQKeyboardManager.bundle/IQButtonBarArrowRight@2x.png
2019-01-17 18:44:48 +0000  copying file ./Payload/TumainiFund.app/Frameworks/IQKeyboardManager.framework/IQKeyboardManager.bundle/IQButtonBarArrowUp@3x.png ... 
2019-01-17 18:44:48 +0000  2164 bytes for ./Payload/TumainiFund.app/Frameworks/IQKeyboardManager.framework/IQKeyboardManager.bundle/IQButtonBarArrowUp@3x.png
2019-01-17 18:44:48 +0000  copying file ./Payload/TumainiFund.app/Frameworks/IQKeyboardManager.framework/IQKeyboardManager.bundle/IQButtonBarArrowUp@2x.png ... 
2019-01-17 18:44:48 +0000  1769 bytes for ./Payload/TumainiFund.app/Frameworks/IQKeyboardManager.framework/IQKeyboardManager.bundle/IQButtonBarArrowUp@2x.png
copying file ./Payload/TumainiFund.app/Frameworks/IQKeyboardManager.framework/IQKeyboardManager.bundle/IQButtonBarArrowRight@3x.png ... 
2019-01-17 18:44:49 +0000  1844 bytes for ./Payload/TumainiFund.app/Frameworks/IQKeyboardManager.framework/IQKeyboardManager.bundle/IQButtonBarArrowRight@3x.png
2019-01-17 18:44:49 +0000  copying file ./Payload/TumainiFund.app/Frameworks/IQKeyboardManager.framework/IQKeyboardManager.bundle/IQButtonBarArrowLeft@3x.png ... 
2019-01-17 18:44:49 +0000  1815 bytes for ./Payload/TumainiFund.app/Frameworks/IQKeyboardManager.framework/IQKeyboardManager.bundle/IQButtonBarArrowLeft@3x.png
copying file ./Payload/TumainiFund.app/Frameworks/IQKeyboardManager.framework/IQKeyboardManager.bundle/IQButtonBarArrowDown@3x.png ... 
2019-01-17 18:44:49 +0000  2177 bytes for ./Payload/TumainiFund.app/Frameworks/IQKeyboardManager.framework/IQKeyboardManager.bundle/IQButtonBarArrowDown@3x.png
copying file ./Payload/TumainiFund.app/Frameworks/IQKeyboardManager.framework/IQKeyboardManager.bundle/IQButtonBarArrowDown@2x.png ... 
2019-01-17 18:44:49 +0000  1764 bytes for ./Payload/TumainiFund.app/Frameworks/IQKeyboardManager.framework/IQKeyboardManager.bundle/IQButtonBarArrowDown@2x.png
2019-01-17 18:44:49 +0000  copying file ./Payload/TumainiFund.app/Frameworks/IQKeyboardManager.framework/IQKeyboardManager.bundle/IQButtonBarArrowLeft@2x.png ... 
2019-01-17 18:44:49 +0000  1793 bytes for ./Payload/TumainiFund.app/Frameworks/IQKeyboardManager.framework/IQKeyboardManager.bundle/IQButtonBarArrowLeft@2x.png
2019-01-17 18:44:49 +0000  copying file ./Payload/TumainiFund.app/Frameworks/IQKeyboardManager.framework/IQKeyboardManager ... 
2019-01-17 18:44:49 +0000  379856 bytes for ./Payload/TumainiFund.app/Frameworks/IQKeyboardManager.framework/IQKeyboardManager
2019-01-17 18:44:49 +0000  copying file ./Payload/TumainiFund.app/Frameworks/IQKeyboardManager.framework/Info.plist ... 
803 bytes for ./Payload/TumainiFund.app/Frameworks/IQKeyboardManager.framework/Info.plist
copying file ./Payload/TumainiFund.app/Frameworks/sqlitewrapper.framework/_CodeSignature/CodeResources ... 
1798 bytes for ./Payload/TumainiFund.app/Frameworks/sqlitewrapper.framework/_CodeSignature/CodeResources
copying file ./Payload/TumainiFund.app/Frameworks/sqlitewrapper.framework/Info.plist ... 
2019-01-17 18:44:49 +0000  721 bytes for ./Payload/TumainiFund.app/Frameworks/sqlitewrapper.framework/Info.plist
2019-01-17 18:44:49 +0000  copying file ./Payload/TumainiFund.app/Frameworks/sqlitewrapper.framework/sqlitewrapper ... 
2019-01-17 18:44:49 +0000  86784 bytes for ./Payload/TumainiFund.app/Frameworks/sqlitewrapper.framework/sqlitewrapper
2019-01-17 18:44:49 +0000  copying file ./Payload/TumainiFund.app/Frameworks/ISMessages.framework/_CodeSignature/CodeResources ... 
6074 bytes for ./Payload/TumainiFund.app/Frameworks/ISMessages.framework/_CodeSignature/CodeResources
copying file ./Payload/TumainiFund.app/Frameworks/ISMessages.framework/ISMessages ... 
2019-01-17 18:44:49 +0000  139664 bytes for ./Payload/TumainiFund.app/Frameworks/ISMessages.framework/ISMessages
2019-01-17 18:44:49 +0000  copying file ./Payload/TumainiFund.app/Frameworks/ISMessages.framework/ISMessages.bundle/isInfoIcon.png ... 
2325 bytes for ./Payload/TumainiFund.app/Frameworks/ISMessages.framework/ISMessages.bundle/isInfoIcon.png
copying file ./Payload/TumainiFund.app/Frameworks/ISMessages.framework/ISMessages.bundle/isErrorIcon@3x.png ... 
9731 bytes for ./Payload/TumainiFund.app/Frameworks/ISMessages.framework/ISMessages.bundle/isErrorIcon@3x.png
copying file ./Payload/TumainiFund.app/Frameworks/ISMessages.framework/ISMessages.bundle/isWarningIcon@3x.png ... 
2019-01-17 18:44:49 +0000  7766 bytes for ./Payload/TumainiFund.app/Frameworks/ISMessages.framework/ISMessages.bundle/isWarningIcon@3x.png
2019-01-17 18:44:49 +0000  copying file ./Payload/TumainiFund.app/Frameworks/ISMessages.framework/ISMessages.bundle/isErrorIcon.png ... 
2019-01-17 18:44:49 +0000  2684 bytes for ./Payload/TumainiFund.app/Frameworks/ISMessages.framework/ISMessages.bundle/isErrorIcon.png
copying file ./Payload/TumainiFund.app/Frameworks/ISMessages.framework/ISMessages.bundle/isWarningIcon@2x.png ... 
2019-01-17 18:44:49 +0000  5474 bytes for ./Payload/TumainiFund.app/Frameworks/ISMessages.framework/ISMessages.bundle/isWarningIcon@2x.png
2019-01-17 18:44:49 +0000  copying file ./Payload/TumainiFund.app/Frameworks/ISMessages.framework/ISMessages.bundle/isErrorIcon@2x.png ... 
2019-01-17 18:44:49 +0000  6254 bytes for ./Payload/TumainiFund.app/Frameworks/ISMessages.framework/ISMessages.bundle/isErrorIcon@2x.png
2019-01-17 18:44:49 +0000  copying file ./Payload/TumainiFund.app/Frameworks/ISMessages.framework/ISMessages.bundle/isSuccessIcon.png ... 
2019-01-17 18:44:49 +0000  2739 bytes for ./Payload/TumainiFund.app/Frameworks/ISMessages.framework/ISMessages.bundle/isSuccessIcon.png
copying file ./Payload/TumainiFund.app/Frameworks/ISMessages.framework/ISMessages.bundle/isSuccessIcon@2x.png ... 
2019-01-17 18:44:49 +0000  6576 bytes for ./Payload/TumainiFund.app/Frameworks/ISMessages.framework/ISMessages.bundle/isSuccessIcon@2x.png
2019-01-17 18:44:49 +0000  copying file ./Payload/TumainiFund.app/Frameworks/ISMessages.framework/ISMessages.bundle/isWarningIcon.png ... 
2019-01-17 18:44:49 +0000  2339 bytes for ./Payload/TumainiFund.app/Frameworks/ISMessages.framework/ISMessages.bundle/isWarningIcon.png
copying file ./Payload/TumainiFund.app/Frameworks/ISMessages.framework/ISMessages.bundle/isSuccessIcon@3x.png ... 
2019-01-17 18:44:49 +0000  13285 bytes for ./Payload/TumainiFund.app/Frameworks/ISMessages.framework/ISMessages.bundle/isSuccessIcon@3x.png
2019-01-17 18:44:49 +0000  copying file ./Payload/TumainiFund.app/Frameworks/ISMessages.framework/ISMessages.bundle/isInfoIcon@2x.png ... 
5045 bytes for ./Payload/TumainiFund.app/Frameworks/ISMessages.framework/ISMessages.bundle/isInfoIcon@2x.png
copying file ./Payload/TumainiFund.app/Frameworks/ISMessages.framework/ISMessages.bundle/isInfoIcon@3x.png ... 
2019-01-17 18:44:49 +0000  7726 bytes for ./Payload/TumainiFund.app/Frameworks/ISMessages.framework/ISMessages.bundle/isInfoIcon@3x.png
2019-01-17 18:44:49 +0000  copying file ./Payload/TumainiFund.app/Frameworks/ISMessages.framework/ISMessages.bundle/Info.plist ... 
2019-01-17 18:44:49 +0000  762 bytes for ./Payload/TumainiFund.app/Frameworks/ISMessages.framework/ISMessages.bundle/Info.plist
copying file ./Payload/TumainiFund.app/Frameworks/ISMessages.framework/Info.plist ... 
2019-01-17 18:44:49 +0000  787 bytes for ./Payload/TumainiFund.app/Frameworks/ISMessages.framework/Info.plist
2019-01-17 18:44:49 +0000  copying file ./Payload/TumainiFund.app/Frameworks/TNSWidgets.framework/_CodeSignature/CodeResources ... 
2019-01-17 18:44:49 +0000  1798 bytes for ./Payload/TumainiFund.app/Frameworks/TNSWidgets.framework/_CodeSignature/CodeResources
2019-01-17 18:44:49 +0000  copying file ./Payload/TumainiFund.app/Frameworks/TNSWidgets.framework/TNSWidgets ... 
2019-01-17 18:44:49 +0000  102000 bytes for ./Payload/TumainiFund.app/Frameworks/TNSWidgets.framework/TNSWidgets
2019-01-17 18:44:49 +0000  copying file ./Payload/TumainiFund.app/Frameworks/TNSWidgets.framework/Info.plist ... 
742 bytes for ./Payload/TumainiFund.app/Frameworks/TNSWidgets.framework/Info.plist
copying file ./Payload/TumainiFund.app/Frameworks/SAMKeychain.framework/_CodeSignature/CodeResources ... 
2267 bytes for ./Payload/TumainiFund.app/Frameworks/SAMKeychain.framework/_CodeSignature/CodeResources
copying file ./Payload/TumainiFund.app/Frameworks/SAMKeychain.framework/SAMKeychain ... 
2019-01-17 18:44:49 +0000  114720 bytes for ./Payload/TumainiFund.app/Frameworks/SAMKeychain.framework/SAMKeychain
2019-01-17 18:44:49 +0000  copying file ./Payload/TumainiFund.app/Frameworks/SAMKeychain.framework/SAMKeychain.bundle/en.lproj/SAMKeychain.strings ... 
1580 bytes for ./Payload/TumainiFund.app/Frameworks/SAMKeychain.framework/SAMKeychain.bundle/en.lproj/SAMKeychain.strings
copying file ./Payload/TumainiFund.app/Frameworks/SAMKeychain.framework/Info.plist ... 
2019-01-17 18:44:49 +0000  789 bytes for ./Payload/TumainiFund.app/Frameworks/SAMKeychain.framework/Info.plist
copying file ./Payload/TumainiFund.app/LaunchImage.png ... 
2019-01-17 18:44:49 +0000  51260 bytes for ./Payload/TumainiFund.app/LaunchImage.png
2019-01-17 18:44:49 +0000  copying file ./Payload/TumainiFund.app/embedded.mobileprovision ... 
2019-01-17 18:44:49 +0000  9620 bytes for ./Payload/TumainiFund.app/embedded.mobileprovision
2019-01-17 18:44:49 +0000  copying file ./Payload/TumainiFund.app/LaunchImage-800-Landscape-736h@3x.png ... 
2019-01-17 18:44:49 +0000  563030 bytes for ./Payload/TumainiFund.app/LaunchImage-800-Landscape-736h@3x.png
2019-01-17 18:44:49 +0000  copying file ./Payload/TumainiFund.app/Info.plist ... 
1986 bytes for ./Payload/TumainiFund.app/Info.plist
copying file ./Payload/TumainiFund.app/PkgInfo ... 
8 bytes for ./Payload/TumainiFund.app/PkgInfo
copying file ./Payload/TumainiFund.app/AppIcon76x76~ipad.png ... 
7902 bytes for ./Payload/TumainiFund.app/AppIcon76x76~ipad.png
2019-01-17 18:44:49 +0000 [MT] /usr/bin/ditto exited with 0
2019-01-17 18:44:49 +0000 [MT] Processing step: IDEDistributionAppStoreInformationStep
2019-01-17 18:44:49 +0000 [MT] Skipping step: IDEDistributionAppStoreInformationStep because it said so
2019-01-17 18:44:49 +0000 [MT] Processing step: IDEDistributionCreateManifestStep
